[0.101s] DEBUG:colcon:Command line arguments: ['/usr/bin/colcon', 'build', '--packages-select', 'decipher']
[0.101s] DEBUG:colcon:Parsed command line arguments: Namespace(log_base=None, log_level=None, verb_name='build', build_base='build', install_base='install', merge_install=False, symlink_install=False, test_result_base=None, continue_on_error=False, executor='parallel', parallel_workers=14, event_handlers=None, ignore_user_meta=False, metas=['./colcon.meta'], base_paths=['.'], packages_ignore=None, packages_ignore_regex=None, paths=None, packages_up_to=None, packages_up_to_regex=None, packages_above=None, packages_above_and_dependencies=None, packages_above_depth=None, packages_select_by_dep=None, packages_skip_by_dep=None, packages_skip_up_to=None, packages_select_build_failed=False, packages_skip_build_finished=False, packages_select_test_failures=False, packages_skip_test_passed=False, packages_select=['decipher'], packages_skip=None, packages_select_regex=None, packages_skip_regex=None, packages_start=None, packages_end=None, allow_overriding=[], cmake_args=None, cmake_target=None, cmake_target_skip_unavailable=False, cmake_clean_cache=False, cmake_clean_first=False, cmake_force_configure=False, ament_cmake_args=None, catkin_cmake_args=None, catkin_skip_building_tests=False, verb_parser=<colcon_defaults.argument_parser.defaults.DefaultArgumentsDecorator object at 0x72ad29a800d0>, verb_extension=<colcon_core.verb.build.BuildVerb object at 0x72ad29a4bb80>, main=<bound method BuildVerb.main of <colcon_core.verb.build.BuildVerb object at 0x72ad29a4bb80>>)
[0.223s] Level 1:colcon.colcon_core.package_discovery:discover_packages(colcon_meta) check parameters
[0.224s] Level 1:colcon.colcon_core.package_discovery:discover_packages(recursive) check parameters
[0.224s] Level 1:colcon.colcon_core.package_discovery:discover_packages(ignore) check parameters
[0.224s] Level 1:colcon.colcon_core.package_discovery:discover_packages(path) check parameters
[0.224s] Level 1:colcon.colcon_core.package_discovery:discover_packages(colcon_meta) discover
[0.224s] Level 1:colcon.colcon_core.package_discovery:discover_packages(recursive) discover
[0.224s] INFO:colcon.colcon_core.package_discovery:Crawling recursively for packages in '/home/ash/ros2_ws'
[0.224s] Level 1:colcon.colcon_core.package_identification:_identify(.) by extensions ['ignore', 'ignore_ament_install']
[0.224s] Level 1:colcon.colcon_core.package_identification:_identify(.) by extension 'ignore'
[0.224s] Level 1:colcon.colcon_core.package_identification:_identify(.) by extension 'ignore_ament_install'
[0.224s] Level 1:colcon.colcon_core.package_identification:_identify(.) by extensions ['colcon_pkg']
[0.224s] Level 1:colcon.colcon_core.package_identification:_identify(.) by extension 'colcon_pkg'
[0.224s] Level 1:colcon.colcon_core.package_identification:_identify(.) by extensions ['colcon_meta']
[0.224s] Level 1:colcon.colcon_core.package_identification:_identify(.) by extension 'colcon_meta'
[0.224s] Level 1:colcon.colcon_core.package_identification:_identify(.) by extensions ['ros']
[0.224s] Level 1:colcon.colcon_core.package_identification:_identify(.) by extension 'ros'
[0.234s] Level 1:colcon.colcon_core.package_identification:_identify(.) by extensions ['cmake', 'python']
[0.234s] Level 1:colcon.colcon_core.package_identification:_identify(.) by extension 'cmake'
[0.234s] Level 1:colcon.colcon_core.package_identification:_identify(.) by extension 'python'
[0.234s] Level 1:colcon.colcon_core.package_identification:_identify(.) by extensions ['python_setup_py']
[0.234s] Level 1:colcon.colcon_core.package_identification:_identify(.) by extension 'python_setup_py'
[0.234s] Level 1:colcon.colcon_core.package_identification:_identify(build) by extensions ['ignore', 'ignore_ament_install']
[0.235s] Level 1:colcon.colcon_core.package_identification:_identify(build) by extension 'ignore'
[0.235s] Level 1:colcon.colcon_core.package_identification:_identify(build) ignored
[0.235s] Level 1:colcon.colcon_core.package_identification:_identify(install) by extensions ['ignore', 'ignore_ament_install']
[0.235s] Level 1:colcon.colcon_core.package_identification:_identify(install) by extension 'ignore'
[0.235s] Level 1:colcon.colcon_core.package_identification:_identify(install) ignored
[0.235s] Level 1:colcon.colcon_core.package_identification:_identify(log) by extensions ['ignore', 'ignore_ament_install']
[0.235s] Level 1:colcon.colcon_core.package_identification:_identify(log) by extension 'ignore'
[0.235s] Level 1:colcon.colcon_core.package_identification:_identify(log) ignored
[0.235s] Level 1:colcon.colcon_core.package_identification:_identify(src) by extensions ['ignore', 'ignore_ament_install']
[0.235s] Level 1:colcon.colcon_core.package_identification:_identify(src) by extension 'ignore'
[0.235s] Level 1:colcon.colcon_core.package_identification:_identify(src) by extension 'ignore_ament_install'
[0.235s] Level 1:colcon.colcon_core.package_identification:_identify(src) by extensions ['colcon_pkg']
[0.235s] Level 1:colcon.colcon_core.package_identification:_identify(src) by extension 'colcon_pkg'
[0.235s] Level 1:colcon.colcon_core.package_identification:_identify(src) by extensions ['colcon_meta']
[0.235s] Level 1:colcon.colcon_core.package_identification:_identify(src) by extension 'colcon_meta'
[0.235s] Level 1:colcon.colcon_core.package_identification:_identify(src) by extensions ['ros']
[0.235s] Level 1:colcon.colcon_core.package_identification:_identify(src) by extension 'ros'
[0.235s] Level 1:colcon.colcon_core.package_identification:_identify(src) by extensions ['cmake', 'python']
[0.235s] Level 1:colcon.colcon_core.package_identification:_identify(src) by extension 'cmake'
[0.235s] Level 1:colcon.colcon_core.package_identification:_identify(src) by extension 'python'
[0.235s] Level 1:colcon.colcon_core.package_identification:_identify(src) by extensions ['python_setup_py']
[0.235s] Level 1:colcon.colcon_core.package_identification:_identify(src) by extension 'python_setup_py'
[0.235s] Level 1:colcon.colcon_core.package_identification:_identify(src/cipher_interfaces) by extensions ['ignore', 'ignore_ament_install']
[0.235s] Level 1:colcon.colcon_core.package_identification:_identify(src/cipher_interfaces) by extension 'ignore'
[0.236s] Level 1:colcon.colcon_core.package_identification:_identify(src/cipher_interfaces) by extension 'ignore_ament_install'
[0.236s] Level 1:colcon.colcon_core.package_identification:_identify(src/cipher_interfaces) by extensions ['colcon_pkg']
[0.236s] Level 1:colcon.colcon_core.package_identification:_identify(src/cipher_interfaces) by extension 'colcon_pkg'
[0.236s] Level 1:colcon.colcon_core.package_identification:_identify(src/cipher_interfaces) by extensions ['colcon_meta']
[0.236s] Level 1:colcon.colcon_core.package_identification:_identify(src/cipher_interfaces) by extension 'colcon_meta'
[0.236s] Level 1:colcon.colcon_core.package_identification:_identify(src/cipher_interfaces) by extensions ['ros']
[0.236s] Level 1:colcon.colcon_core.package_identification:_identify(src/cipher_interfaces) by extension 'ros'
[0.238s] DEBUG:colcon.colcon_core.package_identification:Package 'src/cipher_interfaces' with type 'ros.ament_cmake' and name 'cipher_interfaces'
[0.238s] Level 1:colcon.colcon_core.package_identification:_identify(src/decipher) by extensions ['ignore', 'ignore_ament_install']
[0.238s] Level 1:colcon.colcon_core.package_identification:_identify(src/decipher) by extension 'ignore'
[0.238s] Level 1:colcon.colcon_core.package_identification:_identify(src/decipher) by extension 'ignore_ament_install'
[0.238s] Level 1:colcon.colcon_core.package_identification:_identify(src/decipher) by extensions ['colcon_pkg']
[0.238s] Level 1:colcon.colcon_core.package_identification:_identify(src/decipher) by extension 'colcon_pkg'
[0.238s] Level 1:colcon.colcon_core.package_identification:_identify(src/decipher) by extensions ['colcon_meta']
[0.238s] Level 1:colcon.colcon_core.package_identification:_identify(src/decipher) by extension 'colcon_meta'
[0.238s] Level 1:colcon.colcon_core.package_identification:_identify(src/decipher) by extensions ['ros']
[0.238s] Level 1:colcon.colcon_core.package_identification:_identify(src/decipher) by extension 'ros'
[0.238s] DEBUG:colcon.colcon_core.package_identification:Package 'src/decipher' with type 'ros.ament_cmake' and name 'decipher'
[0.238s] Level 1:colcon.colcon_core.package_discovery:discover_packages(recursive) using defaults
[0.239s] Level 1:colcon.colcon_core.package_discovery:discover_packages(ignore) discover
[0.239s] Level 1:colcon.colcon_core.package_discovery:discover_packages(ignore) using defaults
[0.239s] Level 1:colcon.colcon_core.package_discovery:discover_packages(path) discover
[0.239s] Level 1:colcon.colcon_core.package_discovery:discover_packages(path) using defaults
[0.262s] INFO:colcon.colcon_core.package_selection:Skipping not selected package 'cipher_interfaces' in 'src/cipher_interfaces'
[0.262s] Level 1:colcon.colcon_core.package_discovery:discover_packages(prefix_path) check parameters
[0.262s] Level 1:colcon.colcon_core.package_discovery:discover_packages(prefix_path) discover
[0.264s] DEBUG:colcon.colcon_installed_package_information.package_discovery:Found 2 installed packages in /home/ash/ros2_ws/install
[0.265s] DEBUG:colcon.colcon_installed_package_information.package_discovery:Found 293 installed packages in /opt/ros/humble
[0.266s] Level 1:colcon.colcon_core.package_discovery:discover_packages(prefix_path) using defaults
[0.298s] Level 5:colcon.colcon_core.verb:set package 'decipher' build argument 'cmake_args' from command line to 'None'
[0.298s] Level 5:colcon.colcon_core.verb:set package 'decipher' build argument 'cmake_target' from command line to 'None'
[0.298s] Level 5:colcon.colcon_core.verb:set package 'decipher' build argument 'cmake_target_skip_unavailable' from command line to 'False'
[0.298s] Level 5:colcon.colcon_core.verb:set package 'decipher' build argument 'cmake_clean_cache' from command line to 'False'
[0.298s] Level 5:colcon.colcon_core.verb:set package 'decipher' build argument 'cmake_clean_first' from command line to 'False'
[0.298s] Level 5:colcon.colcon_core.verb:set package 'decipher' build argument 'cmake_force_configure' from command line to 'False'
[0.298s] Level 5:colcon.colcon_core.verb:set package 'decipher' build argument 'ament_cmake_args' from command line to 'None'
[0.298s] Level 5:colcon.colcon_core.verb:set package 'decipher' build argument 'catkin_cmake_args' from command line to 'None'
[0.298s] Level 5:colcon.colcon_core.verb:set package 'decipher' build argument 'catkin_skip_building_tests' from command line to 'False'
[0.298s] DEBUG:colcon.colcon_core.verb:Building package 'decipher' with the following arguments: {'ament_cmake_args': None, 'build_base': '/home/ash/ros2_ws/build/decipher', 'catkin_cmake_args': None, 'catkin_skip_building_tests': False, 'cmake_args': None, 'cmake_clean_cache': False, 'cmake_clean_first': False, 'cmake_force_configure': False, 'cmake_target': None, 'cmake_target_skip_unavailable': False, 'install_base': '/home/ash/ros2_ws/install/decipher', 'merge_install': False, 'path': '/home/ash/ros2_ws/src/decipher', 'symlink_install': False, 'test_result_base': None}
[0.299s] INFO:colcon.colcon_core.executor:Executing jobs using 'parallel' executor
[0.300s] DEBUG:colcon.colcon_parallel_executor.executor.parallel:run_until_complete
[0.300s] INFO:colcon.colcon_ros.task.ament_cmake.build:Building ROS package in '/home/ash/ros2_ws/src/decipher' with build type 'ament_cmake'
[0.300s] INFO:colcon.colcon_cmake.task.cmake.build:Building CMake package in '/home/ash/ros2_ws/src/decipher'
[0.304s] INFO:colcon.colcon_core.plugin_system:Skipping extension 'colcon_core.shell.bat': Not used on non-Windows systems
[0.304s] INFO:colcon.colcon_core.shell:Skip shell extension 'powershell' for command environment: Not usable outside of PowerShell
[0.304s] DEBUG:colcon.colcon_core.shell:Skip shell extension 'dsv' for command environment
[0.343s] DEBUG:colcon.colcon_core.event_handler.log_command:Invoking command in '/home/ash/ros2_ws/build/decipher': CMAKE_PREFIX_PATH=/home/ash/ros2_ws/install/cipher_interfaces:/home/ash/ros2_ws/install/decipher:/opt/ros/humble /usr/bin/cmake --build /home/ash/ros2_ws/build/decipher -- -j14 -l14
[6.159s] DEBUG:colcon.colcon_core.event_handler.log_command:Invoked command in '/home/ash/ros2_ws/build/decipher' returned '0': CMAKE_PREFIX_PATH=/home/ash/ros2_ws/install/cipher_interfaces:/home/ash/ros2_ws/install/decipher:/opt/ros/humble /usr/bin/cmake --build /home/ash/ros2_ws/build/decipher -- -j14 -l14
[6.288s] DEBUG:colcon.colcon_core.event_handler.log_command:Invoking command in '/home/ash/ros2_ws/build/decipher': CMAKE_PREFIX_PATH=/home/ash/ros2_ws/install/cipher_interfaces:/home/ash/ros2_ws/install/decipher:/opt/ros/humble /usr/bin/cmake --install /home/ash/ros2_ws/build/decipher
[6.304s] Level 1:colcon.colcon_core.environment:create_environment_scripts_only(decipher)
[6.314s] DEBUG:colcon.colcon_core.event_handler.log_command:Invoked command in '/home/ash/ros2_ws/build/decipher' returned '0': CMAKE_PREFIX_PATH=/home/ash/ros2_ws/install/cipher_interfaces:/home/ash/ros2_ws/install/decipher:/opt/ros/humble /usr/bin/cmake --install /home/ash/ros2_ws/build/decipher
[6.318s] Level 1:colcon.colcon_core.environment:checking '/home/ash/ros2_ws/install/decipher' for CMake module files
[6.319s] Level 1:colcon.colcon_core.environment:checking '/home/ash/ros2_ws/install/decipher' for CMake config files
[6.319s] Level 1:colcon.colcon_core.shell:create_environment_hook('decipher', 'cmake_prefix_path')
[6.319s] INFO:colcon.colcon_core.shell:Creating environment hook '/home/ash/ros2_ws/install/decipher/share/decipher/hook/cmake_prefix_path.ps1'
[6.323s] INFO:colcon.colcon_core.shell:Creating environment descriptor '/home/ash/ros2_ws/install/decipher/share/decipher/hook/cmake_prefix_path.dsv'
[6.336s] INFO:colcon.colcon_core.shell:Creating environment hook '/home/ash/ros2_ws/install/decipher/share/decipher/hook/cmake_prefix_path.sh'
[6.340s] Level 1:colcon.colcon_core.environment:checking '/home/ash/ros2_ws/install/decipher/lib'
[6.340s] Level 1:colcon.colcon_core.environment:checking '/home/ash/ros2_ws/install/decipher/bin'
[6.340s] Level 1:colcon.colcon_core.environment:checking '/home/ash/ros2_ws/install/decipher/lib/pkgconfig/decipher.pc'
[6.341s] Level 1:colcon.colcon_core.environment:checking '/home/ash/ros2_ws/install/decipher/lib/python3.10/site-packages'
[6.341s] Level 1:colcon.colcon_core.environment:checking '/home/ash/ros2_ws/install/decipher/bin'
[6.341s] INFO:colcon.colcon_core.shell:Creating package script '/home/ash/ros2_ws/install/decipher/share/decipher/package.ps1'
[6.342s] INFO:colcon.colcon_core.shell:Creating package descriptor '/home/ash/ros2_ws/install/decipher/share/decipher/package.dsv'
[6.343s] INFO:colcon.colcon_core.shell:Creating package script '/home/ash/ros2_ws/install/decipher/share/decipher/package.sh'
[6.345s] INFO:colcon.colcon_core.shell:Creating package script '/home/ash/ros2_ws/install/decipher/share/decipher/package.bash'
[6.345s] INFO:colcon.colcon_core.shell:Creating package script '/home/ash/ros2_ws/install/decipher/share/decipher/package.zsh'
[6.346s] Level 1:colcon.colcon_core.environment:create_file_with_runtime_dependencies(/home/ash/ros2_ws/install/decipher/share/colcon-core/packages/decipher)
[6.590s] Level 1:colcon.colcon_core.environment:create_environment_scripts_only(decipher)
[6.590s] Level 1:colcon.colcon_core.environment:checking '/home/ash/ros2_ws/install/decipher' for CMake module files
[6.591s] Level 1:colcon.colcon_core.environment:checking '/home/ash/ros2_ws/install/decipher' for CMake config files
[6.591s] Level 1:colcon.colcon_core.shell:create_environment_hook('decipher', 'cmake_prefix_path')
[6.592s] INFO:colcon.colcon_core.shell:Creating environment hook '/home/ash/ros2_ws/install/decipher/share/decipher/hook/cmake_prefix_path.ps1'
[6.592s] INFO:colcon.colcon_core.shell:Creating environment descriptor '/home/ash/ros2_ws/install/decipher/share/decipher/hook/cmake_prefix_path.dsv'
[6.593s] INFO:colcon.colcon_core.shell:Creating environment hook '/home/ash/ros2_ws/install/decipher/share/decipher/hook/cmake_prefix_path.sh'
[6.594s] Level 1:colcon.colcon_core.environment:checking '/home/ash/ros2_ws/install/decipher/lib'
[6.594s] Level 1:colcon.colcon_core.environment:checking '/home/ash/ros2_ws/install/decipher/bin'
[6.595s] Level 1:colcon.colcon_core.environment:checking '/home/ash/ros2_ws/install/decipher/lib/pkgconfig/decipher.pc'
[6.595s] Level 1:colcon.colcon_core.environment:checking '/home/ash/ros2_ws/install/decipher/lib/python3.10/site-packages'
[6.595s] Level 1:colcon.colcon_core.environment:checking '/home/ash/ros2_ws/install/decipher/bin'
[6.595s] INFO:colcon.colcon_core.shell:Creating package script '/home/ash/ros2_ws/install/decipher/share/decipher/package.ps1'
[6.596s] INFO:colcon.colcon_core.shell:Creating package descriptor '/home/ash/ros2_ws/install/decipher/share/decipher/package.dsv'
[6.598s] INFO:colcon.colcon_core.shell:Creating package script '/home/ash/ros2_ws/install/decipher/share/decipher/package.sh'
[6.599s] INFO:colcon.colcon_core.shell:Creating package script '/home/ash/ros2_ws/install/decipher/share/decipher/package.bash'
[6.600s] INFO:colcon.colcon_core.shell:Creating package script '/home/ash/ros2_ws/install/decipher/share/decipher/package.zsh'
[6.600s] Level 1:colcon.colcon_core.environment:create_file_with_runtime_dependencies(/home/ash/ros2_ws/install/decipher/share/colcon-core/packages/decipher)
[6.601s] DEBUG:colcon.colcon_parallel_executor.executor.parallel:closing loop
[6.603s] DEBUG:colcon.colcon_parallel_executor.executor.parallel:loop closed
[6.604s] DEBUG:colcon.colcon_parallel_executor.executor.parallel:run_until_complete finished with '0'
[6.604s] DEBUG:colcon.colcon_core.event_reactor:joining thread
[6.611s] INFO:colcon.colcon_core.plugin_system:Skipping extension 'colcon_notification.desktop_notification.terminal_notifier': Not used on non-Darwin systems
[6.611s] INFO:colcon.colcon_core.plugin_system:Skipping extension 'colcon_notification.desktop_notification.win32': Not used on non-Windows systems
[6.611s] INFO:colcon.colcon_notification.desktop_notification:Sending desktop notification using 'notify2'
[6.657s] DEBUG:colcon.colcon_core.event_reactor:joined thread
[6.658s] INFO:colcon.colcon_core.shell:Creating prefix script '/home/ash/ros2_ws/install/local_setup.ps1'
[6.659s] INFO:colcon.colcon_core.shell:Creating prefix util module '/home/ash/ros2_ws/install/_local_setup_util_ps1.py'
[6.664s] INFO:colcon.colcon_core.shell:Creating prefix chain script '/home/ash/ros2_ws/install/setup.ps1'
[6.666s] INFO:colcon.colcon_core.shell:Creating prefix script '/home/ash/ros2_ws/install/local_setup.sh'
[6.668s] INFO:colcon.colcon_core.shell:Creating prefix util module '/home/ash/ros2_ws/install/_local_setup_util_sh.py'
[6.668s] INFO:colcon.colcon_core.shell:Creating prefix chain script '/home/ash/ros2_ws/install/setup.sh'
[6.670s] INFO:colcon.colcon_core.shell:Creating prefix script '/home/ash/ros2_ws/install/local_setup.bash'
[6.670s] INFO:colcon.colcon_core.shell:Creating prefix chain script '/home/ash/ros2_ws/install/setup.bash'
[6.671s] INFO:colcon.colcon_core.shell:Creating prefix script '/home/ash/ros2_ws/install/local_setup.zsh'
[6.672s] INFO:colcon.colcon_core.shell:Creating prefix chain script '/home/ash/ros2_ws/install/setup.zsh'
