[0.114s] DEBUG:colcon:Command line arguments: ['/usr/bin/colcon', 'build']
[0.114s] DEBUG:colcon:Parsed command line arguments: Namespace(log_base=None, log_level=None, verb_name='build', build_base='build', install_base='install', merge_install=False, symlink_install=False, test_result_base=None, continue_on_error=False, executor='parallel', parallel_workers=14, event_handlers=None, ignore_user_meta=False, metas=['./colcon.meta'], base_paths=['.'], packages_ignore=None, packages_ignore_regex=None, paths=None, packages_up_to=None, packages_up_to_regex=None, packages_above=None, packages_above_and_dependencies=None, packages_above_depth=None, packages_select_by_dep=None, packages_skip_by_dep=None, packages_skip_up_to=None, packages_select_build_failed=False, packages_skip_build_finished=False, packages_select_test_failures=False, packages_skip_test_passed=False, packages_select=None, packages_skip=None, packages_select_regex=None, packages_skip_regex=None, packages_start=None, packages_end=None, allow_overriding=[], cmake_args=None, cmake_target=None, cmake_target_skip_unavailable=False, cmake_clean_cache=False, cmake_clean_first=False, cmake_force_configure=False, ament_cmake_args=None, catkin_cmake_args=None, catkin_skip_building_tests=False, verb_parser=<colcon_defaults.argument_parser.defaults.DefaultArgumentsDecorator object at 0x7bb36aa4fe50>, verb_extension=<colcon_core.verb.build.BuildVerb object at 0x7bb36aa4f940>, main=<bound method BuildVerb.main of <colcon_core.verb.build.BuildVerb object at 0x7bb36aa4f940>>)
[0.288s] Level 1:colcon.colcon_core.package_discovery:discover_packages(colcon_meta) check parameters
[0.289s] Level 1:colcon.colcon_core.package_discovery:discover_packages(recursive) check parameters
[0.289s] Level 1:colcon.colcon_core.package_discovery:discover_packages(ignore) check parameters
[0.289s] Level 1:colcon.colcon_core.package_discovery:discover_packages(path) check parameters
[0.289s] Level 1:colcon.colcon_core.package_discovery:discover_packages(colcon_meta) discover
[0.289s] Level 1:colcon.colcon_core.package_discovery:discover_packages(recursive) discover
[0.289s] INFO:colcon.colcon_core.package_discovery:Crawling recursively for packages in '/home/ash/ros2_ws'
[0.289s] Level 1:colcon.colcon_core.package_identification:_identify(.) by extensions ['ignore', 'ignore_ament_install']
[0.289s] Level 1:colcon.colcon_core.package_identification:_identify(.) by extension 'ignore'
[0.289s] Level 1:colcon.colcon_core.package_identification:_identify(.) by extension 'ignore_ament_install'
[0.289s] Level 1:colcon.colcon_core.package_identification:_identify(.) by extensions ['colcon_pkg']
[0.289s] Level 1:colcon.colcon_core.package_identification:_identify(.) by extension 'colcon_pkg'
[0.289s] Level 1:colcon.colcon_core.package_identification:_identify(.) by extensions ['colcon_meta']
[0.289s] Level 1:colcon.colcon_core.package_identification:_identify(.) by extension 'colcon_meta'
[0.289s] Level 1:colcon.colcon_core.package_identification:_identify(.) by extensions ['ros']
[0.289s] Level 1:colcon.colcon_core.package_identification:_identify(.) by extension 'ros'
[0.303s] Level 1:colcon.colcon_core.package_identification:_identify(.) by extensions ['cmake', 'python']
[0.303s] Level 1:colcon.colcon_core.package_identification:_identify(.) by extension 'cmake'
[0.303s] Level 1:colcon.colcon_core.package_identification:_identify(.) by extension 'python'
[0.303s] Level 1:colcon.colcon_core.package_identification:_identify(.) by extensions ['python_setup_py']
[0.303s] Level 1:colcon.colcon_core.package_identification:_identify(.) by extension 'python_setup_py'
[0.303s] Level 1:colcon.colcon_core.package_identification:_identify(build) by extensions ['ignore', 'ignore_ament_install']
[0.303s] Level 1:colcon.colcon_core.package_identification:_identify(build) by extension 'ignore'
[0.303s] Level 1:colcon.colcon_core.package_identification:_identify(build) ignored
[0.303s] Level 1:colcon.colcon_core.package_identification:_identify(install) by extensions ['ignore', 'ignore_ament_install']
[0.303s] Level 1:colcon.colcon_core.package_identification:_identify(install) by extension 'ignore'
[0.304s] Level 1:colcon.colcon_core.package_identification:_identify(install) ignored
[0.304s] Level 1:colcon.colcon_core.package_identification:_identify(log) by extensions ['ignore', 'ignore_ament_install']
[0.304s] Level 1:colcon.colcon_core.package_identification:_identify(log) by extension 'ignore'
[0.304s] Level 1:colcon.colcon_core.package_identification:_identify(log) ignored
[0.304s] Level 1:colcon.colcon_core.package_identification:_identify(src) by extensions ['ignore', 'ignore_ament_install']
[0.304s] Level 1:colcon.colcon_core.package_identification:_identify(src) by extension 'ignore'
[0.304s] Level 1:colcon.colcon_core.package_identification:_identify(src) by extension 'ignore_ament_install'
[0.304s] Level 1:colcon.colcon_core.package_identification:_identify(src) by extensions ['colcon_pkg']
[0.304s] Level 1:colcon.colcon_core.package_identification:_identify(src) by extension 'colcon_pkg'
[0.304s] Level 1:colcon.colcon_core.package_identification:_identify(src) by extensions ['colcon_meta']
[0.304s] Level 1:colcon.colcon_core.package_identification:_identify(src) by extension 'colcon_meta'
[0.304s] Level 1:colcon.colcon_core.package_identification:_identify(src) by extensions ['ros']
[0.304s] Level 1:colcon.colcon_core.package_identification:_identify(src) by extension 'ros'
[0.304s] Level 1:colcon.colcon_core.package_identification:_identify(src) by extensions ['cmake', 'python']
[0.304s] Level 1:colcon.colcon_core.package_identification:_identify(src) by extension 'cmake'
[0.304s] Level 1:colcon.colcon_core.package_identification:_identify(src) by extension 'python'
[0.304s] Level 1:colcon.colcon_core.package_identification:_identify(src) by extensions ['python_setup_py']
[0.304s] Level 1:colcon.colcon_core.package_identification:_identify(src) by extension 'python_setup_py'
[0.304s] Level 1:colcon.colcon_core.package_identification:_identify(src/cipher_interfaces) by extensions ['ignore', 'ignore_ament_install']
[0.304s] Level 1:colcon.colcon_core.package_identification:_identify(src/cipher_interfaces) by extension 'ignore'
[0.304s] Level 1:colcon.colcon_core.package_identification:_identify(src/cipher_interfaces) by extension 'ignore_ament_install'
[0.304s] Level 1:colcon.colcon_core.package_identification:_identify(src/cipher_interfaces) by extensions ['colcon_pkg']
[0.304s] Level 1:colcon.colcon_core.package_identification:_identify(src/cipher_interfaces) by extension 'colcon_pkg'
[0.304s] Level 1:colcon.colcon_core.package_identification:_identify(src/cipher_interfaces) by extensions ['colcon_meta']
[0.304s] Level 1:colcon.colcon_core.package_identification:_identify(src/cipher_interfaces) by extension 'colcon_meta'
[0.305s] Level 1:colcon.colcon_core.package_identification:_identify(src/cipher_interfaces) by extensions ['ros']
[0.305s] Level 1:colcon.colcon_core.package_identification:_identify(src/cipher_interfaces) by extension 'ros'
[0.307s] DEBUG:colcon.colcon_core.package_identification:Package 'src/cipher_interfaces' with type 'ros.ament_cmake' and name 'cipher_interfaces'
[0.307s] Level 1:colcon.colcon_core.package_identification:_identify(src/decipher) by extensions ['ignore', 'ignore_ament_install']
[0.307s] Level 1:colcon.colcon_core.package_identification:_identify(src/decipher) by extension 'ignore'
[0.307s] Level 1:colcon.colcon_core.package_identification:_identify(src/decipher) by extension 'ignore_ament_install'
[0.307s] Level 1:colcon.colcon_core.package_identification:_identify(src/decipher) by extensions ['colcon_pkg']
[0.308s] Level 1:colcon.colcon_core.package_identification:_identify(src/decipher) by extension 'colcon_pkg'
[0.308s] Level 1:colcon.colcon_core.package_identification:_identify(src/decipher) by extensions ['colcon_meta']
[0.308s] Level 1:colcon.colcon_core.package_identification:_identify(src/decipher) by extension 'colcon_meta'
[0.308s] Level 1:colcon.colcon_core.package_identification:_identify(src/decipher) by extensions ['ros']
[0.308s] Level 1:colcon.colcon_core.package_identification:_identify(src/decipher) by extension 'ros'
[0.308s] DEBUG:colcon.colcon_core.package_identification:Package 'src/decipher' with type 'ros.ament_cmake' and name 'decipher'
[0.308s] Level 1:colcon.colcon_core.package_discovery:discover_packages(recursive) using defaults
[0.309s] Level 1:colcon.colcon_core.package_discovery:discover_packages(ignore) discover
[0.309s] Level 1:colcon.colcon_core.package_discovery:discover_packages(ignore) using defaults
[0.309s] Level 1:colcon.colcon_core.package_discovery:discover_packages(path) discover
[0.309s] Level 1:colcon.colcon_core.package_discovery:discover_packages(path) using defaults
[0.338s] Level 1:colcon.colcon_core.package_discovery:discover_packages(prefix_path) check parameters
[0.339s] Level 1:colcon.colcon_core.package_discovery:discover_packages(prefix_path) discover
[0.341s] DEBUG:colcon.colcon_installed_package_information.package_discovery:Found 293 installed packages in /opt/ros/humble
[0.342s] Level 1:colcon.colcon_core.package_discovery:discover_packages(prefix_path) using defaults
[0.376s] Level 5:colcon.colcon_core.verb:set package 'cipher_interfaces' build argument 'cmake_args' from command line to 'None'
[0.376s] Level 5:colcon.colcon_core.verb:set package 'cipher_interfaces' build argument 'cmake_target' from command line to 'None'
[0.376s] Level 5:colcon.colcon_core.verb:set package 'cipher_interfaces' build argument 'cmake_target_skip_unavailable' from command line to 'False'
[0.376s] Level 5:colcon.colcon_core.verb:set package 'cipher_interfaces' build argument 'cmake_clean_cache' from command line to 'False'
[0.376s] Level 5:colcon.colcon_core.verb:set package 'cipher_interfaces' build argument 'cmake_clean_first' from command line to 'False'
[0.376s] Level 5:colcon.colcon_core.verb:set package 'cipher_interfaces' build argument 'cmake_force_configure' from command line to 'False'
[0.376s] Level 5:colcon.colcon_core.verb:set package 'cipher_interfaces' build argument 'ament_cmake_args' from command line to 'None'
[0.376s] Level 5:colcon.colcon_core.verb:set package 'cipher_interfaces' build argument 'catkin_cmake_args' from command line to 'None'
[0.376s] Level 5:colcon.colcon_core.verb:set package 'cipher_interfaces' build argument 'catkin_skip_building_tests' from command line to 'False'
[0.376s] DEBUG:colcon.colcon_core.verb:Building package 'cipher_interfaces' with the following arguments: {'ament_cmake_args': None, 'build_base': '/home/ash/ros2_ws/build/cipher_interfaces', 'catkin_cmake_args': None, 'catkin_skip_building_tests': False, 'cmake_args': None, 'cmake_clean_cache': False, 'cmake_clean_first': False, 'cmake_force_configure': False, 'cmake_target': None, 'cmake_target_skip_unavailable': False, 'install_base': '/home/ash/ros2_ws/install/cipher_interfaces', 'merge_install': False, 'path': '/home/ash/ros2_ws/src/cipher_interfaces', 'symlink_install': False, 'test_result_base': None}
[0.376s] Level 5:colcon.colcon_core.verb:set package 'decipher' build argument 'cmake_args' from command line to 'None'
[0.376s] Level 5:colcon.colcon_core.verb:set package 'decipher' build argument 'cmake_target' from command line to 'None'
[0.376s] Level 5:colcon.colcon_core.verb:set package 'decipher' build argument 'cmake_target_skip_unavailable' from command line to 'False'
[0.376s] Level 5:colcon.colcon_core.verb:set package 'decipher' build argument 'cmake_clean_cache' from command line to 'False'
[0.376s] Level 5:colcon.colcon_core.verb:set package 'decipher' build argument 'cmake_clean_first' from command line to 'False'
[0.376s] Level 5:colcon.colcon_core.verb:set package 'decipher' build argument 'cmake_force_configure' from command line to 'False'
[0.376s] Level 5:colcon.colcon_core.verb:set package 'decipher' build argument 'ament_cmake_args' from command line to 'None'
[0.376s] Level 5:colcon.colcon_core.verb:set package 'decipher' build argument 'catkin_cmake_args' from command line to 'None'
[0.376s] Level 5:colcon.colcon_core.verb:set package 'decipher' build argument 'catkin_skip_building_tests' from command line to 'False'
[0.376s] DEBUG:colcon.colcon_core.verb:Building package 'decipher' with the following arguments: {'ament_cmake_args': None, 'build_base': '/home/ash/ros2_ws/build/decipher', 'catkin_cmake_args': None, 'catkin_skip_building_tests': False, 'cmake_args': None, 'cmake_clean_cache': False, 'cmake_clean_first': False, 'cmake_force_configure': False, 'cmake_target': None, 'cmake_target_skip_unavailable': False, 'install_base': '/home/ash/ros2_ws/install/decipher', 'merge_install': False, 'path': '/home/ash/ros2_ws/src/decipher', 'symlink_install': False, 'test_result_base': None}
[0.377s] INFO:colcon.colcon_core.executor:Executing jobs using 'parallel' executor
[0.378s] DEBUG:colcon.colcon_parallel_executor.executor.parallel:run_until_complete
[0.378s] INFO:colcon.colcon_ros.task.ament_cmake.build:Building ROS package in '/home/ash/ros2_ws/src/cipher_interfaces' with build type 'ament_cmake'
[0.378s] INFO:colcon.colcon_cmake.task.cmake.build:Building CMake package in '/home/ash/ros2_ws/src/cipher_interfaces'
[0.382s] INFO:colcon.colcon_core.plugin_system:Skipping extension 'colcon_core.shell.bat': Not used on non-Windows systems
[0.382s] INFO:colcon.colcon_core.shell:Skip shell extension 'powershell' for command environment: Not usable outside of PowerShell
[0.382s] DEBUG:colcon.colcon_core.shell:Skip shell extension 'dsv' for command environment
[0.398s] DEBUG:colcon.colcon_core.event_handler.log_command:Invoking command in '/home/ash/ros2_ws/build/cipher_interfaces': CMAKE_PREFIX_PATH=/opt/ros/humble /usr/bin/cmake /home/ash/ros2_ws/src/cipher_interfaces -DCMAKE_INSTALL_PREFIX=/home/ash/ros2_ws/install/cipher_interfaces
[2.846s] DEBUG:colcon.colcon_core.event_handler.log_command:Invoked command in '/home/ash/ros2_ws/build/cipher_interfaces' returned '0': CMAKE_PREFIX_PATH=/opt/ros/humble /usr/bin/cmake /home/ash/ros2_ws/src/cipher_interfaces -DCMAKE_INSTALL_PREFIX=/home/ash/ros2_ws/install/cipher_interfaces
[2.854s] DEBUG:colcon.colcon_core.event_handler.log_command:Invoking command in '/home/ash/ros2_ws/build/cipher_interfaces': CMAKE_PREFIX_PATH=/opt/ros/humble /usr/bin/cmake --build /home/ash/ros2_ws/build/cipher_interfaces -- -j14 -l14
[12.181s] DEBUG:colcon.colcon_core.event_handler.log_command:Invoked command in '/home/ash/ros2_ws/build/cipher_interfaces' returned '0': CMAKE_PREFIX_PATH=/opt/ros/humble /usr/bin/cmake --build /home/ash/ros2_ws/build/cipher_interfaces -- -j14 -l14
[12.721s] DEBUG:colcon.colcon_core.event_handler.log_command:Invoking command in '/home/ash/ros2_ws/build/cipher_interfaces': CMAKE_PREFIX_PATH=/opt/ros/humble /usr/bin/cmake --install /home/ash/ros2_ws/build/cipher_interfaces
[12.841s] Level 1:colcon.colcon_core.environment:create_environment_scripts_only(cipher_interfaces)
[12.846s] DEBUG:colcon.colcon_core.event_handler.log_command:Invoked command in '/home/ash/ros2_ws/build/cipher_interfaces' returned '0': CMAKE_PREFIX_PATH=/opt/ros/humble /usr/bin/cmake --install /home/ash/ros2_ws/build/cipher_interfaces
[12.849s] Level 1:colcon.colcon_core.environment:checking '/home/ash/ros2_ws/install/cipher_interfaces' for CMake module files
[12.850s] Level 1:colcon.colcon_core.environment:checking '/home/ash/ros2_ws/install/cipher_interfaces' for CMake config files
[12.850s] Level 1:colcon.colcon_core.shell:create_environment_hook('cipher_interfaces', 'cmake_prefix_path')
[12.850s] INFO:colcon.colcon_core.shell:Creating environment hook '/home/ash/ros2_ws/install/cipher_interfaces/share/cipher_interfaces/hook/cmake_prefix_path.ps1'
[12.851s] INFO:colcon.colcon_core.shell:Creating environment descriptor '/home/ash/ros2_ws/install/cipher_interfaces/share/cipher_interfaces/hook/cmake_prefix_path.dsv'
[12.852s] INFO:colcon.colcon_core.shell:Creating environment hook '/home/ash/ros2_ws/install/cipher_interfaces/share/cipher_interfaces/hook/cmake_prefix_path.sh'
[12.853s] Level 1:colcon.colcon_core.environment:checking '/home/ash/ros2_ws/install/cipher_interfaces/lib'
[12.853s] Level 1:colcon.colcon_core.shell:create_environment_hook('cipher_interfaces', 'ld_library_path_lib')
[12.853s] INFO:colcon.colcon_core.shell:Creating environment hook '/home/ash/ros2_ws/install/cipher_interfaces/share/cipher_interfaces/hook/ld_library_path_lib.ps1'
[12.854s] INFO:colcon.colcon_core.shell:Creating environment descriptor '/home/ash/ros2_ws/install/cipher_interfaces/share/cipher_interfaces/hook/ld_library_path_lib.dsv'
[12.854s] INFO:colcon.colcon_core.shell:Creating environment hook '/home/ash/ros2_ws/install/cipher_interfaces/share/cipher_interfaces/hook/ld_library_path_lib.sh'
[12.854s] Level 1:colcon.colcon_core.environment:checking '/home/ash/ros2_ws/install/cipher_interfaces/bin'
[12.854s] Level 1:colcon.colcon_core.environment:checking '/home/ash/ros2_ws/install/cipher_interfaces/lib/pkgconfig/cipher_interfaces.pc'
[12.855s] Level 1:colcon.colcon_core.environment:checking '/home/ash/ros2_ws/install/cipher_interfaces/lib/python3.10/site-packages'
[12.855s] Level 1:colcon.colcon_core.environment:checking '/home/ash/ros2_ws/install/cipher_interfaces/bin'
[12.855s] INFO:colcon.colcon_core.shell:Creating package script '/home/ash/ros2_ws/install/cipher_interfaces/share/cipher_interfaces/package.ps1'
[12.856s] INFO:colcon.colcon_core.shell:Creating package descriptor '/home/ash/ros2_ws/install/cipher_interfaces/share/cipher_interfaces/package.dsv'
[12.857s] INFO:colcon.colcon_core.shell:Creating package script '/home/ash/ros2_ws/install/cipher_interfaces/share/cipher_interfaces/package.sh'
[12.859s] INFO:colcon.colcon_core.shell:Creating package script '/home/ash/ros2_ws/install/cipher_interfaces/share/cipher_interfaces/package.bash'
[12.860s] INFO:colcon.colcon_core.shell:Creating package script '/home/ash/ros2_ws/install/cipher_interfaces/share/cipher_interfaces/package.zsh'
[12.860s] Level 1:colcon.colcon_core.environment:create_file_with_runtime_dependencies(/home/ash/ros2_ws/install/cipher_interfaces/share/colcon-core/packages/cipher_interfaces)
[13.281s] Level 1:colcon.colcon_core.environment:create_environment_scripts_only(cipher_interfaces)
[13.282s] Level 1:colcon.colcon_core.environment:checking '/home/ash/ros2_ws/install/cipher_interfaces' for CMake module files
[13.287s] Level 1:colcon.colcon_core.environment:checking '/home/ash/ros2_ws/install/cipher_interfaces' for CMake config files
[13.287s] Level 1:colcon.colcon_core.shell:create_environment_hook('cipher_interfaces', 'cmake_prefix_path')
[13.287s] INFO:colcon.colcon_core.shell:Creating environment hook '/home/ash/ros2_ws/install/cipher_interfaces/share/cipher_interfaces/hook/cmake_prefix_path.ps1'
[13.288s] INFO:colcon.colcon_core.shell:Creating environment descriptor '/home/ash/ros2_ws/install/cipher_interfaces/share/cipher_interfaces/hook/cmake_prefix_path.dsv'
[13.288s] INFO:colcon.colcon_core.shell:Creating environment hook '/home/ash/ros2_ws/install/cipher_interfaces/share/cipher_interfaces/hook/cmake_prefix_path.sh'
[13.289s] Level 1:colcon.colcon_core.environment:checking '/home/ash/ros2_ws/install/cipher_interfaces/lib'
[13.289s] Level 1:colcon.colcon_core.shell:create_environment_hook('cipher_interfaces', 'ld_library_path_lib')
[13.290s] INFO:colcon.colcon_core.shell:Creating environment hook '/home/ash/ros2_ws/install/cipher_interfaces/share/cipher_interfaces/hook/ld_library_path_lib.ps1'
[13.292s] INFO:colcon.colcon_core.shell:Creating environment descriptor '/home/ash/ros2_ws/install/cipher_interfaces/share/cipher_interfaces/hook/ld_library_path_lib.dsv'
[13.293s] INFO:colcon.colcon_core.shell:Creating environment hook '/home/ash/ros2_ws/install/cipher_interfaces/share/cipher_interfaces/hook/ld_library_path_lib.sh'
[13.294s] Level 1:colcon.colcon_core.environment:checking '/home/ash/ros2_ws/install/cipher_interfaces/bin'
[13.295s] Level 1:colcon.colcon_core.environment:checking '/home/ash/ros2_ws/install/cipher_interfaces/lib/pkgconfig/cipher_interfaces.pc'
[13.295s] Level 1:colcon.colcon_core.environment:checking '/home/ash/ros2_ws/install/cipher_interfaces/lib/python3.10/site-packages'
[13.295s] Level 1:colcon.colcon_core.environment:checking '/home/ash/ros2_ws/install/cipher_interfaces/bin'
[13.295s] INFO:colcon.colcon_core.shell:Creating package script '/home/ash/ros2_ws/install/cipher_interfaces/share/cipher_interfaces/package.ps1'
[13.296s] INFO:colcon.colcon_core.shell:Creating package descriptor '/home/ash/ros2_ws/install/cipher_interfaces/share/cipher_interfaces/package.dsv'
[13.297s] INFO:colcon.colcon_core.shell:Creating package script '/home/ash/ros2_ws/install/cipher_interfaces/share/cipher_interfaces/package.sh'
[13.298s] INFO:colcon.colcon_core.shell:Creating package script '/home/ash/ros2_ws/install/cipher_interfaces/share/cipher_interfaces/package.bash'
[13.298s] INFO:colcon.colcon_core.shell:Creating package script '/home/ash/ros2_ws/install/cipher_interfaces/share/cipher_interfaces/package.zsh'
[13.299s] Level 1:colcon.colcon_core.environment:create_file_with_runtime_dependencies(/home/ash/ros2_ws/install/cipher_interfaces/share/colcon-core/packages/cipher_interfaces)
[13.300s] INFO:colcon.colcon_ros.task.ament_cmake.build:Building ROS package in '/home/ash/ros2_ws/src/decipher' with build type 'ament_cmake'
[13.300s] INFO:colcon.colcon_cmake.task.cmake.build:Building CMake package in '/home/ash/ros2_ws/src/decipher'
[13.301s] INFO:colcon.colcon_core.shell:Skip shell extension 'powershell' for command environment: Not usable outside of PowerShell
[13.301s] DEBUG:colcon.colcon_core.shell:Skip shell extension 'dsv' for command environment
[13.347s] DEBUG:colcon.colcon_core.event_handler.log_command:Invoking command in '/home/ash/ros2_ws/build/decipher': AMENT_PREFIX_PATH=/home/ash/ros2_ws/install/cipher_interfaces:${AMENT_PREFIX_PATH} CMAKE_PREFIX_PATH=/home/ash/ros2_ws/install/cipher_interfaces:/opt/ros/humble LD_LIBRARY_PATH=/home/ash/ros2_ws/install/cipher_interfaces/lib:${LD_LIBRARY_PATH} PYTHONPATH=/home/ash/ros2_ws/install/cipher_interfaces/local/lib/python3.10/dist-packages:${PYTHONPATH} /usr/bin/cmake /home/ash/ros2_ws/src/decipher -DCMAKE_INSTALL_PREFIX=/home/ash/ros2_ws/install/decipher
[15.075s] DEBUG:colcon.colcon_core.event_handler.log_command:Invoked command in '/home/ash/ros2_ws/build/decipher' returned '0': AMENT_PREFIX_PATH=/home/ash/ros2_ws/install/cipher_interfaces:${AMENT_PREFIX_PATH} CMAKE_PREFIX_PATH=/home/ash/ros2_ws/install/cipher_interfaces:/opt/ros/humble LD_LIBRARY_PATH=/home/ash/ros2_ws/install/cipher_interfaces/lib:${LD_LIBRARY_PATH} PYTHONPATH=/home/ash/ros2_ws/install/cipher_interfaces/local/lib/python3.10/dist-packages:${PYTHONPATH} /usr/bin/cmake /home/ash/ros2_ws/src/decipher -DCMAKE_INSTALL_PREFIX=/home/ash/ros2_ws/install/decipher
[15.076s] DEBUG:colcon.colcon_core.event_handler.log_command:Invoking command in '/home/ash/ros2_ws/build/decipher': AMENT_PREFIX_PATH=/home/ash/ros2_ws/install/cipher_interfaces:${AMENT_PREFIX_PATH} CMAKE_PREFIX_PATH=/home/ash/ros2_ws/install/cipher_interfaces:/opt/ros/humble LD_LIBRARY_PATH=/home/ash/ros2_ws/install/cipher_interfaces/lib:${LD_LIBRARY_PATH} PYTHONPATH=/home/ash/ros2_ws/install/cipher_interfaces/local/lib/python3.10/dist-packages:${PYTHONPATH} /usr/bin/cmake --build /home/ash/ros2_ws/build/decipher -- -j14 -l14
[22.657s] DEBUG:colcon.colcon_core.event_handler.log_command:Invoked command in '/home/ash/ros2_ws/build/decipher' returned '2': AMENT_PREFIX_PATH=/home/ash/ros2_ws/install/cipher_interfaces:${AMENT_PREFIX_PATH} CMAKE_PREFIX_PATH=/home/ash/ros2_ws/install/cipher_interfaces:/opt/ros/humble LD_LIBRARY_PATH=/home/ash/ros2_ws/install/cipher_interfaces/lib:${LD_LIBRARY_PATH} PYTHONPATH=/home/ash/ros2_ws/install/cipher_interfaces/local/lib/python3.10/dist-packages:${PYTHONPATH} /usr/bin/cmake --build /home/ash/ros2_ws/build/decipher -- -j14 -l14
[22.815s] Level 1:colcon.colcon_core.environment:create_environment_scripts_only(decipher)
[22.815s] Level 1:colcon.colcon_core.environment:checking '/home/ash/ros2_ws/install/decipher' for CMake module files
[22.816s] Level 1:colcon.colcon_core.environment:checking '/home/ash/ros2_ws/install/decipher' for CMake config files
[22.816s] Level 1:colcon.colcon_core.environment:checking '/home/ash/ros2_ws/install/decipher/bin'
[22.816s] Level 1:colcon.colcon_core.environment:checking '/home/ash/ros2_ws/install/decipher/lib/pkgconfig/decipher.pc'
[22.817s] Level 1:colcon.colcon_core.environment:checking '/home/ash/ros2_ws/install/decipher/lib/python3.10/site-packages'
[22.817s] Level 1:colcon.colcon_core.environment:checking '/home/ash/ros2_ws/install/decipher/bin'
[22.817s] INFO:colcon.colcon_core.shell:Creating package script '/home/ash/ros2_ws/install/decipher/share/decipher/package.ps1'
[22.817s] INFO:colcon.colcon_core.shell:Creating package descriptor '/home/ash/ros2_ws/install/decipher/share/decipher/package.dsv'
[22.818s] INFO:colcon.colcon_core.shell:Creating package script '/home/ash/ros2_ws/install/decipher/share/decipher/package.sh'
[22.818s] INFO:colcon.colcon_core.shell:Creating package script '/home/ash/ros2_ws/install/decipher/share/decipher/package.bash'
[22.819s] INFO:colcon.colcon_core.shell:Creating package script '/home/ash/ros2_ws/install/decipher/share/decipher/package.zsh'
[22.819s] Level 1:colcon.colcon_core.environment:create_file_with_runtime_dependencies(/home/ash/ros2_ws/install/decipher/share/colcon-core/packages/decipher)
[22.833s] DEBUG:colcon.colcon_parallel_executor.executor.parallel:closing loop
[22.836s] DEBUG:colcon.colcon_parallel_executor.executor.parallel:loop closed
[22.836s] DEBUG:colcon.colcon_parallel_executor.executor.parallel:run_until_complete finished with '2'
[22.837s] DEBUG:colcon.colcon_core.event_reactor:joining thread
[22.851s] INFO:colcon.colcon_core.plugin_system:Skipping extension 'colcon_notification.desktop_notification.terminal_notifier': Not used on non-Darwin systems
[22.851s] INFO:colcon.colcon_core.plugin_system:Skipping extension 'colcon_notification.desktop_notification.win32': Not used on non-Windows systems
[22.851s] INFO:colcon.colcon_notification.desktop_notification:Sending desktop notification using 'notify2'
[22.905s] DEBUG:colcon.colcon_core.event_reactor:joined thread
[22.905s] INFO:colcon.colcon_core.shell:Creating prefix script '/home/ash/ros2_ws/install/local_setup.ps1'
[22.907s] INFO:colcon.colcon_core.shell:Creating prefix util module '/home/ash/ros2_ws/install/_local_setup_util_ps1.py'
[22.909s] INFO:colcon.colcon_core.shell:Creating prefix chain script '/home/ash/ros2_ws/install/setup.ps1'
[22.911s] INFO:colcon.colcon_core.shell:Creating prefix script '/home/ash/ros2_ws/install/local_setup.sh'
[22.911s] INFO:colcon.colcon_core.shell:Creating prefix util module '/home/ash/ros2_ws/install/_local_setup_util_sh.py'
[22.912s] INFO:colcon.colcon_core.shell:Creating prefix chain script '/home/ash/ros2_ws/install/setup.sh'
[22.913s] INFO:colcon.colcon_core.shell:Creating prefix script '/home/ash/ros2_ws/install/local_setup.bash'
[22.914s] INFO:colcon.colcon_core.shell:Creating prefix chain script '/home/ash/ros2_ws/install/setup.bash'
[22.915s] INFO:colcon.colcon_core.shell:Creating prefix script '/home/ash/ros2_ws/install/local_setup.zsh'
[22.915s] INFO:colcon.colcon_core.shell:Creating prefix chain script '/home/ash/ros2_ws/install/setup.zsh'
