[0.110s] DEBUG:colcon:Command line arguments: ['/usr/bin/colcon', 'build']
[0.110s] DEBUG:colcon:Parsed command line arguments: Namespace(log_base=None, log_level=None, verb_name='build', build_base='build', install_base='install', merge_install=False, symlink_install=False, test_result_base=None, continue_on_error=False, executor='parallel', parallel_workers=14, event_handlers=None, ignore_user_meta=False, metas=['./colcon.meta'], base_paths=['.'], packages_ignore=None, packages_ignore_regex=None, paths=None, packages_up_to=None, packages_up_to_regex=None, packages_above=None, packages_above_and_dependencies=None, packages_above_depth=None, packages_select_by_dep=None, packages_skip_by_dep=None, packages_skip_up_to=None, packages_select_build_failed=False, packages_skip_build_finished=False, packages_select_test_failures=False, packages_skip_test_passed=False, packages_select=None, packages_skip=None, packages_select_regex=None, packages_skip_regex=None, packages_start=None, packages_end=None, allow_overriding=[], cmake_args=None, cmake_target=None, cmake_target_skip_unavailable=False, cmake_clean_cache=False, cmake_clean_first=False, cmake_force_configure=False, ament_cmake_args=None, catkin_cmake_args=None, catkin_skip_building_tests=False, verb_parser=<colcon_defaults.argument_parser.defaults.DefaultArgumentsDecorator object at 0x772c10033e20>, verb_extension=<colcon_core.verb.build.BuildVerb object at 0x772c10033910>, main=<bound method BuildVerb.main of <colcon_core.verb.build.BuildVerb object at 0x772c10033910>>)
[0.246s] Level 1:colcon.colcon_core.package_discovery:discover_packages(colcon_meta) check parameters
[0.246s] Level 1:colcon.colcon_core.package_discovery:discover_packages(recursive) check parameters
[0.246s] Level 1:colcon.colcon_core.package_discovery:discover_packages(ignore) check parameters
[0.246s] Level 1:colcon.colcon_core.package_discovery:discover_packages(path) check parameters
[0.246s] Level 1:colcon.colcon_core.package_discovery:discover_packages(colcon_meta) discover
[0.246s] Level 1:colcon.colcon_core.package_discovery:discover_packages(recursive) discover
[0.246s] INFO:colcon.colcon_core.package_discovery:Crawling recursively for packages in '/home/ash/ros2_ws'
[0.247s] Level 1:colcon.colcon_core.package_identification:_identify(.) by extensions ['ignore', 'ignore_ament_install']
[0.247s] Level 1:colcon.colcon_core.package_identification:_identify(.) by extension 'ignore'
[0.247s] Level 1:colcon.colcon_core.package_identification:_identify(.) by extension 'ignore_ament_install'
[0.247s] Level 1:colcon.colcon_core.package_identification:_identify(.) by extensions ['colcon_pkg']
[0.247s] Level 1:colcon.colcon_core.package_identification:_identify(.) by extension 'colcon_pkg'
[0.247s] Level 1:colcon.colcon_core.package_identification:_identify(.) by extensions ['colcon_meta']
[0.247s] Level 1:colcon.colcon_core.package_identification:_identify(.) by extension 'colcon_meta'
[0.247s] Level 1:colcon.colcon_core.package_identification:_identify(.) by extensions ['ros']
[0.247s] Level 1:colcon.colcon_core.package_identification:_identify(.) by extension 'ros'
[0.257s] Level 1:colcon.colcon_core.package_identification:_identify(.) by extensions ['cmake', 'python']
[0.257s] Level 1:colcon.colcon_core.package_identification:_identify(.) by extension 'cmake'
[0.257s] Level 1:colcon.colcon_core.package_identification:_identify(.) by extension 'python'
[0.257s] Level 1:colcon.colcon_core.package_identification:_identify(.) by extensions ['python_setup_py']
[0.257s] Level 1:colcon.colcon_core.package_identification:_identify(.) by extension 'python_setup_py'
[0.257s] Level 1:colcon.colcon_core.package_identification:_identify(build) by extensions ['ignore', 'ignore_ament_install']
[0.257s] Level 1:colcon.colcon_core.package_identification:_identify(build) by extension 'ignore'
[0.257s] Level 1:colcon.colcon_core.package_identification:_identify(build) ignored
[0.257s] Level 1:colcon.colcon_core.package_identification:_identify(install) by extensions ['ignore', 'ignore_ament_install']
[0.257s] Level 1:colcon.colcon_core.package_identification:_identify(install) by extension 'ignore'
[0.258s] Level 1:colcon.colcon_core.package_identification:_identify(install) ignored
[0.258s] Level 1:colcon.colcon_core.package_identification:_identify(log) by extensions ['ignore', 'ignore_ament_install']
[0.258s] Level 1:colcon.colcon_core.package_identification:_identify(log) by extension 'ignore'
[0.258s] Level 1:colcon.colcon_core.package_identification:_identify(log) ignored
[0.258s] Level 1:colcon.colcon_core.package_identification:_identify(src) by extensions ['ignore', 'ignore_ament_install']
[0.258s] Level 1:colcon.colcon_core.package_identification:_identify(src) by extension 'ignore'
[0.258s] Level 1:colcon.colcon_core.package_identification:_identify(src) by extension 'ignore_ament_install'
[0.258s] Level 1:colcon.colcon_core.package_identification:_identify(src) by extensions ['colcon_pkg']
[0.258s] Level 1:colcon.colcon_core.package_identification:_identify(src) by extension 'colcon_pkg'
[0.258s] Level 1:colcon.colcon_core.package_identification:_identify(src) by extensions ['colcon_meta']
[0.258s] Level 1:colcon.colcon_core.package_identification:_identify(src) by extension 'colcon_meta'
[0.258s] Level 1:colcon.colcon_core.package_identification:_identify(src) by extensions ['ros']
[0.258s] Level 1:colcon.colcon_core.package_identification:_identify(src) by extension 'ros'
[0.258s] Level 1:colcon.colcon_core.package_identification:_identify(src) by extensions ['cmake', 'python']
[0.258s] Level 1:colcon.colcon_core.package_identification:_identify(src) by extension 'cmake'
[0.258s] Level 1:colcon.colcon_core.package_identification:_identify(src) by extension 'python'
[0.258s] Level 1:colcon.colcon_core.package_identification:_identify(src) by extensions ['python_setup_py']
[0.258s] Level 1:colcon.colcon_core.package_identification:_identify(src) by extension 'python_setup_py'
[0.259s] Level 1:colcon.colcon_core.package_identification:_identify(src/cipher_interfaces) by extensions ['ignore', 'ignore_ament_install']
[0.259s] Level 1:colcon.colcon_core.package_identification:_identify(src/cipher_interfaces) by extension 'ignore'
[0.259s] Level 1:colcon.colcon_core.package_identification:_identify(src/cipher_interfaces) by extension 'ignore_ament_install'
[0.259s] Level 1:colcon.colcon_core.package_identification:_identify(src/cipher_interfaces) by extensions ['colcon_pkg']
[0.259s] Level 1:colcon.colcon_core.package_identification:_identify(src/cipher_interfaces) by extension 'colcon_pkg'
[0.259s] Level 1:colcon.colcon_core.package_identification:_identify(src/cipher_interfaces) by extensions ['colcon_meta']
[0.259s] Level 1:colcon.colcon_core.package_identification:_identify(src/cipher_interfaces) by extension 'colcon_meta'
[0.259s] Level 1:colcon.colcon_core.package_identification:_identify(src/cipher_interfaces) by extensions ['ros']
[0.259s] Level 1:colcon.colcon_core.package_identification:_identify(src/cipher_interfaces) by extension 'ros'
[0.261s] DEBUG:colcon.colcon_core.package_identification:Package 'src/cipher_interfaces' with type 'ros.ament_cmake' and name 'cipher_interfaces'
[0.261s] Level 1:colcon.colcon_core.package_identification:_identify(src/decipher) by extensions ['ignore', 'ignore_ament_install']
[0.261s] Level 1:colcon.colcon_core.package_identification:_identify(src/decipher) by extension 'ignore'
[0.261s] Level 1:colcon.colcon_core.package_identification:_identify(src/decipher) by extension 'ignore_ament_install'
[0.261s] Level 1:colcon.colcon_core.package_identification:_identify(src/decipher) by extensions ['colcon_pkg']
[0.261s] Level 1:colcon.colcon_core.package_identification:_identify(src/decipher) by extension 'colcon_pkg'
[0.261s] Level 1:colcon.colcon_core.package_identification:_identify(src/decipher) by extensions ['colcon_meta']
[0.261s] Level 1:colcon.colcon_core.package_identification:_identify(src/decipher) by extension 'colcon_meta'
[0.261s] Level 1:colcon.colcon_core.package_identification:_identify(src/decipher) by extensions ['ros']
[0.261s] Level 1:colcon.colcon_core.package_identification:_identify(src/decipher) by extension 'ros'
[0.262s] DEBUG:colcon.colcon_core.package_identification:Package 'src/decipher' with type 'ros.ament_cmake' and name 'decipher'
[0.262s] Level 1:colcon.colcon_core.package_discovery:discover_packages(recursive) using defaults
[0.262s] Level 1:colcon.colcon_core.package_discovery:discover_packages(ignore) discover
[0.262s] Level 1:colcon.colcon_core.package_discovery:discover_packages(ignore) using defaults
[0.262s] Level 1:colcon.colcon_core.package_discovery:discover_packages(path) discover
[0.262s] Level 1:colcon.colcon_core.package_discovery:discover_packages(path) using defaults
[0.286s] Level 1:colcon.colcon_core.package_discovery:discover_packages(prefix_path) check parameters
[0.287s] Level 1:colcon.colcon_core.package_discovery:discover_packages(prefix_path) discover
[0.289s] DEBUG:colcon.colcon_installed_package_information.package_discovery:Found 293 installed packages in /opt/ros/humble
[0.291s] Level 1:colcon.colcon_core.package_discovery:discover_packages(prefix_path) using defaults
[0.321s] Level 5:colcon.colcon_core.verb:set package 'cipher_interfaces' build argument 'cmake_args' from command line to 'None'
[0.321s] Level 5:colcon.colcon_core.verb:set package 'cipher_interfaces' build argument 'cmake_target' from command line to 'None'
[0.321s] Level 5:colcon.colcon_core.verb:set package 'cipher_interfaces' build argument 'cmake_target_skip_unavailable' from command line to 'False'
[0.321s] Level 5:colcon.colcon_core.verb:set package 'cipher_interfaces' build argument 'cmake_clean_cache' from command line to 'False'
[0.321s] Level 5:colcon.colcon_core.verb:set package 'cipher_interfaces' build argument 'cmake_clean_first' from command line to 'False'
[0.321s] Level 5:colcon.colcon_core.verb:set package 'cipher_interfaces' build argument 'cmake_force_configure' from command line to 'False'
[0.321s] Level 5:colcon.colcon_core.verb:set package 'cipher_interfaces' build argument 'ament_cmake_args' from command line to 'None'
[0.321s] Level 5:colcon.colcon_core.verb:set package 'cipher_interfaces' build argument 'catkin_cmake_args' from command line to 'None'
[0.321s] Level 5:colcon.colcon_core.verb:set package 'cipher_interfaces' build argument 'catkin_skip_building_tests' from command line to 'False'
[0.321s] DEBUG:colcon.colcon_core.verb:Building package 'cipher_interfaces' with the following arguments: {'ament_cmake_args': None, 'build_base': '/home/ash/ros2_ws/build/cipher_interfaces', 'catkin_cmake_args': None, 'catkin_skip_building_tests': False, 'cmake_args': None, 'cmake_clean_cache': False, 'cmake_clean_first': False, 'cmake_force_configure': False, 'cmake_target': None, 'cmake_target_skip_unavailable': False, 'install_base': '/home/ash/ros2_ws/install/cipher_interfaces', 'merge_install': False, 'path': '/home/ash/ros2_ws/src/cipher_interfaces', 'symlink_install': False, 'test_result_base': None}
[0.321s] Level 5:colcon.colcon_core.verb:set package 'decipher' build argument 'cmake_args' from command line to 'None'
[0.322s] Level 5:colcon.colcon_core.verb:set package 'decipher' build argument 'cmake_target' from command line to 'None'
[0.322s] Level 5:colcon.colcon_core.verb:set package 'decipher' build argument 'cmake_target_skip_unavailable' from command line to 'False'
[0.322s] Level 5:colcon.colcon_core.verb:set package 'decipher' build argument 'cmake_clean_cache' from command line to 'False'
[0.322s] Level 5:colcon.colcon_core.verb:set package 'decipher' build argument 'cmake_clean_first' from command line to 'False'
[0.322s] Level 5:colcon.colcon_core.verb:set package 'decipher' build argument 'cmake_force_configure' from command line to 'False'
[0.322s] Level 5:colcon.colcon_core.verb:set package 'decipher' build argument 'ament_cmake_args' from command line to 'None'
[0.322s] Level 5:colcon.colcon_core.verb:set package 'decipher' build argument 'catkin_cmake_args' from command line to 'None'
[0.322s] Level 5:colcon.colcon_core.verb:set package 'decipher' build argument 'catkin_skip_building_tests' from command line to 'False'
[0.322s] DEBUG:colcon.colcon_core.verb:Building package 'decipher' with the following arguments: {'ament_cmake_args': None, 'build_base': '/home/ash/ros2_ws/build/decipher', 'catkin_cmake_args': None, 'catkin_skip_building_tests': False, 'cmake_args': None, 'cmake_clean_cache': False, 'cmake_clean_first': False, 'cmake_force_configure': False, 'cmake_target': None, 'cmake_target_skip_unavailable': False, 'install_base': '/home/ash/ros2_ws/install/decipher', 'merge_install': False, 'path': '/home/ash/ros2_ws/src/decipher', 'symlink_install': False, 'test_result_base': None}
[0.322s] INFO:colcon.colcon_core.executor:Executing jobs using 'parallel' executor
[0.323s] DEBUG:colcon.colcon_parallel_executor.executor.parallel:run_until_complete
[0.323s] INFO:colcon.colcon_ros.task.ament_cmake.build:Building ROS package in '/home/ash/ros2_ws/src/cipher_interfaces' with build type 'ament_cmake'
[0.324s] INFO:colcon.colcon_cmake.task.cmake.build:Building CMake package in '/home/ash/ros2_ws/src/cipher_interfaces'
[0.326s] INFO:colcon.colcon_core.plugin_system:Skipping extension 'colcon_core.shell.bat': Not used on non-Windows systems
[0.326s] INFO:colcon.colcon_core.shell:Skip shell extension 'powershell' for command environment: Not usable outside of PowerShell
[0.326s] DEBUG:colcon.colcon_core.shell:Skip shell extension 'dsv' for command environment
[0.377s] DEBUG:colcon.colcon_core.event_handler.log_command:Invoking command in '/home/ash/ros2_ws/build/cipher_interfaces': CMAKE_PREFIX_PATH=/opt/ros/humble /usr/bin/cmake --build /home/ash/ros2_ws/build/cipher_interfaces -- -j14 -l14
[1.685s] DEBUG:colcon.colcon_core.event_handler.log_command:Invoked command in '/home/ash/ros2_ws/build/cipher_interfaces' returned '0': CMAKE_PREFIX_PATH=/opt/ros/humble /usr/bin/cmake --build /home/ash/ros2_ws/build/cipher_interfaces -- -j14 -l14
[2.006s] DEBUG:colcon.colcon_core.event_handler.log_command:Invoking command in '/home/ash/ros2_ws/build/cipher_interfaces': CMAKE_PREFIX_PATH=/opt/ros/humble /usr/bin/cmake --install /home/ash/ros2_ws/build/cipher_interfaces
[2.069s] Level 1:colcon.colcon_core.environment:create_environment_scripts_only(cipher_interfaces)
[2.070s] DEBUG:colcon.colcon_core.event_handler.log_command:Invoked command in '/home/ash/ros2_ws/build/cipher_interfaces' returned '0': CMAKE_PREFIX_PATH=/opt/ros/humble /usr/bin/cmake --install /home/ash/ros2_ws/build/cipher_interfaces
[2.072s] Level 1:colcon.colcon_core.environment:checking '/home/ash/ros2_ws/install/cipher_interfaces' for CMake module files
[2.072s] Level 1:colcon.colcon_core.environment:checking '/home/ash/ros2_ws/install/cipher_interfaces' for CMake config files
[2.072s] Level 1:colcon.colcon_core.shell:create_environment_hook('cipher_interfaces', 'cmake_prefix_path')
[2.072s] INFO:colcon.colcon_core.shell:Creating environment hook '/home/ash/ros2_ws/install/cipher_interfaces/share/cipher_interfaces/hook/cmake_prefix_path.ps1'
[2.073s] INFO:colcon.colcon_core.shell:Creating environment descriptor '/home/ash/ros2_ws/install/cipher_interfaces/share/cipher_interfaces/hook/cmake_prefix_path.dsv'
[2.074s] INFO:colcon.colcon_core.shell:Creating environment hook '/home/ash/ros2_ws/install/cipher_interfaces/share/cipher_interfaces/hook/cmake_prefix_path.sh'
[2.075s] Level 1:colcon.colcon_core.environment:checking '/home/ash/ros2_ws/install/cipher_interfaces/lib'
[2.076s] Level 1:colcon.colcon_core.shell:create_environment_hook('cipher_interfaces', 'ld_library_path_lib')
[2.076s] INFO:colcon.colcon_core.shell:Creating environment hook '/home/ash/ros2_ws/install/cipher_interfaces/share/cipher_interfaces/hook/ld_library_path_lib.ps1'
[2.076s] INFO:colcon.colcon_core.shell:Creating environment descriptor '/home/ash/ros2_ws/install/cipher_interfaces/share/cipher_interfaces/hook/ld_library_path_lib.dsv'
[2.077s] INFO:colcon.colcon_core.shell:Creating environment hook '/home/ash/ros2_ws/install/cipher_interfaces/share/cipher_interfaces/hook/ld_library_path_lib.sh'
[2.077s] Level 1:colcon.colcon_core.environment:checking '/home/ash/ros2_ws/install/cipher_interfaces/bin'
[2.077s] Level 1:colcon.colcon_core.environment:checking '/home/ash/ros2_ws/install/cipher_interfaces/lib/pkgconfig/cipher_interfaces.pc'
[2.078s] Level 1:colcon.colcon_core.environment:checking '/home/ash/ros2_ws/install/cipher_interfaces/lib/python3.10/site-packages'
[2.078s] Level 1:colcon.colcon_core.environment:checking '/home/ash/ros2_ws/install/cipher_interfaces/bin'
[2.078s] INFO:colcon.colcon_core.shell:Creating package script '/home/ash/ros2_ws/install/cipher_interfaces/share/cipher_interfaces/package.ps1'
[2.079s] INFO:colcon.colcon_core.shell:Creating package descriptor '/home/ash/ros2_ws/install/cipher_interfaces/share/cipher_interfaces/package.dsv'
[2.080s] INFO:colcon.colcon_core.shell:Creating package script '/home/ash/ros2_ws/install/cipher_interfaces/share/cipher_interfaces/package.sh'
[2.080s] INFO:colcon.colcon_core.shell:Creating package script '/home/ash/ros2_ws/install/cipher_interfaces/share/cipher_interfaces/package.bash'
[2.081s] INFO:colcon.colcon_core.shell:Creating package script '/home/ash/ros2_ws/install/cipher_interfaces/share/cipher_interfaces/package.zsh'
[2.082s] Level 1:colcon.colcon_core.environment:create_file_with_runtime_dependencies(/home/ash/ros2_ws/install/cipher_interfaces/share/colcon-core/packages/cipher_interfaces)
[2.336s] Level 1:colcon.colcon_core.environment:create_environment_scripts_only(cipher_interfaces)
[2.337s] Level 1:colcon.colcon_core.environment:checking '/home/ash/ros2_ws/install/cipher_interfaces' for CMake module files
[2.339s] Level 1:colcon.colcon_core.environment:checking '/home/ash/ros2_ws/install/cipher_interfaces' for CMake config files
[2.340s] Level 1:colcon.colcon_core.shell:create_environment_hook('cipher_interfaces', 'cmake_prefix_path')
[2.340s] INFO:colcon.colcon_core.shell:Creating environment hook '/home/ash/ros2_ws/install/cipher_interfaces/share/cipher_interfaces/hook/cmake_prefix_path.ps1'
[2.341s] INFO:colcon.colcon_core.shell:Creating environment descriptor '/home/ash/ros2_ws/install/cipher_interfaces/share/cipher_interfaces/hook/cmake_prefix_path.dsv'
[2.341s] INFO:colcon.colcon_core.shell:Creating environment hook '/home/ash/ros2_ws/install/cipher_interfaces/share/cipher_interfaces/hook/cmake_prefix_path.sh'
[2.342s] Level 1:colcon.colcon_core.environment:checking '/home/ash/ros2_ws/install/cipher_interfaces/lib'
[2.342s] Level 1:colcon.colcon_core.shell:create_environment_hook('cipher_interfaces', 'ld_library_path_lib')
[2.342s] INFO:colcon.colcon_core.shell:Creating environment hook '/home/ash/ros2_ws/install/cipher_interfaces/share/cipher_interfaces/hook/ld_library_path_lib.ps1'
[2.343s] INFO:colcon.colcon_core.shell:Creating environment descriptor '/home/ash/ros2_ws/install/cipher_interfaces/share/cipher_interfaces/hook/ld_library_path_lib.dsv'
[2.343s] INFO:colcon.colcon_core.shell:Creating environment hook '/home/ash/ros2_ws/install/cipher_interfaces/share/cipher_interfaces/hook/ld_library_path_lib.sh'
[2.344s] Level 1:colcon.colcon_core.environment:checking '/home/ash/ros2_ws/install/cipher_interfaces/bin'
[2.344s] Level 1:colcon.colcon_core.environment:checking '/home/ash/ros2_ws/install/cipher_interfaces/lib/pkgconfig/cipher_interfaces.pc'
[2.344s] Level 1:colcon.colcon_core.environment:checking '/home/ash/ros2_ws/install/cipher_interfaces/lib/python3.10/site-packages'
[2.344s] Level 1:colcon.colcon_core.environment:checking '/home/ash/ros2_ws/install/cipher_interfaces/bin'
[2.345s] INFO:colcon.colcon_core.shell:Creating package script '/home/ash/ros2_ws/install/cipher_interfaces/share/cipher_interfaces/package.ps1'
[2.345s] INFO:colcon.colcon_core.shell:Creating package descriptor '/home/ash/ros2_ws/install/cipher_interfaces/share/cipher_interfaces/package.dsv'
[2.346s] INFO:colcon.colcon_core.shell:Creating package script '/home/ash/ros2_ws/install/cipher_interfaces/share/cipher_interfaces/package.sh'
[2.346s] INFO:colcon.colcon_core.shell:Creating package script '/home/ash/ros2_ws/install/cipher_interfaces/share/cipher_interfaces/package.bash'
[2.347s] INFO:colcon.colcon_core.shell:Creating package script '/home/ash/ros2_ws/install/cipher_interfaces/share/cipher_interfaces/package.zsh'
[2.348s] Level 1:colcon.colcon_core.environment:create_file_with_runtime_dependencies(/home/ash/ros2_ws/install/cipher_interfaces/share/colcon-core/packages/cipher_interfaces)
[2.348s] INFO:colcon.colcon_ros.task.ament_cmake.build:Building ROS package in '/home/ash/ros2_ws/src/decipher' with build type 'ament_cmake'
[2.349s] INFO:colcon.colcon_cmake.task.cmake.build:Building CMake package in '/home/ash/ros2_ws/src/decipher'
[2.349s] INFO:colcon.colcon_core.shell:Skip shell extension 'powershell' for command environment: Not usable outside of PowerShell
[2.349s] DEBUG:colcon.colcon_core.shell:Skip shell extension 'dsv' for command environment
[2.398s] DEBUG:colcon.colcon_core.event_handler.log_command:Invoking command in '/home/ash/ros2_ws/build/decipher': AMENT_PREFIX_PATH=/home/ash/ros2_ws/install/cipher_interfaces:${AMENT_PREFIX_PATH} CMAKE_PREFIX_PATH=/home/ash/ros2_ws/install/cipher_interfaces:/opt/ros/humble LD_LIBRARY_PATH=/home/ash/ros2_ws/install/cipher_interfaces/lib:${LD_LIBRARY_PATH} PYTHONPATH=/home/ash/ros2_ws/install/cipher_interfaces/local/lib/python3.10/dist-packages:${PYTHONPATH} /usr/bin/cmake --build /home/ash/ros2_ws/build/decipher -- -j14 -l14
[15.566s] DEBUG:colcon.colcon_core.event_handler.log_command:Invoked command in '/home/ash/ros2_ws/build/decipher' returned '0': AMENT_PREFIX_PATH=/home/ash/ros2_ws/install/cipher_interfaces:${AMENT_PREFIX_PATH} CMAKE_PREFIX_PATH=/home/ash/ros2_ws/install/cipher_interfaces:/opt/ros/humble LD_LIBRARY_PATH=/home/ash/ros2_ws/install/cipher_interfaces/lib:${LD_LIBRARY_PATH} PYTHONPATH=/home/ash/ros2_ws/install/cipher_interfaces/local/lib/python3.10/dist-packages:${PYTHONPATH} /usr/bin/cmake --build /home/ash/ros2_ws/build/decipher -- -j14 -l14
[15.721s] DEBUG:colcon.colcon_core.event_handler.log_command:Invoking command in '/home/ash/ros2_ws/build/decipher': AMENT_PREFIX_PATH=/home/ash/ros2_ws/install/cipher_interfaces:${AMENT_PREFIX_PATH} CMAKE_PREFIX_PATH=/home/ash/ros2_ws/install/cipher_interfaces:/opt/ros/humble LD_LIBRARY_PATH=/home/ash/ros2_ws/install/cipher_interfaces/lib:${LD_LIBRARY_PATH} PYTHONPATH=/home/ash/ros2_ws/install/cipher_interfaces/local/lib/python3.10/dist-packages:${PYTHONPATH} /usr/bin/cmake --install /home/ash/ros2_ws/build/decipher
[15.768s] Level 1:colcon.colcon_core.environment:create_environment_scripts_only(decipher)
[15.769s] Level 1:colcon.colcon_core.environment:checking '/home/ash/ros2_ws/install/decipher' for CMake module files
[15.769s] Level 1:colcon.colcon_core.environment:checking '/home/ash/ros2_ws/install/decipher' for CMake config files
[15.770s] Level 1:colcon.colcon_core.shell:create_environment_hook('decipher', 'cmake_prefix_path')
[15.770s] INFO:colcon.colcon_core.shell:Creating environment hook '/home/ash/ros2_ws/install/decipher/share/decipher/hook/cmake_prefix_path.ps1'
[15.770s] INFO:colcon.colcon_core.shell:Creating environment descriptor '/home/ash/ros2_ws/install/decipher/share/decipher/hook/cmake_prefix_path.dsv'
[15.771s] INFO:colcon.colcon_core.shell:Creating environment hook '/home/ash/ros2_ws/install/decipher/share/decipher/hook/cmake_prefix_path.sh'
[15.771s] Level 1:colcon.colcon_core.environment:checking '/home/ash/ros2_ws/install/decipher/lib'
[15.772s] Level 1:colcon.colcon_core.environment:checking '/home/ash/ros2_ws/install/decipher/bin'
[15.777s] Level 1:colcon.colcon_core.environment:checking '/home/ash/ros2_ws/install/decipher/lib/pkgconfig/decipher.pc'
[15.779s] Level 1:colcon.colcon_core.environment:checking '/home/ash/ros2_ws/install/decipher/lib/python3.10/site-packages'
[15.774s] DEBUG:colcon.colcon_core.event_handler.log_command:Invoked command in '/home/ash/ros2_ws/build/decipher' returned '0': AMENT_PREFIX_PATH=/home/ash/ros2_ws/install/cipher_interfaces:${AMENT_PREFIX_PATH} CMAKE_PREFIX_PATH=/home/ash/ros2_ws/install/cipher_interfaces:/opt/ros/humble LD_LIBRARY_PATH=/home/ash/ros2_ws/install/cipher_interfaces/lib:${LD_LIBRARY_PATH} PYTHONPATH=/home/ash/ros2_ws/install/cipher_interfaces/local/lib/python3.10/dist-packages:${PYTHONPATH} /usr/bin/cmake --install /home/ash/ros2_ws/build/decipher
[15.779s] Level 1:colcon.colcon_core.environment:checking '/home/ash/ros2_ws/install/decipher/bin'
[15.784s] INFO:colcon.colcon_core.shell:Creating package script '/home/ash/ros2_ws/install/decipher/share/decipher/package.ps1'
[15.785s] INFO:colcon.colcon_core.shell:Creating package descriptor '/home/ash/ros2_ws/install/decipher/share/decipher/package.dsv'
[15.786s] INFO:colcon.colcon_core.shell:Creating package script '/home/ash/ros2_ws/install/decipher/share/decipher/package.sh'
[15.786s] INFO:colcon.colcon_core.shell:Creating package script '/home/ash/ros2_ws/install/decipher/share/decipher/package.bash'
[15.787s] INFO:colcon.colcon_core.shell:Creating package script '/home/ash/ros2_ws/install/decipher/share/decipher/package.zsh'
[15.788s] Level 1:colcon.colcon_core.environment:create_file_with_runtime_dependencies(/home/ash/ros2_ws/install/decipher/share/colcon-core/packages/decipher)
[15.923s] Level 1:colcon.colcon_core.environment:create_environment_scripts_only(decipher)
[15.923s] Level 1:colcon.colcon_core.environment:checking '/home/ash/ros2_ws/install/decipher' for CMake module files
[15.924s] Level 1:colcon.colcon_core.environment:checking '/home/ash/ros2_ws/install/decipher' for CMake config files
[15.924s] Level 1:colcon.colcon_core.shell:create_environment_hook('decipher', 'cmake_prefix_path')
[15.925s] INFO:colcon.colcon_core.shell:Creating environment hook '/home/ash/ros2_ws/install/decipher/share/decipher/hook/cmake_prefix_path.ps1'
[15.925s] INFO:colcon.colcon_core.shell:Creating environment descriptor '/home/ash/ros2_ws/install/decipher/share/decipher/hook/cmake_prefix_path.dsv'
[15.926s] INFO:colcon.colcon_core.shell:Creating environment hook '/home/ash/ros2_ws/install/decipher/share/decipher/hook/cmake_prefix_path.sh'
[15.927s] Level 1:colcon.colcon_core.environment:checking '/home/ash/ros2_ws/install/decipher/lib'
[15.927s] Level 1:colcon.colcon_core.environment:checking '/home/ash/ros2_ws/install/decipher/bin'
[15.927s] Level 1:colcon.colcon_core.environment:checking '/home/ash/ros2_ws/install/decipher/lib/pkgconfig/decipher.pc'
[15.927s] Level 1:colcon.colcon_core.environment:checking '/home/ash/ros2_ws/install/decipher/lib/python3.10/site-packages'
[15.927s] Level 1:colcon.colcon_core.environment:checking '/home/ash/ros2_ws/install/decipher/bin'
[15.928s] INFO:colcon.colcon_core.shell:Creating package script '/home/ash/ros2_ws/install/decipher/share/decipher/package.ps1'
[15.928s] INFO:colcon.colcon_core.shell:Creating package descriptor '/home/ash/ros2_ws/install/decipher/share/decipher/package.dsv'
[15.936s] INFO:colcon.colcon_core.shell:Creating package script '/home/ash/ros2_ws/install/decipher/share/decipher/package.sh'
[15.939s] INFO:colcon.colcon_core.shell:Creating package script '/home/ash/ros2_ws/install/decipher/share/decipher/package.bash'
[15.940s] INFO:colcon.colcon_core.shell:Creating package script '/home/ash/ros2_ws/install/decipher/share/decipher/package.zsh'
[15.940s] Level 1:colcon.colcon_core.environment:create_file_with_runtime_dependencies(/home/ash/ros2_ws/install/decipher/share/colcon-core/packages/decipher)
[15.941s] DEBUG:colcon.colcon_parallel_executor.executor.parallel:closing loop
[15.942s] DEBUG:colcon.colcon_parallel_executor.executor.parallel:loop closed
[15.942s] DEBUG:colcon.colcon_parallel_executor.executor.parallel:run_until_complete finished with '0'
[15.942s] DEBUG:colcon.colcon_core.event_reactor:joining thread
[15.970s] INFO:colcon.colcon_core.plugin_system:Skipping extension 'colcon_notification.desktop_notification.terminal_notifier': Not used on non-Darwin systems
[15.970s] INFO:colcon.colcon_core.plugin_system:Skipping extension 'colcon_notification.desktop_notification.win32': Not used on non-Windows systems
[15.971s] INFO:colcon.colcon_notification.desktop_notification:Sending desktop notification using 'notify2'
[16.008s] DEBUG:colcon.colcon_core.event_reactor:joined thread
[16.013s] INFO:colcon.colcon_core.shell:Creating prefix script '/home/ash/ros2_ws/install/local_setup.ps1'
[16.015s] INFO:colcon.colcon_core.shell:Creating prefix util module '/home/ash/ros2_ws/install/_local_setup_util_ps1.py'
[16.020s] INFO:colcon.colcon_core.shell:Creating prefix chain script '/home/ash/ros2_ws/install/setup.ps1'
[16.023s] INFO:colcon.colcon_core.shell:Creating prefix script '/home/ash/ros2_ws/install/local_setup.sh'
[16.024s] INFO:colcon.colcon_core.shell:Creating prefix util module '/home/ash/ros2_ws/install/_local_setup_util_sh.py'
[16.025s] INFO:colcon.colcon_core.shell:Creating prefix chain script '/home/ash/ros2_ws/install/setup.sh'
[16.034s] INFO:colcon.colcon_core.shell:Creating prefix script '/home/ash/ros2_ws/install/local_setup.bash'
[16.035s] INFO:colcon.colcon_core.shell:Creating prefix chain script '/home/ash/ros2_ws/install/setup.bash'
[16.036s] INFO:colcon.colcon_core.shell:Creating prefix script '/home/ash/ros2_ws/install/local_setup.zsh'
[16.038s] INFO:colcon.colcon_core.shell:Creating prefix chain script '/home/ash/ros2_ws/install/setup.zsh'
