[0.103s] Invoking command in '/home/ash/ros2_ws/build/decipher': AMENT_PREFIX_PATH=/home/ash/ros2_ws/install/cipher_interfaces:${AMENT_PREFIX_PATH} CMAKE_PREFIX_PATH=/home/ash/ros2_ws/install/cipher_interfaces:/opt/ros/humble LD_LIBRARY_PATH=/home/ash/ros2_ws/install/cipher_interfaces/lib:${LD_LIBRARY_PATH} PYTHONPATH=/home/ash/ros2_ws/install/cipher_interfaces/local/lib/python3.10/dist-packages:${PYTHONPATH} /usr/bin/cmake --build /home/ash/ros2_ws/build/decipher -- -j14 -l14
[0.206s] -- Found ament_cmake: 1.3.10 (/opt/ros/humble/share/ament_cmake/cmake)
[0.351s] -- Found rclcpp: 16.0.10 (/opt/ros/humble/share/rclcpp/cmake)
[0.375s] -- Found rosidl_generator_c: 3.1.5 (/opt/ros/humble/share/rosidl_generator_c/cmake)
[0.380s] -- Found rosidl_adapter: 3.1.5 (/opt/ros/humble/share/rosidl_adapter/cmake)
[0.382s] -- Found rosidl_generator_cpp: 3.1.5 (/opt/ros/humble/share/rosidl_generator_cpp/cmake)
[0.398s] -- Using all available rosidl_typesupport_c: rosidl_typesupport_fastrtps_c;rosidl_typesupport_introspection_c
[0.410s] -- Using all available rosidl_typesupport_cpp: rosidl_typesupport_fastrtps_cpp;rosidl_typesupport_introspection_cpp
[0.443s] -- Found rmw_implementation_cmake: 6.1.2 (/opt/ros/humble/share/rmw_implementation_cmake/cmake)
[0.445s] -- Found rmw_fastrtps_cpp: 6.2.7 (/opt/ros/humble/share/rmw_fastrtps_cpp/cmake)
[0.557s] -- Using RMW implementation 'rmw_fastrtps_cpp' as default
[0.607s] -- Found cipher_interfaces: 0.0.0 (/home/ash/ros2_ws/install/cipher_interfaces/share/cipher_interfaces/cmake)
[0.616s] -- Found ament_lint_auto: 0.12.11 (/opt/ros/humble/share/ament_lint_auto/cmake)
[0.686s] -- Added test 'cppcheck' to perform static code analysis on C / C++ code
[0.686s] -- Configured cppcheck include dirs: 
[0.686s] -- Configured cppcheck exclude dirs and/or files: 
[0.687s] -- Added test 'flake8' to check Python code syntax and style conventions
[0.687s] -- Added test 'lint_cmake' to check CMake code style
[0.689s] -- Added test 'pep257' to check Python code against some of the docstring style conventions in PEP 257
[0.690s] -- Added test 'uncrustify' to check C / C++ code style
[0.690s] -- Configured uncrustify additional arguments: 
[0.691s] -- Added test 'xmllint' to check XML markup files
[0.692s] -- Configuring done
[0.703s] -- Generating done
[0.706s] -- Build files have been written to: /home/ash/ros2_ws/build/decipher
[0.759s] [35m[1mConsolidate compiler generated dependencies of target listener[0m
[0.811s] [100%] Built target listener
[0.828s] Invoked command in '/home/ash/ros2_ws/build/decipher' returned '0': AMENT_PREFIX_PATH=/home/ash/ros2_ws/install/cipher_interfaces:${AMENT_PREFIX_PATH} CMAKE_PREFIX_PATH=/home/ash/ros2_ws/install/cipher_interfaces:/opt/ros/humble LD_LIBRARY_PATH=/home/ash/ros2_ws/install/cipher_interfaces/lib:${LD_LIBRARY_PATH} PYTHONPATH=/home/ash/ros2_ws/install/cipher_interfaces/local/lib/python3.10/dist-packages:${PYTHONPATH} /usr/bin/cmake --build /home/ash/ros2_ws/build/decipher -- -j14 -l14
[0.906s] Invoking command in '/home/ash/ros2_ws/build/decipher': AMENT_PREFIX_PATH=/home/ash/ros2_ws/install/cipher_interfaces:${AMENT_PREFIX_PATH} CMAKE_PREFIX_PATH=/home/ash/ros2_ws/install/cipher_interfaces:/opt/ros/humble LD_LIBRARY_PATH=/home/ash/ros2_ws/install/cipher_interfaces/lib:${LD_LIBRARY_PATH} PYTHONPATH=/home/ash/ros2_ws/install/cipher_interfaces/local/lib/python3.10/dist-packages:${PYTHONPATH} /usr/bin/cmake --install /home/ash/ros2_ws/build/decipher
[0.917s] -- Install configuration: ""
[0.918s] -- Up-to-date: /home/ash/ros2_ws/install/decipher/share/decipher//launch
[0.918s] -- Up-to-date: /home/ash/ros2_ws/install/decipher/share/decipher//launch/__pycache__
[0.918s] -- Up-to-date: /home/ash/ros2_ws/install/decipher/share/decipher//launch/__pycache__/launch.cpython-310.pyc
[0.918s] -- Up-to-date: /home/ash/ros2_ws/install/decipher/share/decipher//launch/launch.py
[0.918s] -- Up-to-date: /home/ash/ros2_ws/install/decipher/share/decipher//config
[0.918s] -- Up-to-date: /home/ash/ros2_ws/install/decipher/share/decipher//config/params.yaml
[0.918s] -- Up-to-date: /home/ash/ros2_ws/install/decipher/lib/decipher/listener
[0.923s] -- Up-to-date: /home/ash/ros2_ws/install/decipher/share/ament_index/resource_index/package_run_dependencies/decipher
[0.923s] -- Up-to-date: /home/ash/ros2_ws/install/decipher/share/ament_index/resource_index/parent_prefix_path/decipher
[0.923s] -- Up-to-date: /home/ash/ros2_ws/install/decipher/share/decipher/environment/ament_prefix_path.sh
[0.923s] -- Installing: /home/ash/ros2_ws/install/decipher/share/decipher/environment/ament_prefix_path.dsv
[0.923s] -- Up-to-date: /home/ash/ros2_ws/install/decipher/share/decipher/environment/path.sh
[0.923s] -- Installing: /home/ash/ros2_ws/install/decipher/share/decipher/environment/path.dsv
[0.924s] -- Up-to-date: /home/ash/ros2_ws/install/decipher/share/decipher/local_setup.bash
[0.924s] -- Up-to-date: /home/ash/ros2_ws/install/decipher/share/decipher/local_setup.sh
[0.924s] -- Up-to-date: /home/ash/ros2_ws/install/decipher/share/decipher/local_setup.zsh
[0.924s] -- Installing: /home/ash/ros2_ws/install/decipher/share/decipher/local_setup.dsv
[0.924s] -- Installing: /home/ash/ros2_ws/install/decipher/share/decipher/package.dsv
[0.929s] -- Up-to-date: /home/ash/ros2_ws/install/decipher/share/ament_index/resource_index/packages/decipher
[0.929s] -- Up-to-date: /home/ash/ros2_ws/install/decipher/share/decipher/cmake/decipherConfig.cmake
[0.929s] -- Up-to-date: /home/ash/ros2_ws/install/decipher/share/decipher/cmake/decipherConfig-version.cmake
[0.930s] -- Installing: /home/ash/ros2_ws/install/decipher/share/decipher/package.xml
[0.932s] Invoked command in '/home/ash/ros2_ws/build/decipher' returned '0': AMENT_PREFIX_PATH=/home/ash/ros2_ws/install/cipher_interfaces:${AMENT_PREFIX_PATH} CMAKE_PREFIX_PATH=/home/ash/ros2_ws/install/cipher_interfaces:/opt/ros/humble LD_LIBRARY_PATH=/home/ash/ros2_ws/install/cipher_interfaces/lib:${LD_LIBRARY_PATH} PYTHONPATH=/home/ash/ros2_ws/install/cipher_interfaces/local/lib/python3.10/dist-packages:${PYTHONPATH} /usr/bin/cmake --install /home/ash/ros2_ws/build/decipher
