[0.014s] Invoking command in '/home/ash/ros2_ws/build/cipher_interfaces': CMAKE_PREFIX_PATH=/opt/ros/humble /usr/bin/cmake /home/ash/ros2_ws/src/cipher_interfaces -DCMAKE_INSTALL_PREFIX=/home/ash/ros2_ws/install/cipher_interfaces
[0.297s] -- The C compiler identification is GNU 11.4.0
[0.403s] -- The CXX compiler identification is GNU 11.4.0
[0.422s] -- Detecting C compiler ABI info
[0.539s] -- Detecting C compiler ABI info - done
[0.548s] -- Check for working C compiler: /usr/bin/cc - skipped
[0.551s] -- Detecting C compile features
[0.553s] -- Detecting C compile features - done
[0.556s] -- Detecting CXX compiler ABI info
[0.691s] -- Detecting CXX compiler ABI info - done
[0.710s] -- Check for working CXX compiler: /usr/bin/c++ - skipped
[0.710s] -- Detecting CXX compile features
[0.710s] -- Detecting CXX compile features - done
[0.719s] -- Found ament_cmake: 1.3.10 (/opt/ros/humble/share/ament_cmake/cmake)
[0.888s] -- Found Python3: /usr/bin/python3 (found version "3.10.12") found components: Interpreter 
[0.982s] -- Found rosidl_default_generators: 1.2.0 (/opt/ros/humble/share/rosidl_default_generators/cmake)
[0.993s] -- Using all available rosidl_typesupport_c: rosidl_typesupport_fastrtps_c;rosidl_typesupport_introspection_c
[1.000s] -- Found rosidl_adapter: 3.1.5 (/opt/ros/humble/share/rosidl_adapter/cmake)
[1.041s] -- Using all available rosidl_typesupport_cpp: rosidl_typesupport_fastrtps_cpp;rosidl_typesupport_introspection_cpp
[1.085s] -- Found std_msgs: 4.2.4 (/opt/ros/humble/share/std_msgs/cmake)
[1.464s] -- Found ament_cmake_ros: 0.10.0 (/opt/ros/humble/share/ament_cmake_ros/cmake)
[1.771s] -- Using all available rosidl_typesupport_c: rosidl_typesupport_fastrtps_c;rosidl_typesupport_introspection_c
[2.194s] -- Using all available rosidl_typesupport_cpp: rosidl_typesupport_fastrtps_cpp;rosidl_typesupport_introspection_cpp
[2.225s] -- Found PythonInterp: /usr/bin/python3 (found suitable version "3.10.12", minimum required is "3.6") 
[2.257s] -- Found python_cmake_module: 0.10.0 (/opt/ros/humble/share/python_cmake_module/cmake)
[2.294s] -- Found PythonLibs: /usr/lib/x86_64-linux-gnu/libpython3.10.so (found suitable version "3.10.12", minimum required is "3.5") 
[2.294s] -- Using PYTHON_EXECUTABLE: /usr/bin/python3
[2.295s] -- Using PYTHON_INCLUDE_DIRS: /usr/include/python3.10
[2.295s] -- Using PYTHON_LIBRARIES: /usr/lib/x86_64-linux-gnu/libpython3.10.so
[2.324s] -- Found PythonExtra: .so  
[2.408s] -- Configuring done
[2.455s] -- Generating done
[2.457s] -- Build files have been written to: /home/ash/ros2_ws/build/cipher_interfaces
[2.466s] Invoked command in '/home/ash/ros2_ws/build/cipher_interfaces' returned '0': CMAKE_PREFIX_PATH=/opt/ros/humble /usr/bin/cmake /home/ash/ros2_ws/src/cipher_interfaces -DCMAKE_INSTALL_PREFIX=/home/ash/ros2_ws/install/cipher_interfaces
[2.474s] Invoking command in '/home/ash/ros2_ws/build/cipher_interfaces': CMAKE_PREFIX_PATH=/opt/ros/humble /usr/bin/cmake --build /home/ash/ros2_ws/build/cipher_interfaces -- -j14 -l14
[2.653s] [  2%] [34m[1mGenerating C code for ROS interfaces[0m
[2.857s] [  5%] [34m[1mGenerating C++ code for ROS interfaces[0m
[2.927s] [  5%] Built target ament_cmake_python_copy_cipher_interfaces
[3.762s] running egg_info
[3.763s] creating cipher_interfaces.egg-info
[3.769s] writing cipher_interfaces.egg-info/PKG-INFO
[3.786s] writing dependency_links to cipher_interfaces.egg-info/dependency_links.txt
[3.786s] writing top-level names to cipher_interfaces.egg-info/top_level.txt
[3.792s] writing manifest file 'cipher_interfaces.egg-info/SOURCES.txt'
[3.826s] reading manifest file 'cipher_interfaces.egg-info/SOURCES.txt'
[3.826s] writing manifest file 'cipher_interfaces.egg-info/SOURCES.txt'
[4.055s] [  5%] Built target ament_cmake_python_build_cipher_interfaces_egg
[4.265s] [  5%] Built target cipher_interfaces__cpp
[4.265s] [  7%] [32mBuilding C object CMakeFiles/cipher_interfaces__rosidl_generator_c.dir/rosidl_generator_c/cipher_interfaces/msg/detail/cipher_message__functions.c.o[0m
[4.272s] [ 10%] [32mBuilding C object CMakeFiles/cipher_interfaces__rosidl_generator_c.dir/rosidl_generator_c/cipher_interfaces/srv/detail/cipher_answer__functions.c.o[0m
[4.441s] [ 12%] [34m[1mGenerating C++ introspection for ROS interfaces[0m
[4.446s] [ 15%] [34m[1mGenerating C++ type support for eProsima Fast-RTPS[0m
[4.469s] [ 17%] [34m[1mGenerating C++ type support dispatch for ROS interfaces[0m
[4.818s] [ 20%] [32m[1mLinking C shared library libcipher_interfaces__rosidl_generator_c.so[0m
[4.891s] [ 20%] Built target cipher_interfaces__rosidl_generator_c
[4.931s] [ 23%] [34m[1mGenerating C type support for eProsima Fast-RTPS[0m
[4.931s] [ 25%] [34m[1mGenerating C type support dispatch for ROS interfaces[0m
[4.938s] [ 28%] [34m[1mGenerating C introspection for ROS interfaces[0m
[5.666s] [ 30%] [32mBuilding CXX object CMakeFiles/cipher_interfaces__rosidl_typesupport_introspection_cpp.dir/rosidl_typesupport_introspection_cpp/cipher_interfaces/msg/detail/cipher_message__type_support.cpp.o[0m
[5.729s] [ 33%] [32mBuilding CXX object CMakeFiles/cipher_interfaces__rosidl_typesupport_introspection_cpp.dir/rosidl_typesupport_introspection_cpp/cipher_interfaces/srv/detail/cipher_answer__type_support.cpp.o[0m
[5.729s] [ 35%] [32mBuilding CXX object CMakeFiles/cipher_interfaces__rosidl_typesupport_cpp.dir/rosidl_typesupport_cpp/cipher_interfaces/srv/cipher_answer__type_support.cpp.o[0m
[5.732s] [ 38%] [32mBuilding CXX object CMakeFiles/cipher_interfaces__rosidl_typesupport_cpp.dir/rosidl_typesupport_cpp/cipher_interfaces/msg/cipher_message__type_support.cpp.o[0m
[6.254s] [ 41%] [32mBuilding CXX object CMakeFiles/cipher_interfaces__rosidl_typesupport_c.dir/rosidl_typesupport_c/cipher_interfaces/msg/cipher_message__type_support.cpp.o[0m
[6.260s] [ 43%] [32mBuilding CXX object CMakeFiles/cipher_interfaces__rosidl_typesupport_fastrtps_cpp.dir/rosidl_typesupport_fastrtps_cpp/cipher_interfaces/msg/detail/dds_fastrtps/cipher_message__type_support.cpp.o[0m
[6.310s] [ 46%] [32mBuilding CXX object CMakeFiles/cipher_interfaces__rosidl_typesupport_c.dir/rosidl_typesupport_c/cipher_interfaces/srv/cipher_answer__type_support.cpp.o[0m
[6.365s] [ 48%] [32mBuilding CXX object CMakeFiles/cipher_interfaces__rosidl_typesupport_fastrtps_cpp.dir/rosidl_typesupport_fastrtps_cpp/cipher_interfaces/srv/detail/dds_fastrtps/cipher_answer__type_support.cpp.o[0m
[6.670s] [ 51%] [32mBuilding C object CMakeFiles/cipher_interfaces__rosidl_typesupport_introspection_c.dir/rosidl_typesupport_introspection_c/cipher_interfaces/msg/detail/cipher_message__type_support.c.o[0m
[6.676s] [ 53%] [32mBuilding C object CMakeFiles/cipher_interfaces__rosidl_typesupport_introspection_c.dir/rosidl_typesupport_introspection_c/cipher_interfaces/srv/detail/cipher_answer__type_support.c.o[0m
[6.720s] [ 56%] [32m[1mLinking CXX shared library libcipher_interfaces__rosidl_typesupport_c.so[0m
[6.834s] [ 58%] [32mBuilding CXX object CMakeFiles/cipher_interfaces__rosidl_typesupport_fastrtps_c.dir/rosidl_typesupport_fastrtps_c/cipher_interfaces/msg/detail/cipher_message__type_support_c.cpp.o[0m
[6.834s] [ 61%] [32mBuilding CXX object CMakeFiles/cipher_interfaces__rosidl_typesupport_fastrtps_c.dir/rosidl_typesupport_fastrtps_c/cipher_interfaces/srv/detail/cipher_answer__type_support_c.cpp.o[0m
[7.134s] [ 64%] [32m[1mLinking C shared library libcipher_interfaces__rosidl_typesupport_introspection_c.so[0m
[7.223s] [ 64%] Built target cipher_interfaces__rosidl_typesupport_c
[7.414s] [ 66%] [32m[1mLinking CXX shared library libcipher_interfaces__rosidl_typesupport_cpp.so[0m
[7.586s] [ 66%] Built target cipher_interfaces__rosidl_typesupport_introspection_c
[7.923s] [ 66%] Built target cipher_interfaces__rosidl_typesupport_cpp
[9.842s] [ 69%] [32m[1mLinking CXX shared library libcipher_interfaces__rosidl_typesupport_fastrtps_c.so[0m
[9.844s] [ 71%] [32m[1mLinking CXX shared library libcipher_interfaces__rosidl_typesupport_introspection_cpp.so[0m
[10.048s] [ 74%] [32m[1mLinking CXX shared library libcipher_interfaces__rosidl_typesupport_fastrtps_cpp.so[0m
[10.222s] [ 74%] Built target cipher_interfaces__rosidl_typesupport_fastrtps_c
[10.232s] [ 74%] Built target cipher_interfaces__rosidl_typesupport_introspection_cpp
[10.282s] [ 74%] Built target cipher_interfaces__rosidl_typesupport_fastrtps_cpp
[10.321s] [ 74%] Built target cipher_interfaces
[10.368s] [ 76%] [34m[1mGenerating Python code for ROS interfaces[0m
[10.790s] [ 76%] Built target cipher_interfaces__py
[10.834s] [ 82%] [32mBuilding C object CMakeFiles/cipher_interfaces__rosidl_generator_py.dir/rosidl_generator_py/cipher_interfaces/srv/_cipher_answer_s.c.o[0m
[10.834s] [ 82%] [32mBuilding C object CMakeFiles/cipher_interfaces__rosidl_generator_py.dir/rosidl_generator_py/cipher_interfaces/msg/_cipher_message_s.c.o[0m
[11.090s] [ 84%] [32m[1mLinking C shared library rosidl_generator_py/cipher_interfaces/libcipher_interfaces__rosidl_generator_py.so[0m
[11.166s] [ 84%] Built target cipher_interfaces__rosidl_generator_py
[11.270s] [ 87%] [32mBuilding C object CMakeFiles/cipher_interfaces__rosidl_typesupport_fastrtps_c__pyext.dir/rosidl_generator_py/cipher_interfaces/_cipher_interfaces_s.ep.rosidl_typesupport_fastrtps_c.c.o[0m
[11.293s] [ 89%] [32mBuilding C object CMakeFiles/cipher_interfaces__rosidl_typesupport_introspection_c__pyext.dir/rosidl_generator_py/cipher_interfaces/_cipher_interfaces_s.ep.rosidl_typesupport_introspection_c.c.o[0m
[11.293s] [ 92%] [32mBuilding C object CMakeFiles/cipher_interfaces__rosidl_typesupport_c__pyext.dir/rosidl_generator_py/cipher_interfaces/_cipher_interfaces_s.ep.rosidl_typesupport_c.c.o[0m
[11.608s] [ 97%] [32m[1mLinking C shared library rosidl_generator_py/cipher_interfaces/cipher_interfaces_s__rosidl_typesupport_fastrtps_c.cpython-310-x86_64-linux-gnu.so[0m
[11.608s] [ 97%] [32m[1mLinking C shared library rosidl_generator_py/cipher_interfaces/cipher_interfaces_s__rosidl_typesupport_c.cpython-310-x86_64-linux-gnu.so[0m
[11.608s] [100%] [32m[1mLinking C shared library rosidl_generator_py/cipher_interfaces/cipher_interfaces_s__rosidl_typesupport_introspection_c.cpython-310-x86_64-linux-gnu.so[0m
[11.772s] [100%] Built target cipher_interfaces__rosidl_typesupport_c__pyext
[11.772s] [100%] Built target cipher_interfaces__rosidl_typesupport_fastrtps_c__pyext
[11.778s] [100%] Built target cipher_interfaces__rosidl_typesupport_introspection_c__pyext
[11.801s] Invoked command in '/home/ash/ros2_ws/build/cipher_interfaces' returned '0': CMAKE_PREFIX_PATH=/opt/ros/humble /usr/bin/cmake --build /home/ash/ros2_ws/build/cipher_interfaces -- -j14 -l14
[12.342s] Invoking command in '/home/ash/ros2_ws/build/cipher_interfaces': CMAKE_PREFIX_PATH=/opt/ros/humble /usr/bin/cmake --install /home/ash/ros2_ws/build/cipher_interfaces
[12.370s] -- Install configuration: ""
[12.370s] -- Installing: /home/ash/ros2_ws/install/cipher_interfaces/share/ament_index/resource_index/rosidl_interfaces/cipher_interfaces
[12.371s] -- Installing: /home/ash/ros2_ws/install/cipher_interfaces/include/cipher_interfaces/cipher_interfaces
[12.371s] -- Installing: /home/ash/ros2_ws/install/cipher_interfaces/include/cipher_interfaces/cipher_interfaces/msg
[12.371s] -- Installing: /home/ash/ros2_ws/install/cipher_interfaces/include/cipher_interfaces/cipher_interfaces/msg/cipher_message.h
[12.371s] -- Installing: /home/ash/ros2_ws/install/cipher_interfaces/include/cipher_interfaces/cipher_interfaces/msg/detail
[12.371s] -- Installing: /home/ash/ros2_ws/install/cipher_interfaces/include/cipher_interfaces/cipher_interfaces/msg/detail/cipher_message__functions.c
[12.371s] -- Installing: /home/ash/ros2_ws/install/cipher_interfaces/include/cipher_interfaces/cipher_interfaces/msg/detail/cipher_message__functions.h
[12.371s] -- Installing: /home/ash/ros2_ws/install/cipher_interfaces/include/cipher_interfaces/cipher_interfaces/msg/detail/cipher_message__struct.h
[12.371s] -- Installing: /home/ash/ros2_ws/install/cipher_interfaces/include/cipher_interfaces/cipher_interfaces/msg/detail/cipher_message__type_support.h
[12.371s] -- Installing: /home/ash/ros2_ws/install/cipher_interfaces/include/cipher_interfaces/cipher_interfaces/msg/rosidl_generator_c__visibility_control.h
[12.371s] -- Installing: /home/ash/ros2_ws/install/cipher_interfaces/include/cipher_interfaces/cipher_interfaces/srv
[12.371s] -- Installing: /home/ash/ros2_ws/install/cipher_interfaces/include/cipher_interfaces/cipher_interfaces/srv/detail
[12.371s] -- Installing: /home/ash/ros2_ws/install/cipher_interfaces/include/cipher_interfaces/cipher_interfaces/srv/detail/cipher_answer__functions.c
[12.372s] -- Installing: /home/ash/ros2_ws/install/cipher_interfaces/include/cipher_interfaces/cipher_interfaces/srv/detail/cipher_answer__functions.h
[12.372s] -- Installing: /home/ash/ros2_ws/install/cipher_interfaces/include/cipher_interfaces/cipher_interfaces/srv/detail/cipher_answer__type_support.h
[12.372s] -- Installing: /home/ash/ros2_ws/install/cipher_interfaces/include/cipher_interfaces/cipher_interfaces/srv/detail/cipher_answer__struct.h
[12.372s] -- Installing: /home/ash/ros2_ws/install/cipher_interfaces/include/cipher_interfaces/cipher_interfaces/srv/cipher_answer.h
[12.373s] -- Installing: /home/ash/ros2_ws/install/cipher_interfaces/share/cipher_interfaces/environment/library_path.sh
[12.373s] -- Installing: /home/ash/ros2_ws/install/cipher_interfaces/share/cipher_interfaces/environment/library_path.dsv
[12.373s] -- Installing: /home/ash/ros2_ws/install/cipher_interfaces/lib/libcipher_interfaces__rosidl_generator_c.so
[12.374s] -- Set runtime path of "/home/ash/ros2_ws/install/cipher_interfaces/lib/libcipher_interfaces__rosidl_generator_c.so" to ""
[12.374s] -- Up-to-date: /home/ash/ros2_ws/install/cipher_interfaces/include/cipher_interfaces/cipher_interfaces
[12.374s] -- Up-to-date: /home/ash/ros2_ws/install/cipher_interfaces/include/cipher_interfaces/cipher_interfaces/msg
[12.374s] -- Up-to-date: /home/ash/ros2_ws/install/cipher_interfaces/include/cipher_interfaces/cipher_interfaces/msg/detail
[12.374s] -- Installing: /home/ash/ros2_ws/install/cipher_interfaces/include/cipher_interfaces/cipher_interfaces/msg/detail/cipher_message__rosidl_typesupport_fastrtps_c.h
[12.374s] -- Installing: /home/ash/ros2_ws/install/cipher_interfaces/include/cipher_interfaces/cipher_interfaces/msg/rosidl_typesupport_fastrtps_c__visibility_control.h
[12.374s] -- Up-to-date: /home/ash/ros2_ws/install/cipher_interfaces/include/cipher_interfaces/cipher_interfaces/srv
[12.374s] -- Up-to-date: /home/ash/ros2_ws/install/cipher_interfaces/include/cipher_interfaces/cipher_interfaces/srv/detail
[12.374s] -- Installing: /home/ash/ros2_ws/install/cipher_interfaces/include/cipher_interfaces/cipher_interfaces/srv/detail/cipher_answer__rosidl_typesupport_fastrtps_c.h
[12.375s] -- Installing: /home/ash/ros2_ws/install/cipher_interfaces/lib/libcipher_interfaces__rosidl_typesupport_fastrtps_c.so
[12.375s] -- Set runtime path of "/home/ash/ros2_ws/install/cipher_interfaces/lib/libcipher_interfaces__rosidl_typesupport_fastrtps_c.so" to ""
[12.375s] -- Up-to-date: /home/ash/ros2_ws/install/cipher_interfaces/include/cipher_interfaces/cipher_interfaces
[12.375s] -- Up-to-date: /home/ash/ros2_ws/install/cipher_interfaces/include/cipher_interfaces/cipher_interfaces/msg
[12.375s] -- Up-to-date: /home/ash/ros2_ws/install/cipher_interfaces/include/cipher_interfaces/cipher_interfaces/msg/detail
[12.375s] -- Installing: /home/ash/ros2_ws/install/cipher_interfaces/include/cipher_interfaces/cipher_interfaces/msg/detail/cipher_message__type_support.c
[12.376s] -- Installing: /home/ash/ros2_ws/install/cipher_interfaces/include/cipher_interfaces/cipher_interfaces/msg/detail/cipher_message__rosidl_typesupport_introspection_c.h
[12.376s] -- Installing: /home/ash/ros2_ws/install/cipher_interfaces/include/cipher_interfaces/cipher_interfaces/msg/rosidl_typesupport_introspection_c__visibility_control.h
[12.376s] -- Up-to-date: /home/ash/ros2_ws/install/cipher_interfaces/include/cipher_interfaces/cipher_interfaces/srv
[12.376s] -- Up-to-date: /home/ash/ros2_ws/install/cipher_interfaces/include/cipher_interfaces/cipher_interfaces/srv/detail
[12.376s] -- Installing: /home/ash/ros2_ws/install/cipher_interfaces/include/cipher_interfaces/cipher_interfaces/srv/detail/cipher_answer__rosidl_typesupport_introspection_c.h
[12.376s] -- Installing: /home/ash/ros2_ws/install/cipher_interfaces/include/cipher_interfaces/cipher_interfaces/srv/detail/cipher_answer__type_support.c
[12.376s] -- Installing: /home/ash/ros2_ws/install/cipher_interfaces/lib/libcipher_interfaces__rosidl_typesupport_introspection_c.so
[12.376s] -- Set runtime path of "/home/ash/ros2_ws/install/cipher_interfaces/lib/libcipher_interfaces__rosidl_typesupport_introspection_c.so" to ""
[12.376s] -- Installing: /home/ash/ros2_ws/install/cipher_interfaces/lib/libcipher_interfaces__rosidl_typesupport_c.so
[12.376s] -- Set runtime path of "/home/ash/ros2_ws/install/cipher_interfaces/lib/libcipher_interfaces__rosidl_typesupport_c.so" to ""
[12.377s] -- Up-to-date: /home/ash/ros2_ws/install/cipher_interfaces/include/cipher_interfaces/cipher_interfaces
[12.377s] -- Up-to-date: /home/ash/ros2_ws/install/cipher_interfaces/include/cipher_interfaces/cipher_interfaces/msg
[12.377s] -- Up-to-date: /home/ash/ros2_ws/install/cipher_interfaces/include/cipher_interfaces/cipher_interfaces/msg/detail
[12.377s] -- Installing: /home/ash/ros2_ws/install/cipher_interfaces/include/cipher_interfaces/cipher_interfaces/msg/detail/cipher_message__traits.hpp
[12.377s] -- Installing: /home/ash/ros2_ws/install/cipher_interfaces/include/cipher_interfaces/cipher_interfaces/msg/detail/cipher_message__struct.hpp
[12.378s] -- Installing: /home/ash/ros2_ws/install/cipher_interfaces/include/cipher_interfaces/cipher_interfaces/msg/detail/cipher_message__builder.hpp
[12.378s] -- Installing: /home/ash/ros2_ws/install/cipher_interfaces/include/cipher_interfaces/cipher_interfaces/msg/cipher_message.hpp
[12.378s] -- Up-to-date: /home/ash/ros2_ws/install/cipher_interfaces/include/cipher_interfaces/cipher_interfaces/srv
[12.378s] -- Up-to-date: /home/ash/ros2_ws/install/cipher_interfaces/include/cipher_interfaces/cipher_interfaces/srv/detail
[12.378s] -- Installing: /home/ash/ros2_ws/install/cipher_interfaces/include/cipher_interfaces/cipher_interfaces/srv/detail/cipher_answer__builder.hpp
[12.378s] -- Installing: /home/ash/ros2_ws/install/cipher_interfaces/include/cipher_interfaces/cipher_interfaces/srv/detail/cipher_answer__traits.hpp
[12.378s] -- Installing: /home/ash/ros2_ws/install/cipher_interfaces/include/cipher_interfaces/cipher_interfaces/srv/detail/cipher_answer__struct.hpp
[12.378s] -- Installing: /home/ash/ros2_ws/install/cipher_interfaces/include/cipher_interfaces/cipher_interfaces/srv/cipher_answer.hpp
[12.378s] -- Up-to-date: /home/ash/ros2_ws/install/cipher_interfaces/include/cipher_interfaces/cipher_interfaces
[12.378s] -- Up-to-date: /home/ash/ros2_ws/install/cipher_interfaces/include/cipher_interfaces/cipher_interfaces/msg
[12.379s] -- Up-to-date: /home/ash/ros2_ws/install/cipher_interfaces/include/cipher_interfaces/cipher_interfaces/msg/detail
[12.379s] -- Installing: /home/ash/ros2_ws/install/cipher_interfaces/include/cipher_interfaces/cipher_interfaces/msg/detail/dds_fastrtps
[12.379s] -- Installing: /home/ash/ros2_ws/install/cipher_interfaces/include/cipher_interfaces/cipher_interfaces/msg/detail/cipher_message__rosidl_typesupport_fastrtps_cpp.hpp
[12.379s] -- Installing: /home/ash/ros2_ws/install/cipher_interfaces/include/cipher_interfaces/cipher_interfaces/msg/rosidl_typesupport_fastrtps_cpp__visibility_control.h
[12.379s] -- Up-to-date: /home/ash/ros2_ws/install/cipher_interfaces/include/cipher_interfaces/cipher_interfaces/srv
[12.379s] -- Up-to-date: /home/ash/ros2_ws/install/cipher_interfaces/include/cipher_interfaces/cipher_interfaces/srv/detail
[12.379s] -- Installing: /home/ash/ros2_ws/install/cipher_interfaces/include/cipher_interfaces/cipher_interfaces/srv/detail/dds_fastrtps
[12.379s] -- Installing: /home/ash/ros2_ws/install/cipher_interfaces/include/cipher_interfaces/cipher_interfaces/srv/detail/cipher_answer__rosidl_typesupport_fastrtps_cpp.hpp
[12.379s] -- Installing: /home/ash/ros2_ws/install/cipher_interfaces/lib/libcipher_interfaces__rosidl_typesupport_fastrtps_cpp.so
[12.380s] -- Set runtime path of "/home/ash/ros2_ws/install/cipher_interfaces/lib/libcipher_interfaces__rosidl_typesupport_fastrtps_cpp.so" to ""
[12.380s] -- Up-to-date: /home/ash/ros2_ws/install/cipher_interfaces/include/cipher_interfaces/cipher_interfaces
[12.380s] -- Up-to-date: /home/ash/ros2_ws/install/cipher_interfaces/include/cipher_interfaces/cipher_interfaces/msg
[12.380s] -- Up-to-date: /home/ash/ros2_ws/install/cipher_interfaces/include/cipher_interfaces/cipher_interfaces/msg/detail
[12.380s] -- Installing: /home/ash/ros2_ws/install/cipher_interfaces/include/cipher_interfaces/cipher_interfaces/msg/detail/cipher_message__rosidl_typesupport_introspection_cpp.hpp
[12.380s] -- Installing: /home/ash/ros2_ws/install/cipher_interfaces/include/cipher_interfaces/cipher_interfaces/msg/detail/cipher_message__type_support.cpp
[12.380s] -- Up-to-date: /home/ash/ros2_ws/install/cipher_interfaces/include/cipher_interfaces/cipher_interfaces/srv
[12.380s] -- Up-to-date: /home/ash/ros2_ws/install/cipher_interfaces/include/cipher_interfaces/cipher_interfaces/srv/detail
[12.381s] -- Installing: /home/ash/ros2_ws/install/cipher_interfaces/include/cipher_interfaces/cipher_interfaces/srv/detail/cipher_answer__type_support.cpp
[12.381s] -- Installing: /home/ash/ros2_ws/install/cipher_interfaces/include/cipher_interfaces/cipher_interfaces/srv/detail/cipher_answer__rosidl_typesupport_introspection_cpp.hpp
[12.381s] -- Installing: /home/ash/ros2_ws/install/cipher_interfaces/lib/libcipher_interfaces__rosidl_typesupport_introspection_cpp.so
[12.382s] -- Set runtime path of "/home/ash/ros2_ws/install/cipher_interfaces/lib/libcipher_interfaces__rosidl_typesupport_introspection_cpp.so" to ""
[12.382s] -- Installing: /home/ash/ros2_ws/install/cipher_interfaces/lib/libcipher_interfaces__rosidl_typesupport_cpp.so
[12.382s] -- Set runtime path of "/home/ash/ros2_ws/install/cipher_interfaces/lib/libcipher_interfaces__rosidl_typesupport_cpp.so" to ""
[12.382s] -- Installing: /home/ash/ros2_ws/install/cipher_interfaces/share/cipher_interfaces/environment/pythonpath.sh
[12.383s] -- Installing: /home/ash/ros2_ws/install/cipher_interfaces/share/cipher_interfaces/environment/pythonpath.dsv
[12.383s] -- Installing: /home/ash/ros2_ws/install/cipher_interfaces/local/lib/python3.10/dist-packages/cipher_interfaces-0.0.0-py3.10.egg-info
[12.383s] -- Installing: /home/ash/ros2_ws/install/cipher_interfaces/local/lib/python3.10/dist-packages/cipher_interfaces-0.0.0-py3.10.egg-info/PKG-INFO
[12.383s] -- Installing: /home/ash/ros2_ws/install/cipher_interfaces/local/lib/python3.10/dist-packages/cipher_interfaces-0.0.0-py3.10.egg-info/dependency_links.txt
[12.383s] -- Installing: /home/ash/ros2_ws/install/cipher_interfaces/local/lib/python3.10/dist-packages/cipher_interfaces-0.0.0-py3.10.egg-info/top_level.txt
[12.383s] -- Installing: /home/ash/ros2_ws/install/cipher_interfaces/local/lib/python3.10/dist-packages/cipher_interfaces-0.0.0-py3.10.egg-info/SOURCES.txt
[12.383s] -- Installing: /home/ash/ros2_ws/install/cipher_interfaces/local/lib/python3.10/dist-packages/cipher_interfaces
[12.384s] -- Installing: /home/ash/ros2_ws/install/cipher_interfaces/local/lib/python3.10/dist-packages/cipher_interfaces/libcipher_interfaces__rosidl_generator_py.so
[12.384s] -- Installing: /home/ash/ros2_ws/install/cipher_interfaces/local/lib/python3.10/dist-packages/cipher_interfaces/_cipher_interfaces_s.ep.rosidl_typesupport_fastrtps_c.c
[12.384s] -- Installing: /home/ash/ros2_ws/install/cipher_interfaces/local/lib/python3.10/dist-packages/cipher_interfaces/cipher_interfaces_s__rosidl_typesupport_c.cpython-310-x86_64-linux-gnu.so
[12.384s] -- Installing: /home/ash/ros2_ws/install/cipher_interfaces/local/lib/python3.10/dist-packages/cipher_interfaces/cipher_interfaces_s__rosidl_typesupport_introspection_c.cpython-310-x86_64-linux-gnu.so
[12.385s] -- Installing: /home/ash/ros2_ws/install/cipher_interfaces/local/lib/python3.10/dist-packages/cipher_interfaces/msg
[12.385s] -- Installing: /home/ash/ros2_ws/install/cipher_interfaces/local/lib/python3.10/dist-packages/cipher_interfaces/msg/_cipher_message_s.c
[12.385s] -- Installing: /home/ash/ros2_ws/install/cipher_interfaces/local/lib/python3.10/dist-packages/cipher_interfaces/msg/_cipher_message.py
[12.385s] -- Installing: /home/ash/ros2_ws/install/cipher_interfaces/local/lib/python3.10/dist-packages/cipher_interfaces/msg/__init__.py
[12.385s] -- Installing: /home/ash/ros2_ws/install/cipher_interfaces/local/lib/python3.10/dist-packages/cipher_interfaces/_cipher_interfaces_s.ep.rosidl_typesupport_c.c
[12.385s] -- Installing: /home/ash/ros2_ws/install/cipher_interfaces/local/lib/python3.10/dist-packages/cipher_interfaces/_cipher_interfaces_s.ep.rosidl_typesupport_introspection_c.c
[12.385s] -- Installing: /home/ash/ros2_ws/install/cipher_interfaces/local/lib/python3.10/dist-packages/cipher_interfaces/cipher_interfaces_s__rosidl_typesupport_fastrtps_c.cpython-310-x86_64-linux-gnu.so
[12.385s] -- Installing: /home/ash/ros2_ws/install/cipher_interfaces/local/lib/python3.10/dist-packages/cipher_interfaces/__init__.py
[12.385s] -- Installing: /home/ash/ros2_ws/install/cipher_interfaces/local/lib/python3.10/dist-packages/cipher_interfaces/srv
[12.385s] -- Installing: /home/ash/ros2_ws/install/cipher_interfaces/local/lib/python3.10/dist-packages/cipher_interfaces/srv/_cipher_answer.py
[12.385s] -- Installing: /home/ash/ros2_ws/install/cipher_interfaces/local/lib/python3.10/dist-packages/cipher_interfaces/srv/_cipher_answer_s.c
[12.385s] -- Installing: /home/ash/ros2_ws/install/cipher_interfaces/local/lib/python3.10/dist-packages/cipher_interfaces/srv/__init__.py
[12.427s] Listing '/home/ash/ros2_ws/install/cipher_interfaces/local/lib/python3.10/dist-packages/cipher_interfaces'...
[12.427s] Compiling '/home/ash/ros2_ws/install/cipher_interfaces/local/lib/python3.10/dist-packages/cipher_interfaces/__init__.py'...
[12.427s] Listing '/home/ash/ros2_ws/install/cipher_interfaces/local/lib/python3.10/dist-packages/cipher_interfaces/msg'...
[12.427s] Compiling '/home/ash/ros2_ws/install/cipher_interfaces/local/lib/python3.10/dist-packages/cipher_interfaces/msg/__init__.py'...
[12.427s] Compiling '/home/ash/ros2_ws/install/cipher_interfaces/local/lib/python3.10/dist-packages/cipher_interfaces/msg/_cipher_message.py'...
[12.427s] Listing '/home/ash/ros2_ws/install/cipher_interfaces/local/lib/python3.10/dist-packages/cipher_interfaces/srv'...
[12.427s] Compiling '/home/ash/ros2_ws/install/cipher_interfaces/local/lib/python3.10/dist-packages/cipher_interfaces/srv/__init__.py'...
[12.427s] Compiling '/home/ash/ros2_ws/install/cipher_interfaces/local/lib/python3.10/dist-packages/cipher_interfaces/srv/_cipher_answer.py'...
[12.431s] -- Installing: /home/ash/ros2_ws/install/cipher_interfaces/local/lib/python3.10/dist-packages/cipher_interfaces/cipher_interfaces_s__rosidl_typesupport_fastrtps_c.cpython-310-x86_64-linux-gnu.so
[12.432s] -- Set runtime path of "/home/ash/ros2_ws/install/cipher_interfaces/local/lib/python3.10/dist-packages/cipher_interfaces/cipher_interfaces_s__rosidl_typesupport_fastrtps_c.cpython-310-x86_64-linux-gnu.so" to ""
[12.432s] -- Installing: /home/ash/ros2_ws/install/cipher_interfaces/local/lib/python3.10/dist-packages/cipher_interfaces/cipher_interfaces_s__rosidl_typesupport_introspection_c.cpython-310-x86_64-linux-gnu.so
[12.433s] -- Set runtime path of "/home/ash/ros2_ws/install/cipher_interfaces/local/lib/python3.10/dist-packages/cipher_interfaces/cipher_interfaces_s__rosidl_typesupport_introspection_c.cpython-310-x86_64-linux-gnu.so" to ""
[12.433s] -- Installing: /home/ash/ros2_ws/install/cipher_interfaces/local/lib/python3.10/dist-packages/cipher_interfaces/cipher_interfaces_s__rosidl_typesupport_c.cpython-310-x86_64-linux-gnu.so
[12.433s] -- Set runtime path of "/home/ash/ros2_ws/install/cipher_interfaces/local/lib/python3.10/dist-packages/cipher_interfaces/cipher_interfaces_s__rosidl_typesupport_c.cpython-310-x86_64-linux-gnu.so" to ""
[12.433s] -- Installing: /home/ash/ros2_ws/install/cipher_interfaces/lib/libcipher_interfaces__rosidl_generator_py.so
[12.434s] -- Set runtime path of "/home/ash/ros2_ws/install/cipher_interfaces/lib/libcipher_interfaces__rosidl_generator_py.so" to ""
[12.434s] -- Installing: /home/ash/ros2_ws/install/cipher_interfaces/share/cipher_interfaces/msg/CipherMessage.idl
[12.434s] -- Installing: /home/ash/ros2_ws/install/cipher_interfaces/share/cipher_interfaces/srv/CipherAnswer.idl
[12.434s] -- Installing: /home/ash/ros2_ws/install/cipher_interfaces/share/cipher_interfaces/msg/CipherMessage.msg
[12.434s] -- Installing: /home/ash/ros2_ws/install/cipher_interfaces/share/cipher_interfaces/srv/CipherAnswer.srv
[12.434s] -- Installing: /home/ash/ros2_ws/install/cipher_interfaces/share/cipher_interfaces/srv/CipherAnswer_Request.msg
[12.434s] -- Installing: /home/ash/ros2_ws/install/cipher_interfaces/share/cipher_interfaces/srv/CipherAnswer_Response.msg
[12.434s] -- Installing: /home/ash/ros2_ws/install/cipher_interfaces/share/ament_index/resource_index/package_run_dependencies/cipher_interfaces
[12.435s] -- Installing: /home/ash/ros2_ws/install/cipher_interfaces/share/ament_index/resource_index/parent_prefix_path/cipher_interfaces
[12.435s] -- Installing: /home/ash/ros2_ws/install/cipher_interfaces/share/cipher_interfaces/environment/ament_prefix_path.sh
[12.435s] -- Installing: /home/ash/ros2_ws/install/cipher_interfaces/share/cipher_interfaces/environment/ament_prefix_path.dsv
[12.435s] -- Installing: /home/ash/ros2_ws/install/cipher_interfaces/share/cipher_interfaces/environment/path.sh
[12.435s] -- Installing: /home/ash/ros2_ws/install/cipher_interfaces/share/cipher_interfaces/environment/path.dsv
[12.436s] -- Installing: /home/ash/ros2_ws/install/cipher_interfaces/share/cipher_interfaces/local_setup.bash
[12.436s] -- Installing: /home/ash/ros2_ws/install/cipher_interfaces/share/cipher_interfaces/local_setup.sh
[12.436s] -- Installing: /home/ash/ros2_ws/install/cipher_interfaces/share/cipher_interfaces/local_setup.zsh
[12.436s] -- Installing: /home/ash/ros2_ws/install/cipher_interfaces/share/cipher_interfaces/local_setup.dsv
[12.436s] -- Installing: /home/ash/ros2_ws/install/cipher_interfaces/share/cipher_interfaces/package.dsv
[12.437s] -- Installing: /home/ash/ros2_ws/install/cipher_interfaces/share/ament_index/resource_index/packages/cipher_interfaces
[12.437s] -- Installing: /home/ash/ros2_ws/install/cipher_interfaces/share/cipher_interfaces/cmake/export_cipher_interfaces__rosidl_generator_cExport.cmake
[12.438s] -- Installing: /home/ash/ros2_ws/install/cipher_interfaces/share/cipher_interfaces/cmake/export_cipher_interfaces__rosidl_generator_cExport-noconfig.cmake
[12.438s] -- Installing: /home/ash/ros2_ws/install/cipher_interfaces/share/cipher_interfaces/cmake/export_cipher_interfaces__rosidl_typesupport_fastrtps_cExport.cmake
[12.438s] -- Installing: /home/ash/ros2_ws/install/cipher_interfaces/share/cipher_interfaces/cmake/export_cipher_interfaces__rosidl_typesupport_fastrtps_cExport-noconfig.cmake
[12.438s] -- Installing: /home/ash/ros2_ws/install/cipher_interfaces/share/cipher_interfaces/cmake/cipher_interfaces__rosidl_typesupport_introspection_cExport.cmake
[12.439s] -- Installing: /home/ash/ros2_ws/install/cipher_interfaces/share/cipher_interfaces/cmake/cipher_interfaces__rosidl_typesupport_introspection_cExport-noconfig.cmake
[12.439s] -- Installing: /home/ash/ros2_ws/install/cipher_interfaces/share/cipher_interfaces/cmake/cipher_interfaces__rosidl_typesupport_cExport.cmake
[12.439s] -- Installing: /home/ash/ros2_ws/install/cipher_interfaces/share/cipher_interfaces/cmake/cipher_interfaces__rosidl_typesupport_cExport-noconfig.cmake
[12.440s] -- Installing: /home/ash/ros2_ws/install/cipher_interfaces/share/cipher_interfaces/cmake/export_cipher_interfaces__rosidl_generator_cppExport.cmake
[12.440s] -- Installing: /home/ash/ros2_ws/install/cipher_interfaces/share/cipher_interfaces/cmake/export_cipher_interfaces__rosidl_typesupport_fastrtps_cppExport.cmake
[12.441s] -- Installing: /home/ash/ros2_ws/install/cipher_interfaces/share/cipher_interfaces/cmake/export_cipher_interfaces__rosidl_typesupport_fastrtps_cppExport-noconfig.cmake
[12.441s] -- Installing: /home/ash/ros2_ws/install/cipher_interfaces/share/cipher_interfaces/cmake/cipher_interfaces__rosidl_typesupport_introspection_cppExport.cmake
[12.441s] -- Installing: /home/ash/ros2_ws/install/cipher_interfaces/share/cipher_interfaces/cmake/cipher_interfaces__rosidl_typesupport_introspection_cppExport-noconfig.cmake
[12.442s] -- Installing: /home/ash/ros2_ws/install/cipher_interfaces/share/cipher_interfaces/cmake/cipher_interfaces__rosidl_typesupport_cppExport.cmake
[12.442s] -- Installing: /home/ash/ros2_ws/install/cipher_interfaces/share/cipher_interfaces/cmake/cipher_interfaces__rosidl_typesupport_cppExport-noconfig.cmake
[12.442s] -- Installing: /home/ash/ros2_ws/install/cipher_interfaces/share/cipher_interfaces/cmake/export_cipher_interfaces__rosidl_generator_pyExport.cmake
[12.442s] -- Installing: /home/ash/ros2_ws/install/cipher_interfaces/share/cipher_interfaces/cmake/export_cipher_interfaces__rosidl_generator_pyExport-noconfig.cmake
[12.443s] -- Installing: /home/ash/ros2_ws/install/cipher_interfaces/share/cipher_interfaces/cmake/rosidl_cmake-extras.cmake
[12.443s] -- Installing: /home/ash/ros2_ws/install/cipher_interfaces/share/cipher_interfaces/cmake/ament_cmake_export_dependencies-extras.cmake
[12.443s] -- Installing: /home/ash/ros2_ws/install/cipher_interfaces/share/cipher_interfaces/cmake/ament_cmake_export_include_directories-extras.cmake
[12.443s] -- Installing: /home/ash/ros2_ws/install/cipher_interfaces/share/cipher_interfaces/cmake/ament_cmake_export_libraries-extras.cmake
[12.443s] -- Installing: /home/ash/ros2_ws/install/cipher_interfaces/share/cipher_interfaces/cmake/ament_cmake_export_targets-extras.cmake
[12.443s] -- Installing: /home/ash/ros2_ws/install/cipher_interfaces/share/cipher_interfaces/cmake/rosidl_cmake_export_typesupport_targets-extras.cmake
[12.443s] -- Installing: /home/ash/ros2_ws/install/cipher_interfaces/share/cipher_interfaces/cmake/rosidl_cmake_export_typesupport_libraries-extras.cmake
[12.444s] -- Installing: /home/ash/ros2_ws/install/cipher_interfaces/share/cipher_interfaces/cmake/cipher_interfacesConfig.cmake
[12.444s] -- Installing: /home/ash/ros2_ws/install/cipher_interfaces/share/cipher_interfaces/cmake/cipher_interfacesConfig-version.cmake
[12.444s] -- Installing: /home/ash/ros2_ws/install/cipher_interfaces/share/cipher_interfaces/package.xml
[12.466s] Invoked command in '/home/ash/ros2_ws/build/cipher_interfaces' returned '0': CMAKE_PREFIX_PATH=/opt/ros/humble /usr/bin/cmake --install /home/ash/ros2_ws/build/cipher_interfaces
