[0.116s] DEBUG:colcon:Command line arguments: ['/usr/bin/colcon', 'build', '--packages-select', 'decipher']
[0.116s] DEBUG:colcon:Parsed command line arguments: Namespace(log_base=None, log_level=None, verb_name='build', build_base='build', install_base='install', merge_install=False, symlink_install=False, test_result_base=None, continue_on_error=False, executor='parallel', parallel_workers=14, event_handlers=None, ignore_user_meta=False, metas=['./colcon.meta'], base_paths=['.'], packages_ignore=None, packages_ignore_regex=None, paths=None, packages_up_to=None, packages_up_to_regex=None, packages_above=None, packages_above_and_dependencies=None, packages_above_depth=None, packages_select_by_dep=None, packages_skip_by_dep=None, packages_skip_up_to=None, packages_select_build_failed=False, packages_skip_build_finished=False, packages_select_test_failures=False, packages_skip_test_passed=False, packages_select=['decipher'], packages_skip=None, packages_select_regex=None, packages_skip_regex=None, packages_start=None, packages_end=None, allow_overriding=[], cmake_args=None, cmake_target=None, cmake_target_skip_unavailable=False, cmake_clean_cache=False, cmake_clean_first=False, cmake_force_configure=False, ament_cmake_args=None, catkin_cmake_args=None, catkin_skip_building_tests=False, verb_parser=<colcon_defaults.argument_parser.defaults.DefaultArgumentsDecorator object at 0x6fff57b4bee0>, verb_extension=<colcon_core.verb.build.BuildVerb object at 0x6fff57b4b9d0>, main=<bound method BuildVerb.main of <colcon_core.verb.build.BuildVerb object at 0x6fff57b4b9d0>>)
[0.242s] Level 1:colcon.colcon_core.package_discovery:discover_packages(colcon_meta) check parameters
[0.242s] Level 1:colcon.colcon_core.package_discovery:discover_packages(recursive) check parameters
[0.242s] Level 1:colcon.colcon_core.package_discovery:discover_packages(ignore) check parameters
[0.242s] Level 1:colcon.colcon_core.package_discovery:discover_packages(path) check parameters
[0.242s] Level 1:colcon.colcon_core.package_discovery:discover_packages(colcon_meta) discover
[0.242s] Level 1:colcon.colcon_core.package_discovery:discover_packages(recursive) discover
[0.242s] INFO:colcon.colcon_core.package_discovery:Crawling recursively for packages in '/home/ash/ros2_ws'
[0.243s] Level 1:colcon.colcon_core.package_identification:_identify(.) by extensions ['ignore', 'ignore_ament_install']
[0.243s] Level 1:colcon.colcon_core.package_identification:_identify(.) by extension 'ignore'
[0.243s] Level 1:colcon.colcon_core.package_identification:_identify(.) by extension 'ignore_ament_install'
[0.243s] Level 1:colcon.colcon_core.package_identification:_identify(.) by extensions ['colcon_pkg']
[0.243s] Level 1:colcon.colcon_core.package_identification:_identify(.) by extension 'colcon_pkg'
[0.243s] Level 1:colcon.colcon_core.package_identification:_identify(.) by extensions ['colcon_meta']
[0.243s] Level 1:colcon.colcon_core.package_identification:_identify(.) by extension 'colcon_meta'
[0.243s] Level 1:colcon.colcon_core.package_identification:_identify(.) by extensions ['ros']
[0.243s] Level 1:colcon.colcon_core.package_identification:_identify(.) by extension 'ros'
[0.253s] Level 1:colcon.colcon_core.package_identification:_identify(.) by extensions ['cmake', 'python']
[0.253s] Level 1:colcon.colcon_core.package_identification:_identify(.) by extension 'cmake'
[0.253s] Level 1:colcon.colcon_core.package_identification:_identify(.) by extension 'python'
[0.253s] Level 1:colcon.colcon_core.package_identification:_identify(.) by extensions ['python_setup_py']
[0.253s] Level 1:colcon.colcon_core.package_identification:_identify(.) by extension 'python_setup_py'
[0.253s] Level 1:colcon.colcon_core.package_identification:_identify(build) by extensions ['ignore', 'ignore_ament_install']
[0.253s] Level 1:colcon.colcon_core.package_identification:_identify(build) by extension 'ignore'
[0.253s] Level 1:colcon.colcon_core.package_identification:_identify(build) ignored
[0.254s] Level 1:colcon.colcon_core.package_identification:_identify(install) by extensions ['ignore', 'ignore_ament_install']
[0.254s] Level 1:colcon.colcon_core.package_identification:_identify(install) by extension 'ignore'
[0.254s] Level 1:colcon.colcon_core.package_identification:_identify(install) ignored
[0.254s] Level 1:colcon.colcon_core.package_identification:_identify(log) by extensions ['ignore', 'ignore_ament_install']
[0.254s] Level 1:colcon.colcon_core.package_identification:_identify(log) by extension 'ignore'
[0.254s] Level 1:colcon.colcon_core.package_identification:_identify(log) ignored
[0.254s] Level 1:colcon.colcon_core.package_identification:_identify(src) by extensions ['ignore', 'ignore_ament_install']
[0.254s] Level 1:colcon.colcon_core.package_identification:_identify(src) by extension 'ignore'
[0.254s] Level 1:colcon.colcon_core.package_identification:_identify(src) by extension 'ignore_ament_install'
[0.254s] Level 1:colcon.colcon_core.package_identification:_identify(src) by extensions ['colcon_pkg']
[0.254s] Level 1:colcon.colcon_core.package_identification:_identify(src) by extension 'colcon_pkg'
[0.254s] Level 1:colcon.colcon_core.package_identification:_identify(src) by extensions ['colcon_meta']
[0.254s] Level 1:colcon.colcon_core.package_identification:_identify(src) by extension 'colcon_meta'
[0.254s] Level 1:colcon.colcon_core.package_identification:_identify(src) by extensions ['ros']
[0.254s] Level 1:colcon.colcon_core.package_identification:_identify(src) by extension 'ros'
[0.254s] Level 1:colcon.colcon_core.package_identification:_identify(src) by extensions ['cmake', 'python']
[0.254s] Level 1:colcon.colcon_core.package_identification:_identify(src) by extension 'cmake'
[0.254s] Level 1:colcon.colcon_core.package_identification:_identify(src) by extension 'python'
[0.254s] Level 1:colcon.colcon_core.package_identification:_identify(src) by extensions ['python_setup_py']
[0.254s] Level 1:colcon.colcon_core.package_identification:_identify(src) by extension 'python_setup_py'
[0.254s] Level 1:colcon.colcon_core.package_identification:_identify(src/cipher_interfaces) by extensions ['ignore', 'ignore_ament_install']
[0.254s] Level 1:colcon.colcon_core.package_identification:_identify(src/cipher_interfaces) by extension 'ignore'
[0.254s] Level 1:colcon.colcon_core.package_identification:_identify(src/cipher_interfaces) by extension 'ignore_ament_install'
[0.255s] Level 1:colcon.colcon_core.package_identification:_identify(src/cipher_interfaces) by extensions ['colcon_pkg']
[0.255s] Level 1:colcon.colcon_core.package_identification:_identify(src/cipher_interfaces) by extension 'colcon_pkg'
[0.255s] Level 1:colcon.colcon_core.package_identification:_identify(src/cipher_interfaces) by extensions ['colcon_meta']
[0.255s] Level 1:colcon.colcon_core.package_identification:_identify(src/cipher_interfaces) by extension 'colcon_meta'
[0.255s] Level 1:colcon.colcon_core.package_identification:_identify(src/cipher_interfaces) by extensions ['ros']
[0.255s] Level 1:colcon.colcon_core.package_identification:_identify(src/cipher_interfaces) by extension 'ros'
[0.257s] DEBUG:colcon.colcon_core.package_identification:Package 'src/cipher_interfaces' with type 'ros.ament_cmake' and name 'cipher_interfaces'
[0.257s] Level 1:colcon.colcon_core.package_identification:_identify(src/decipher) by extensions ['ignore', 'ignore_ament_install']
[0.257s] Level 1:colcon.colcon_core.package_identification:_identify(src/decipher) by extension 'ignore'
[0.257s] Level 1:colcon.colcon_core.package_identification:_identify(src/decipher) by extension 'ignore_ament_install'
[0.257s] Level 1:colcon.colcon_core.package_identification:_identify(src/decipher) by extensions ['colcon_pkg']
[0.257s] Level 1:colcon.colcon_core.package_identification:_identify(src/decipher) by extension 'colcon_pkg'
[0.257s] Level 1:colcon.colcon_core.package_identification:_identify(src/decipher) by extensions ['colcon_meta']
[0.257s] Level 1:colcon.colcon_core.package_identification:_identify(src/decipher) by extension 'colcon_meta'
[0.257s] Level 1:colcon.colcon_core.package_identification:_identify(src/decipher) by extensions ['ros']
[0.257s] Level 1:colcon.colcon_core.package_identification:_identify(src/decipher) by extension 'ros'
[0.257s] DEBUG:colcon.colcon_core.package_identification:Package 'src/decipher' with type 'ros.ament_cmake' and name 'decipher'
[0.258s] Level 1:colcon.colcon_core.package_discovery:discover_packages(recursive) using defaults
[0.258s] Level 1:colcon.colcon_core.package_discovery:discover_packages(ignore) discover
[0.258s] Level 1:colcon.colcon_core.package_discovery:discover_packages(ignore) using defaults
[0.258s] Level 1:colcon.colcon_core.package_discovery:discover_packages(path) discover
[0.258s] Level 1:colcon.colcon_core.package_discovery:discover_packages(path) using defaults
[0.284s] INFO:colcon.colcon_core.package_selection:Skipping not selected package 'cipher_interfaces' in 'src/cipher_interfaces'
[0.285s] Level 1:colcon.colcon_core.package_discovery:discover_packages(prefix_path) check parameters
[0.285s] Level 1:colcon.colcon_core.package_discovery:discover_packages(prefix_path) discover
[0.287s] DEBUG:colcon.colcon_installed_package_information.package_discovery:Found 293 installed packages in /opt/ros/humble
[0.288s] Level 1:colcon.colcon_core.package_discovery:discover_packages(prefix_path) using defaults
[0.318s] Level 5:colcon.colcon_core.verb:set package 'decipher' build argument 'cmake_args' from command line to 'None'
[0.318s] Level 5:colcon.colcon_core.verb:set package 'decipher' build argument 'cmake_target' from command line to 'None'
[0.318s] Level 5:colcon.colcon_core.verb:set package 'decipher' build argument 'cmake_target_skip_unavailable' from command line to 'False'
[0.318s] Level 5:colcon.colcon_core.verb:set package 'decipher' build argument 'cmake_clean_cache' from command line to 'False'
[0.318s] Level 5:colcon.colcon_core.verb:set package 'decipher' build argument 'cmake_clean_first' from command line to 'False'
[0.318s] Level 5:colcon.colcon_core.verb:set package 'decipher' build argument 'cmake_force_configure' from command line to 'False'
[0.318s] Level 5:colcon.colcon_core.verb:set package 'decipher' build argument 'ament_cmake_args' from command line to 'None'
[0.318s] Level 5:colcon.colcon_core.verb:set package 'decipher' build argument 'catkin_cmake_args' from command line to 'None'
[0.318s] Level 5:colcon.colcon_core.verb:set package 'decipher' build argument 'catkin_skip_building_tests' from command line to 'False'
[0.319s] DEBUG:colcon.colcon_core.verb:Building package 'decipher' with the following arguments: {'ament_cmake_args': None, 'build_base': '/home/ash/ros2_ws/build/decipher', 'catkin_cmake_args': None, 'catkin_skip_building_tests': False, 'cmake_args': None, 'cmake_clean_cache': False, 'cmake_clean_first': False, 'cmake_force_configure': False, 'cmake_target': None, 'cmake_target_skip_unavailable': False, 'install_base': '/home/ash/ros2_ws/install/decipher', 'merge_install': False, 'path': '/home/ash/ros2_ws/src/decipher', 'symlink_install': False, 'test_result_base': None}
[0.319s] INFO:colcon.colcon_core.executor:Executing jobs using 'parallel' executor
[0.320s] DEBUG:colcon.colcon_parallel_executor.executor.parallel:run_until_complete
[0.320s] INFO:colcon.colcon_ros.task.ament_cmake.build:Building ROS package in '/home/ash/ros2_ws/src/decipher' with build type 'ament_cmake'
[0.321s] INFO:colcon.colcon_cmake.task.cmake.build:Building CMake package in '/home/ash/ros2_ws/src/decipher'
[0.324s] INFO:colcon.colcon_core.plugin_system:Skipping extension 'colcon_core.shell.bat': Not used on non-Windows systems
[0.324s] INFO:colcon.colcon_core.shell:Skip shell extension 'powershell' for command environment: Not usable outside of PowerShell
[0.324s] DEBUG:colcon.colcon_core.shell:Skip shell extension 'dsv' for command environment
[0.425s] DEBUG:colcon.colcon_core.event_handler.log_command:Invoking command in '/home/ash/ros2_ws/build/decipher': AMENT_PREFIX_PATH=/home/ash/ros2_ws/install/cipher_interfaces:${AMENT_PREFIX_PATH} CMAKE_PREFIX_PATH=/home/ash/ros2_ws/install/cipher_interfaces:/opt/ros/humble LD_LIBRARY_PATH=/home/ash/ros2_ws/install/cipher_interfaces/lib:${LD_LIBRARY_PATH} PYTHONPATH=/home/ash/ros2_ws/install/cipher_interfaces/local/lib/python3.10/dist-packages:${PYTHONPATH} /usr/bin/cmake --build /home/ash/ros2_ws/build/decipher -- -j14 -l14
[1.150s] DEBUG:colcon.colcon_core.event_handler.log_command:Invoked command in '/home/ash/ros2_ws/build/decipher' returned '0': AMENT_PREFIX_PATH=/home/ash/ros2_ws/install/cipher_interfaces:${AMENT_PREFIX_PATH} CMAKE_PREFIX_PATH=/home/ash/ros2_ws/install/cipher_interfaces:/opt/ros/humble LD_LIBRARY_PATH=/home/ash/ros2_ws/install/cipher_interfaces/lib:${LD_LIBRARY_PATH} PYTHONPATH=/home/ash/ros2_ws/install/cipher_interfaces/local/lib/python3.10/dist-packages:${PYTHONPATH} /usr/bin/cmake --build /home/ash/ros2_ws/build/decipher -- -j14 -l14
[1.229s] DEBUG:colcon.colcon_core.event_handler.log_command:Invoking command in '/home/ash/ros2_ws/build/decipher': AMENT_PREFIX_PATH=/home/ash/ros2_ws/install/cipher_interfaces:${AMENT_PREFIX_PATH} CMAKE_PREFIX_PATH=/home/ash/ros2_ws/install/cipher_interfaces:/opt/ros/humble LD_LIBRARY_PATH=/home/ash/ros2_ws/install/cipher_interfaces/lib:${LD_LIBRARY_PATH} PYTHONPATH=/home/ash/ros2_ws/install/cipher_interfaces/local/lib/python3.10/dist-packages:${PYTHONPATH} /usr/bin/cmake --install /home/ash/ros2_ws/build/decipher
[1.254s] Level 1:colcon.colcon_core.environment:create_environment_scripts_only(decipher)
[1.255s] DEBUG:colcon.colcon_core.event_handler.log_command:Invoked command in '/home/ash/ros2_ws/build/decipher' returned '0': AMENT_PREFIX_PATH=/home/ash/ros2_ws/install/cipher_interfaces:${AMENT_PREFIX_PATH} CMAKE_PREFIX_PATH=/home/ash/ros2_ws/install/cipher_interfaces:/opt/ros/humble LD_LIBRARY_PATH=/home/ash/ros2_ws/install/cipher_interfaces/lib:${LD_LIBRARY_PATH} PYTHONPATH=/home/ash/ros2_ws/install/cipher_interfaces/local/lib/python3.10/dist-packages:${PYTHONPATH} /usr/bin/cmake --install /home/ash/ros2_ws/build/decipher
[1.264s] Level 1:colcon.colcon_core.environment:checking '/home/ash/ros2_ws/install/decipher' for CMake module files
[1.265s] Level 1:colcon.colcon_core.environment:checking '/home/ash/ros2_ws/install/decipher' for CMake config files
[1.265s] Level 1:colcon.colcon_core.shell:create_environment_hook('decipher', 'cmake_prefix_path')
[1.265s] INFO:colcon.colcon_core.shell:Creating environment hook '/home/ash/ros2_ws/install/decipher/share/decipher/hook/cmake_prefix_path.ps1'
[1.266s] INFO:colcon.colcon_core.shell:Creating environment descriptor '/home/ash/ros2_ws/install/decipher/share/decipher/hook/cmake_prefix_path.dsv'
[1.267s] INFO:colcon.colcon_core.shell:Creating environment hook '/home/ash/ros2_ws/install/decipher/share/decipher/hook/cmake_prefix_path.sh'
[1.269s] Level 1:colcon.colcon_core.environment:checking '/home/ash/ros2_ws/install/decipher/lib'
[1.269s] Level 1:colcon.colcon_core.environment:checking '/home/ash/ros2_ws/install/decipher/bin'
[1.269s] Level 1:colcon.colcon_core.environment:checking '/home/ash/ros2_ws/install/decipher/lib/pkgconfig/decipher.pc'
[1.269s] Level 1:colcon.colcon_core.environment:checking '/home/ash/ros2_ws/install/decipher/lib/python3.10/site-packages'
[1.270s] Level 1:colcon.colcon_core.environment:checking '/home/ash/ros2_ws/install/decipher/bin'
[1.270s] INFO:colcon.colcon_core.shell:Creating package script '/home/ash/ros2_ws/install/decipher/share/decipher/package.ps1'
[1.271s] INFO:colcon.colcon_core.shell:Creating package descriptor '/home/ash/ros2_ws/install/decipher/share/decipher/package.dsv'
[1.272s] INFO:colcon.colcon_core.shell:Creating package script '/home/ash/ros2_ws/install/decipher/share/decipher/package.sh'
[1.273s] INFO:colcon.colcon_core.shell:Creating package script '/home/ash/ros2_ws/install/decipher/share/decipher/package.bash'
[1.273s] INFO:colcon.colcon_core.shell:Creating package script '/home/ash/ros2_ws/install/decipher/share/decipher/package.zsh'
[1.275s] Level 1:colcon.colcon_core.environment:create_file_with_runtime_dependencies(/home/ash/ros2_ws/install/decipher/share/colcon-core/packages/decipher)
[1.340s] Level 1:colcon.colcon_core.environment:create_environment_scripts_only(decipher)
[1.340s] Level 1:colcon.colcon_core.environment:checking '/home/ash/ros2_ws/install/decipher' for CMake module files
[1.341s] Level 1:colcon.colcon_core.environment:checking '/home/ash/ros2_ws/install/decipher' for CMake config files
[1.341s] Level 1:colcon.colcon_core.shell:create_environment_hook('decipher', 'cmake_prefix_path')
[1.341s] INFO:colcon.colcon_core.shell:Creating environment hook '/home/ash/ros2_ws/install/decipher/share/decipher/hook/cmake_prefix_path.ps1'
[1.342s] INFO:colcon.colcon_core.shell:Creating environment descriptor '/home/ash/ros2_ws/install/decipher/share/decipher/hook/cmake_prefix_path.dsv'
[1.343s] INFO:colcon.colcon_core.shell:Creating environment hook '/home/ash/ros2_ws/install/decipher/share/decipher/hook/cmake_prefix_path.sh'
[1.344s] Level 1:colcon.colcon_core.environment:checking '/home/ash/ros2_ws/install/decipher/lib'
[1.344s] Level 1:colcon.colcon_core.environment:checking '/home/ash/ros2_ws/install/decipher/bin'
[1.344s] Level 1:colcon.colcon_core.environment:checking '/home/ash/ros2_ws/install/decipher/lib/pkgconfig/decipher.pc'
[1.344s] Level 1:colcon.colcon_core.environment:checking '/home/ash/ros2_ws/install/decipher/lib/python3.10/site-packages'
[1.345s] Level 1:colcon.colcon_core.environment:checking '/home/ash/ros2_ws/install/decipher/bin'
[1.345s] INFO:colcon.colcon_core.shell:Creating package script '/home/ash/ros2_ws/install/decipher/share/decipher/package.ps1'
[1.345s] INFO:colcon.colcon_core.shell:Creating package descriptor '/home/ash/ros2_ws/install/decipher/share/decipher/package.dsv'
[1.347s] INFO:colcon.colcon_core.shell:Creating package script '/home/ash/ros2_ws/install/decipher/share/decipher/package.sh'
[1.348s] INFO:colcon.colcon_core.shell:Creating package script '/home/ash/ros2_ws/install/decipher/share/decipher/package.bash'
[1.361s] INFO:colcon.colcon_core.shell:Creating package script '/home/ash/ros2_ws/install/decipher/share/decipher/package.zsh'
[1.365s] Level 1:colcon.colcon_core.environment:create_file_with_runtime_dependencies(/home/ash/ros2_ws/install/decipher/share/colcon-core/packages/decipher)
[1.378s] DEBUG:colcon.colcon_parallel_executor.executor.parallel:closing loop
[1.381s] DEBUG:colcon.colcon_parallel_executor.executor.parallel:loop closed
[1.381s] DEBUG:colcon.colcon_parallel_executor.executor.parallel:run_until_complete finished with '0'
[1.382s] DEBUG:colcon.colcon_core.event_reactor:joining thread
[1.391s] INFO:colcon.colcon_core.plugin_system:Skipping extension 'colcon_notification.desktop_notification.terminal_notifier': Not used on non-Darwin systems
[1.391s] INFO:colcon.colcon_core.plugin_system:Skipping extension 'colcon_notification.desktop_notification.win32': Not used on non-Windows systems
[1.391s] INFO:colcon.colcon_notification.desktop_notification:Sending desktop notification using 'notify2'
[1.461s] DEBUG:colcon.colcon_core.event_reactor:joined thread
[1.461s] INFO:colcon.colcon_core.shell:Creating prefix script '/home/ash/ros2_ws/install/local_setup.ps1'
[1.463s] INFO:colcon.colcon_core.shell:Creating prefix util module '/home/ash/ros2_ws/install/_local_setup_util_ps1.py'
[1.466s] INFO:colcon.colcon_core.shell:Creating prefix chain script '/home/ash/ros2_ws/install/setup.ps1'
[1.473s] INFO:colcon.colcon_core.shell:Creating prefix script '/home/ash/ros2_ws/install/local_setup.sh'
[1.474s] INFO:colcon.colcon_core.shell:Creating prefix util module '/home/ash/ros2_ws/install/_local_setup_util_sh.py'
[1.475s] INFO:colcon.colcon_core.shell:Creating prefix chain script '/home/ash/ros2_ws/install/setup.sh'
[1.477s] INFO:colcon.colcon_core.shell:Creating prefix script '/home/ash/ros2_ws/install/local_setup.bash'
[1.478s] INFO:colcon.colcon_core.shell:Creating prefix chain script '/home/ash/ros2_ws/install/setup.bash'
[1.479s] INFO:colcon.colcon_core.shell:Creating prefix script '/home/ash/ros2_ws/install/local_setup.zsh'
[1.479s] INFO:colcon.colcon_core.shell:Creating prefix chain script '/home/ash/ros2_ws/install/setup.zsh'
