[0.040s] Invoking command in '/home/ash/ros2_ws/build/decipher': CMAKE_PREFIX_PATH=/home/ash/ros2_ws/install/cipher_interfaces:/home/ash/ros2_ws/install/decipher:/opt/ros/humble /usr/bin/cmake --build /home/ash/ros2_ws/build/decipher -- -j14 -l14
[0.341s] [35m[1mConsolidate compiler generated dependencies of target listener[0m
[0.404s] [ 33%] Built target talker
[0.450s] [ 50%] [32mBuilding CXX object CMakeFiles/service.dir/src/testsrv.cpp.o[0m
[0.450s] [ 83%] Built target listener
[5.659s] [100%] [32m[1mLinking CXX executable service[0m
[5.837s] [100%] Built target service
[5.857s] Invoked command in '/home/ash/ros2_ws/build/decipher' returned '0': CMAKE_PREFIX_PATH=/home/ash/ros2_ws/install/cipher_interfaces:/home/ash/ros2_ws/install/decipher:/opt/ros/humble /usr/bin/cmake --build /home/ash/ros2_ws/build/decipher -- -j14 -l14
[5.985s] Invoking command in '/home/ash/ros2_ws/build/decipher': CMAKE_PREFIX_PATH=/home/ash/ros2_ws/install/cipher_interfaces:/home/ash/ros2_ws/install/decipher:/opt/ros/humble /usr/bin/cmake --install /home/ash/ros2_ws/build/decipher
[5.993s] -- Install configuration: ""
[5.993s] -- Up-to-date: /home/ash/ros2_ws/install/decipher/share/decipher//launch
[5.993s] -- Up-to-date: /home/ash/ros2_ws/install/decipher/share/decipher//launch/__pycache__
[5.993s] -- Up-to-date: /home/ash/ros2_ws/install/decipher/share/decipher//launch/__pycache__/launch.cpython-310.pyc
[5.993s] -- Up-to-date: /home/ash/ros2_ws/install/decipher/share/decipher//launch/launch.py
[5.993s] -- Up-to-date: /home/ash/ros2_ws/install/decipher/share/decipher//config
[5.993s] -- Up-to-date: /home/ash/ros2_ws/install/decipher/share/decipher//config/params.yaml
[5.993s] -- Up-to-date: /home/ash/ros2_ws/install/decipher/lib/decipher/talker
[5.994s] -- Installing: /home/ash/ros2_ws/install/decipher/lib/decipher/service
[5.997s] -- Set runtime path of "/home/ash/ros2_ws/install/decipher/lib/decipher/service" to ""
[5.998s] -- Up-to-date: /home/ash/ros2_ws/install/decipher/lib/decipher/listener
[5.998s] -- Up-to-date: /home/ash/ros2_ws/install/decipher/share/ament_index/resource_index/package_run_dependencies/decipher
[5.998s] -- Up-to-date: /home/ash/ros2_ws/install/decipher/share/ament_index/resource_index/parent_prefix_path/decipher
[5.998s] -- Up-to-date: /home/ash/ros2_ws/install/decipher/share/decipher/environment/ament_prefix_path.sh
[5.999s] -- Up-to-date: /home/ash/ros2_ws/install/decipher/share/decipher/environment/ament_prefix_path.dsv
[5.999s] -- Up-to-date: /home/ash/ros2_ws/install/decipher/share/decipher/environment/path.sh
[6.000s] -- Up-to-date: /home/ash/ros2_ws/install/decipher/share/decipher/environment/path.dsv
[6.002s] -- Up-to-date: /home/ash/ros2_ws/install/decipher/share/decipher/local_setup.bash
[6.005s] -- Up-to-date: /home/ash/ros2_ws/install/decipher/share/decipher/local_setup.sh
[6.006s] -- Up-to-date: /home/ash/ros2_ws/install/decipher/share/decipher/local_setup.zsh
[6.007s] -- Up-to-date: /home/ash/ros2_ws/install/decipher/share/decipher/local_setup.dsv
[6.007s] -- Installing: /home/ash/ros2_ws/install/decipher/share/decipher/package.dsv
[6.007s] -- Up-to-date: /home/ash/ros2_ws/install/decipher/share/ament_index/resource_index/packages/decipher
[6.007s] -- Up-to-date: /home/ash/ros2_ws/install/decipher/share/decipher/cmake/decipherConfig.cmake
[6.007s] -- Up-to-date: /home/ash/ros2_ws/install/decipher/share/decipher/cmake/decipherConfig-version.cmake
[6.007s] -- Up-to-date: /home/ash/ros2_ws/install/decipher/share/decipher/package.xml
[6.007s] Invoked command in '/home/ash/ros2_ws/build/decipher' returned '0': CMAKE_PREFIX_PATH=/home/ash/ros2_ws/install/cipher_interfaces:/home/ash/ros2_ws/install/decipher:/opt/ros/humble /usr/bin/cmake --install /home/ash/ros2_ws/build/decipher
