[  2%] Built target cipher_interfaces__cpp
[ 12%] Built target cipher_interfaces__rosidl_generator_c
[ 12%] Built target ament_cmake_python_copy_cipher_interfaces
[ 23%] Built target cipher_interfaces__rosidl_typesupport_fastrtps_cpp
[ 33%] Built target cipher_interfaces__rosidl_typesupport_cpp
[ 43%] Built target cipher_interfaces__rosidl_typesupport_fastrtps_c
[ 53%] Built target cipher_interfaces__rosidl_typesupport_introspection_cpp
[ 64%] Built target cipher_interfaces__rosidl_typesupport_introspection_c
[ 74%] Built target cipher_interfaces__rosidl_typesupport_c
[ 74%] Built target cipher_interfaces
[ 76%] Built target cipher_interfaces__py
Traceback (most recent call last):
  File "/home/ash/ros2_ws/build/cipher_interfaces/ament_cmake_python/cipher_interfaces/setup.py", line 1, in <module>
    from setuptools import find_packages
  File "/usr/lib/python3/dist-packages/setuptools/__init__.py", line 16, in <module>
gmake[2]: *** [CMakeFiles/cipher_interfaces__rosidl_generator_py.dir/build.make:136: CMakeFiles/cipher_interfaces__rosidl_generator_py.dir/depend] Interrupt
gmake[1]: *** [CMakeFiles/Makefile2:474: CMakeFiles/cipher_interfaces__rosidl_generator_py.dir/all] Interrupt
    import setuptools.version
  File "/usr/lib/python3/dist-packages/setuptools/version.py", line 1, in <module>
    import pkg_resources
  File "/usr/lib/python3/dist-packages/pkg_resources/__init__.py", line 3267, in <module>
    def _initialize_master_working_set():
  File "/usr/lib/python3/dist-packages/pkg_resources/__init__.py", line 3241, in _call_aside
    f(*args, **kwargs)
  File "/usr/lib/python3/dist-packages/pkg_resources/__init__.py", line 3279, in _initialize_master_working_set
    working_set = WorkingSet._build_master()
  File "/usr/lib/python3/dist-packages/pkg_resources/__init__.py", line 564, in _build_master
    ws = cls()
  File "/usr/lib/python3/dist-packages/pkg_resources/__init__.py", line 557, in __init__
    self.add_entry(entry)
  File "/usr/lib/python3/dist-packages/pkg_resources/__init__.py", line 613, in add_entry
    for dist in find_distributions(entry, True):
  File "/usr/lib/python3/dist-packages/pkg_resources/__init__.py", line 2077, in find_on_path
    for dist in factory(fullpath):
  File "/usr/lib/python3/dist-packages/pkg_resources/__init__.py", line 2134, in distributions_from_metadata
    if os.path.isdir(path):
  File "/usr/lib/python3.10/genericpath.py", line 42, in isdir
    st = os.stat(s)
KeyboardInterrupt
gmake[2]: *** [CMakeFiles/ament_cmake_python_build_cipher_interfaces_egg.dir/build.make:70: CMakeFiles/ament_cmake_python_build_cipher_interfaces_egg] Interrupt
gmake[1]: *** [CMakeFiles/Makefile2:447: CMakeFiles/ament_cmake_python_build_cipher_interfaces_egg.dir/all] Interrupt
gmake: *** [Makefile:146: all] Interrupt
