-- Found ament_cmake: 1.3.10 (/opt/ros/humble/share/ament_cmake/cmake)
-- Found rclcpp: 16.0.10 (/opt/ros/humble/share/rclcpp/cmake)
-- Found rosidl_generator_c: 3.1.5 (/opt/ros/humble/share/rosidl_generator_c/cmake)
-- Found rosidl_adapter: 3.1.5 (/opt/ros/humble/share/rosidl_adapter/cmake)
-- Found rosidl_generator_cpp: 3.1.5 (/opt/ros/humble/share/rosidl_generator_cpp/cmake)
-- Using all available rosidl_typesupport_c: rosidl_typesupport_fastrtps_c;rosidl_typesupport_introspection_c
-- Using all available rosidl_typesupport_cpp: rosidl_typesupport_fastrtps_cpp;rosidl_typesupport_introspection_cpp
-- Found rmw_implementation_cmake: 6.1.2 (/opt/ros/humble/share/rmw_implementation_cmake/cmake)
-- Found rmw_fastrtps_cpp: 6.2.7 (/opt/ros/humble/share/rmw_fastrtps_cpp/cmake)
-- Using RMW implementation 'rmw_fastrtps_cpp' as default
-- Found cipher_interfaces: 0.0.0 (/home/ash/ros2_ws/install/cipher_interfaces/share/cipher_interfaces/cmake)
-- Found ament_lint_auto: 0.12.11 (/opt/ros/humble/share/ament_lint_auto/cmake)
-- Added test 'cppcheck' to perform static code analysis on C / C++ code
-- Configured cppcheck include dirs: 
-- Configured cppcheck exclude dirs and/or files: 
-- Added test 'flake8' to check Python code syntax and style conventions
-- Added test 'lint_cmake' to check CMake code style
-- Added test 'pep257' to check Python code against some of the docstring style conventions in PEP 257
-- Added test 'uncrustify' to check C / C++ code style
-- Configured uncrustify additional arguments: 
-- Added test 'xmllint' to check XML markup files
-- Configuring done
-- Generating done
-- Build files have been written to: /home/ash/ros2_ws/build/decipher
[35m[1mConsolidate compiler generated dependencies of target talker[0m
[35m[1mConsolidate compiler generated dependencies of target service[0m
[ 16%] [32mBuilding CXX object CMakeFiles/listener.dir/src/decipher.cpp.o[0m
[ 50%] Built target talker
[ 83%] Built target service
[100%] [32m[1mLinking CXX executable listener[0m
[100%] Built target listener
-- Install configuration: ""
-- Installing: /home/ash/ros2_ws/install/decipher/share/decipher//launch
-- Installing: /home/ash/ros2_ws/install/decipher/share/decipher//launch/__pycache__
-- Installing: /home/ash/ros2_ws/install/decipher/share/decipher//launch/__pycache__/launch.cpython-310.pyc
-- Installing: /home/ash/ros2_ws/install/decipher/share/decipher//launch/launch.py
-- Installing: /home/ash/ros2_ws/install/decipher/share/decipher//config
-- Installing: /home/ash/ros2_ws/install/decipher/share/decipher//config/params.yaml
-- Installing: /home/ash/ros2_ws/install/decipher/lib/decipher/talker
-- Set runtime path of "/home/ash/ros2_ws/install/decipher/lib/decipher/talker" to ""
-- Installing: /home/ash/ros2_ws/install/decipher/lib/decipher/service
-- Set runtime path of "/home/ash/ros2_ws/install/decipher/lib/decipher/service" to ""
-- Installing: /home/ash/ros2_ws/install/decipher/lib/decipher/listener
-- Set runtime path of "/home/ash/ros2_ws/install/decipher/lib/decipher/listener" to ""
-- Installing: /home/ash/ros2_ws/install/decipher/share/ament_index/resource_index/package_run_dependencies/decipher
-- Installing: /home/ash/ros2_ws/install/decipher/share/ament_index/resource_index/parent_prefix_path/decipher
-- Installing: /home/ash/ros2_ws/install/decipher/share/decipher/environment/ament_prefix_path.sh
-- Installing: /home/ash/ros2_ws/install/decipher/share/decipher/environment/ament_prefix_path.dsv
-- Installing: /home/ash/ros2_ws/install/decipher/share/decipher/environment/path.sh
-- Installing: /home/ash/ros2_ws/install/decipher/share/decipher/environment/path.dsv
-- Installing: /home/ash/ros2_ws/install/decipher/share/decipher/local_setup.bash
-- Installing: /home/ash/ros2_ws/install/decipher/share/decipher/local_setup.sh
-- Installing: /home/ash/ros2_ws/install/decipher/share/decipher/local_setup.zsh
-- Installing: /home/ash/ros2_ws/install/decipher/share/decipher/local_setup.dsv
-- Installing: /home/ash/ros2_ws/install/decipher/share/decipher/package.dsv
-- Installing: /home/ash/ros2_ws/install/decipher/share/ament_index/resource_index/packages/decipher
-- Installing: /home/ash/ros2_ws/install/decipher/share/decipher/cmake/decipherConfig.cmake
-- Installing: /home/ash/ros2_ws/install/decipher/share/decipher/cmake/decipherConfig-version.cmake
-- Installing: /home/ash/ros2_ws/install/decipher/share/decipher/package.xml
