[0.038s] Invoking command in '/home/ash/ros2_ws/build/decipher': AMENT_PREFIX_PATH=/home/ash/ros2_ws/install/cipher_interfaces:${AMENT_PREFIX_PATH} CMAKE_PREFIX_PATH=/home/ash/ros2_ws/install/cipher_interfaces:/opt/ros/humble LD_LIBRARY_PATH=/home/ash/ros2_ws/install/cipher_interfaces/lib:${LD_LIBRARY_PATH} PYTHONPATH=/home/ash/ros2_ws/install/cipher_interfaces/local/lib/python3.10/dist-packages:${PYTHONPATH} /usr/bin/cmake --build /home/ash/ros2_ws/build/decipher -- -j14 -l14
[0.063s] -- Found ament_cmake: 1.3.10 (/opt/ros/humble/share/ament_cmake/cmake)
[0.193s] -- Found rclcpp: 16.0.10 (/opt/ros/humble/share/rclcpp/cmake)
[0.217s] -- Found rosidl_generator_c: 3.1.5 (/opt/ros/humble/share/rosidl_generator_c/cmake)
[0.220s] -- Found rosidl_adapter: 3.1.5 (/opt/ros/humble/share/rosidl_adapter/cmake)
[0.224s] -- Found rosidl_generator_cpp: 3.1.5 (/opt/ros/humble/share/rosidl_generator_cpp/cmake)
[0.233s] -- Using all available rosidl_typesupport_c: rosidl_typesupport_fastrtps_c;rosidl_typesupport_introspection_c
[0.242s] -- Using all available rosidl_typesupport_cpp: rosidl_typesupport_fastrtps_cpp;rosidl_typesupport_introspection_cpp
[0.268s] -- Found rmw_implementation_cmake: 6.1.2 (/opt/ros/humble/share/rmw_implementation_cmake/cmake)
[0.269s] -- Found rmw_fastrtps_cpp: 6.2.7 (/opt/ros/humble/share/rmw_fastrtps_cpp/cmake)
[0.375s] -- Using RMW implementation 'rmw_fastrtps_cpp' as default
[0.439s] -- Found cipher_interfaces: 0.0.0 (/home/ash/ros2_ws/install/cipher_interfaces/share/cipher_interfaces/cmake)
[0.453s] -- Found ament_lint_auto: 0.12.11 (/opt/ros/humble/share/ament_lint_auto/cmake)
[0.588s] -- Added test 'cppcheck' to perform static code analysis on C / C++ code
[0.588s] -- Configured cppcheck include dirs: 
[0.588s] -- Configured cppcheck exclude dirs and/or files: 
[0.588s] -- Added test 'flake8' to check Python code syntax and style conventions
[0.589s] -- Added test 'lint_cmake' to check CMake code style
[0.590s] -- Added test 'pep257' to check Python code against some of the docstring style conventions in PEP 257
[0.592s] -- Added test 'uncrustify' to check C / C++ code style
[0.592s] -- Configured uncrustify additional arguments: 
[0.593s] -- Added test 'xmllint' to check XML markup files
[0.593s] -- Configuring done
[0.633s] -- Generating done
[0.637s] -- Build files have been written to: /home/ash/ros2_ws/build/decipher
[0.676s] [35m[1mConsolidate compiler generated dependencies of target talker[0m
[0.678s] [35m[1mConsolidate compiler generated dependencies of target service[0m
[0.741s] [ 16%] [32mBuilding CXX object CMakeFiles/listener.dir/src/decipher.cpp.o[0m
[0.752s] [ 50%] Built target talker
[0.755s] [ 83%] Built target service
[12.553s] [100%] [32m[1mLinking CXX executable listener[0m
[13.125s] [100%] Built target listener
[13.206s] Invoked command in '/home/ash/ros2_ws/build/decipher' returned '0': AMENT_PREFIX_PATH=/home/ash/ros2_ws/install/cipher_interfaces:${AMENT_PREFIX_PATH} CMAKE_PREFIX_PATH=/home/ash/ros2_ws/install/cipher_interfaces:/opt/ros/humble LD_LIBRARY_PATH=/home/ash/ros2_ws/install/cipher_interfaces/lib:${LD_LIBRARY_PATH} PYTHONPATH=/home/ash/ros2_ws/install/cipher_interfaces/local/lib/python3.10/dist-packages:${PYTHONPATH} /usr/bin/cmake --build /home/ash/ros2_ws/build/decipher -- -j14 -l14
[13.361s] Invoking command in '/home/ash/ros2_ws/build/decipher': AMENT_PREFIX_PATH=/home/ash/ros2_ws/install/cipher_interfaces:${AMENT_PREFIX_PATH} CMAKE_PREFIX_PATH=/home/ash/ros2_ws/install/cipher_interfaces:/opt/ros/humble LD_LIBRARY_PATH=/home/ash/ros2_ws/install/cipher_interfaces/lib:${LD_LIBRARY_PATH} PYTHONPATH=/home/ash/ros2_ws/install/cipher_interfaces/local/lib/python3.10/dist-packages:${PYTHONPATH} /usr/bin/cmake --install /home/ash/ros2_ws/build/decipher
[13.395s] -- Install configuration: ""
[13.395s] -- Installing: /home/ash/ros2_ws/install/decipher/share/decipher//launch
[13.395s] -- Installing: /home/ash/ros2_ws/install/decipher/share/decipher//launch/__pycache__
[13.395s] -- Installing: /home/ash/ros2_ws/install/decipher/share/decipher//launch/__pycache__/launch.cpython-310.pyc
[13.395s] -- Installing: /home/ash/ros2_ws/install/decipher/share/decipher//launch/launch.py
[13.395s] -- Installing: /home/ash/ros2_ws/install/decipher/share/decipher//config
[13.395s] -- Installing: /home/ash/ros2_ws/install/decipher/share/decipher//config/params.yaml
[13.395s] -- Installing: /home/ash/ros2_ws/install/decipher/lib/decipher/talker
[13.397s] -- Set runtime path of "/home/ash/ros2_ws/install/decipher/lib/decipher/talker" to ""
[13.397s] -- Installing: /home/ash/ros2_ws/install/decipher/lib/decipher/service
[13.398s] -- Set runtime path of "/home/ash/ros2_ws/install/decipher/lib/decipher/service" to ""
[13.398s] -- Installing: /home/ash/ros2_ws/install/decipher/lib/decipher/listener
[13.401s] -- Set runtime path of "/home/ash/ros2_ws/install/decipher/lib/decipher/listener" to ""
[13.401s] -- Installing: /home/ash/ros2_ws/install/decipher/share/ament_index/resource_index/package_run_dependencies/decipher
[13.401s] -- Installing: /home/ash/ros2_ws/install/decipher/share/ament_index/resource_index/parent_prefix_path/decipher
[13.402s] -- Installing: /home/ash/ros2_ws/install/decipher/share/decipher/environment/ament_prefix_path.sh
[13.402s] -- Installing: /home/ash/ros2_ws/install/decipher/share/decipher/environment/ament_prefix_path.dsv
[13.402s] -- Installing: /home/ash/ros2_ws/install/decipher/share/decipher/environment/path.sh
[13.402s] -- Installing: /home/ash/ros2_ws/install/decipher/share/decipher/environment/path.dsv
[13.402s] -- Installing: /home/ash/ros2_ws/install/decipher/share/decipher/local_setup.bash
[13.403s] -- Installing: /home/ash/ros2_ws/install/decipher/share/decipher/local_setup.sh
[13.403s] -- Installing: /home/ash/ros2_ws/install/decipher/share/decipher/local_setup.zsh
[13.403s] -- Installing: /home/ash/ros2_ws/install/decipher/share/decipher/local_setup.dsv
[13.403s] -- Installing: /home/ash/ros2_ws/install/decipher/share/decipher/package.dsv
[13.403s] -- Installing: /home/ash/ros2_ws/install/decipher/share/ament_index/resource_index/packages/decipher
[13.403s] -- Installing: /home/ash/ros2_ws/install/decipher/share/decipher/cmake/decipherConfig.cmake
[13.403s] -- Installing: /home/ash/ros2_ws/install/decipher/share/decipher/cmake/decipherConfig-version.cmake
[13.403s] -- Installing: /home/ash/ros2_ws/install/decipher/share/decipher/package.xml
[13.414s] Invoked command in '/home/ash/ros2_ws/build/decipher' returned '0': AMENT_PREFIX_PATH=/home/ash/ros2_ws/install/cipher_interfaces:${AMENT_PREFIX_PATH} CMAKE_PREFIX_PATH=/home/ash/ros2_ws/install/cipher_interfaces:/opt/ros/humble LD_LIBRARY_PATH=/home/ash/ros2_ws/install/cipher_interfaces/lib:${LD_LIBRARY_PATH} PYTHONPATH=/home/ash/ros2_ws/install/cipher_interfaces/local/lib/python3.10/dist-packages:${PYTHONPATH} /usr/bin/cmake --install /home/ash/ros2_ws/build/decipher
