[0.053s] Invoking command in '/home/ash/ros2_ws/build/cipher_interfaces': CMAKE_PREFIX_PATH=/opt/ros/humble /usr/bin/cmake --build /home/ash/ros2_ws/build/cipher_interfaces -- -j14 -l14
[0.244s] [35m[1mConsolidate compiler generated dependencies of target cipher_interfaces__rosidl_generator_c[0m
[0.332s] [ 12%] Built target cipher_interfaces__cpp
[0.332s] [ 10%] Built target cipher_interfaces__rosidl_generator_c
[0.389s] [ 12%] Built target ament_cmake_python_copy_cipher_interfaces
[0.426s] [35m[1mConsolidate compiler generated dependencies of target cipher_interfaces__rosidl_typesupport_c[0m
[0.433s] [35m[1mConsolidate compiler generated dependencies of target cipher_interfaces__rosidl_typesupport_fastrtps_c[0m
[0.453s] [35m[1mConsolidate compiler generated dependencies of target cipher_interfaces__rosidl_typesupport_cpp[0m
[0.453s] [35m[1mConsolidate compiler generated dependencies of target cipher_interfaces__rosidl_typesupport_fastrtps_cpp[0m
[0.453s] [35m[1mConsolidate compiler generated dependencies of target cipher_interfaces__rosidl_typesupport_introspection_c[0m
[0.520s] [35m[1mConsolidate compiler generated dependencies of target cipher_interfaces__rosidl_typesupport_introspection_cpp[0m
[0.533s] [ 23%] Built target cipher_interfaces__rosidl_typesupport_cpp
[0.544s] [ 33%] Built target cipher_interfaces__rosidl_typesupport_c
[0.545s] [ 43%] Built target cipher_interfaces__rosidl_typesupport_fastrtps_c
[0.552s] [ 53%] Built target cipher_interfaces__rosidl_typesupport_introspection_c
[0.552s] [ 64%] Built target cipher_interfaces__rosidl_typesupport_introspection_cpp
[0.574s] [ 74%] Built target cipher_interfaces__rosidl_typesupport_fastrtps_cpp
[0.753s] [ 74%] Built target cipher_interfaces
[0.823s] [ 76%] Built target cipher_interfaces__py
[0.844s] [35m[1mConsolidate compiler generated dependencies of target cipher_interfaces__rosidl_generator_py[0m
[0.876s] [ 84%] Built target cipher_interfaces__rosidl_generator_py
[0.974s] [35m[1mConsolidate compiler generated dependencies of target cipher_interfaces__rosidl_typesupport_introspection_c__pyext[0m
[1.068s] [35m[1mConsolidate compiler generated dependencies of target cipher_interfaces__rosidl_typesupport_fastrtps_c__pyext[0m
[1.090s] [35m[1mConsolidate compiler generated dependencies of target cipher_interfaces__rosidl_typesupport_c__pyext[0m
[1.120s] [ 89%] Built target cipher_interfaces__rosidl_typesupport_introspection_c__pyext
[1.218s] [ 94%] Built target cipher_interfaces__rosidl_typesupport_fastrtps_c__pyext
[1.241s] [100%] Built target cipher_interfaces__rosidl_typesupport_c__pyext
[1.291s] running egg_info
[1.292s] writing cipher_interfaces.egg-info/PKG-INFO
[1.292s] writing dependency_links to cipher_interfaces.egg-info/dependency_links.txt
[1.293s] writing top-level names to cipher_interfaces.egg-info/top_level.txt
[1.295s] reading manifest file 'cipher_interfaces.egg-info/SOURCES.txt'
[1.296s] writing manifest file 'cipher_interfaces.egg-info/SOURCES.txt'
[1.344s] [100%] Built target ament_cmake_python_build_cipher_interfaces_egg
[1.361s] Invoked command in '/home/ash/ros2_ws/build/cipher_interfaces' returned '0': CMAKE_PREFIX_PATH=/opt/ros/humble /usr/bin/cmake --build /home/ash/ros2_ws/build/cipher_interfaces -- -j14 -l14
[1.682s] Invoking command in '/home/ash/ros2_ws/build/cipher_interfaces': CMAKE_PREFIX_PATH=/opt/ros/humble /usr/bin/cmake --install /home/ash/ros2_ws/build/cipher_interfaces
[1.690s] -- Install configuration: ""
[1.690s] -- Up-to-date: /home/ash/ros2_ws/install/cipher_interfaces/share/ament_index/resource_index/rosidl_interfaces/cipher_interfaces
[1.691s] -- Up-to-date: /home/ash/ros2_ws/install/cipher_interfaces/include/cipher_interfaces/cipher_interfaces
[1.691s] -- Up-to-date: /home/ash/ros2_ws/install/cipher_interfaces/include/cipher_interfaces/cipher_interfaces/msg
[1.691s] -- Up-to-date: /home/ash/ros2_ws/install/cipher_interfaces/include/cipher_interfaces/cipher_interfaces/msg/cipher_message.h
[1.691s] -- Up-to-date: /home/ash/ros2_ws/install/cipher_interfaces/include/cipher_interfaces/cipher_interfaces/msg/detail
[1.691s] -- Up-to-date: /home/ash/ros2_ws/install/cipher_interfaces/include/cipher_interfaces/cipher_interfaces/msg/detail/cipher_message__functions.c
[1.691s] -- Up-to-date: /home/ash/ros2_ws/install/cipher_interfaces/include/cipher_interfaces/cipher_interfaces/msg/detail/cipher_message__functions.h
[1.691s] -- Up-to-date: /home/ash/ros2_ws/install/cipher_interfaces/include/cipher_interfaces/cipher_interfaces/msg/detail/cipher_message__struct.h
[1.692s] -- Up-to-date: /home/ash/ros2_ws/install/cipher_interfaces/include/cipher_interfaces/cipher_interfaces/msg/detail/cipher_message__type_support.h
[1.692s] -- Up-to-date: /home/ash/ros2_ws/install/cipher_interfaces/include/cipher_interfaces/cipher_interfaces/msg/rosidl_generator_c__visibility_control.h
[1.692s] -- Up-to-date: /home/ash/ros2_ws/install/cipher_interfaces/include/cipher_interfaces/cipher_interfaces/srv
[1.692s] -- Up-to-date: /home/ash/ros2_ws/install/cipher_interfaces/include/cipher_interfaces/cipher_interfaces/srv/detail
[1.692s] -- Up-to-date: /home/ash/ros2_ws/install/cipher_interfaces/include/cipher_interfaces/cipher_interfaces/srv/detail/cipher_answer__functions.c
[1.692s] -- Up-to-date: /home/ash/ros2_ws/install/cipher_interfaces/include/cipher_interfaces/cipher_interfaces/srv/detail/cipher_answer__functions.h
[1.692s] -- Up-to-date: /home/ash/ros2_ws/install/cipher_interfaces/include/cipher_interfaces/cipher_interfaces/srv/detail/cipher_answer__type_support.h
[1.692s] -- Up-to-date: /home/ash/ros2_ws/install/cipher_interfaces/include/cipher_interfaces/cipher_interfaces/srv/detail/cipher_answer__struct.h
[1.692s] -- Up-to-date: /home/ash/ros2_ws/install/cipher_interfaces/include/cipher_interfaces/cipher_interfaces/srv/cipher_answer.h
[1.692s] -- Up-to-date: /home/ash/ros2_ws/install/cipher_interfaces/share/cipher_interfaces/environment/library_path.sh
[1.692s] -- Up-to-date: /home/ash/ros2_ws/install/cipher_interfaces/share/cipher_interfaces/environment/library_path.dsv
[1.692s] -- Up-to-date: /home/ash/ros2_ws/install/cipher_interfaces/lib/libcipher_interfaces__rosidl_generator_c.so
[1.693s] -- Up-to-date: /home/ash/ros2_ws/install/cipher_interfaces/include/cipher_interfaces/cipher_interfaces
[1.693s] -- Up-to-date: /home/ash/ros2_ws/install/cipher_interfaces/include/cipher_interfaces/cipher_interfaces/msg
[1.693s] -- Up-to-date: /home/ash/ros2_ws/install/cipher_interfaces/include/cipher_interfaces/cipher_interfaces/msg/detail
[1.694s] -- Up-to-date: /home/ash/ros2_ws/install/cipher_interfaces/include/cipher_interfaces/cipher_interfaces/msg/detail/cipher_message__rosidl_typesupport_fastrtps_c.h
[1.694s] -- Up-to-date: /home/ash/ros2_ws/install/cipher_interfaces/include/cipher_interfaces/cipher_interfaces/msg/rosidl_typesupport_fastrtps_c__visibility_control.h
[1.694s] -- Up-to-date: /home/ash/ros2_ws/install/cipher_interfaces/include/cipher_interfaces/cipher_interfaces/srv
[1.694s] -- Up-to-date: /home/ash/ros2_ws/install/cipher_interfaces/include/cipher_interfaces/cipher_interfaces/srv/detail
[1.694s] -- Up-to-date: /home/ash/ros2_ws/install/cipher_interfaces/include/cipher_interfaces/cipher_interfaces/srv/detail/cipher_answer__rosidl_typesupport_fastrtps_c.h
[1.694s] -- Up-to-date: /home/ash/ros2_ws/install/cipher_interfaces/lib/libcipher_interfaces__rosidl_typesupport_fastrtps_c.so
[1.694s] -- Up-to-date: /home/ash/ros2_ws/install/cipher_interfaces/include/cipher_interfaces/cipher_interfaces
[1.694s] -- Up-to-date: /home/ash/ros2_ws/install/cipher_interfaces/include/cipher_interfaces/cipher_interfaces/msg
[1.694s] -- Up-to-date: /home/ash/ros2_ws/install/cipher_interfaces/include/cipher_interfaces/cipher_interfaces/msg/detail
[1.694s] -- Up-to-date: /home/ash/ros2_ws/install/cipher_interfaces/include/cipher_interfaces/cipher_interfaces/msg/detail/cipher_message__type_support.c
[1.695s] -- Up-to-date: /home/ash/ros2_ws/install/cipher_interfaces/include/cipher_interfaces/cipher_interfaces/msg/detail/cipher_message__rosidl_typesupport_introspection_c.h
[1.695s] -- Up-to-date: /home/ash/ros2_ws/install/cipher_interfaces/include/cipher_interfaces/cipher_interfaces/msg/rosidl_typesupport_introspection_c__visibility_control.h
[1.695s] -- Up-to-date: /home/ash/ros2_ws/install/cipher_interfaces/include/cipher_interfaces/cipher_interfaces/srv
[1.695s] -- Up-to-date: /home/ash/ros2_ws/install/cipher_interfaces/include/cipher_interfaces/cipher_interfaces/srv/detail
[1.695s] -- Up-to-date: /home/ash/ros2_ws/install/cipher_interfaces/include/cipher_interfaces/cipher_interfaces/srv/detail/cipher_answer__rosidl_typesupport_introspection_c.h
[1.696s] -- Up-to-date: /home/ash/ros2_ws/install/cipher_interfaces/include/cipher_interfaces/cipher_interfaces/srv/detail/cipher_answer__type_support.c
[1.696s] -- Up-to-date: /home/ash/ros2_ws/install/cipher_interfaces/lib/libcipher_interfaces__rosidl_typesupport_introspection_c.so
[1.696s] -- Up-to-date: /home/ash/ros2_ws/install/cipher_interfaces/lib/libcipher_interfaces__rosidl_typesupport_c.so
[1.696s] -- Up-to-date: /home/ash/ros2_ws/install/cipher_interfaces/include/cipher_interfaces/cipher_interfaces
[1.696s] -- Up-to-date: /home/ash/ros2_ws/install/cipher_interfaces/include/cipher_interfaces/cipher_interfaces/msg
[1.696s] -- Up-to-date: /home/ash/ros2_ws/install/cipher_interfaces/include/cipher_interfaces/cipher_interfaces/msg/detail
[1.696s] -- Up-to-date: /home/ash/ros2_ws/install/cipher_interfaces/include/cipher_interfaces/cipher_interfaces/msg/detail/cipher_message__traits.hpp
[1.696s] -- Up-to-date: /home/ash/ros2_ws/install/cipher_interfaces/include/cipher_interfaces/cipher_interfaces/msg/detail/cipher_message__struct.hpp
[1.696s] -- Up-to-date: /home/ash/ros2_ws/install/cipher_interfaces/include/cipher_interfaces/cipher_interfaces/msg/detail/cipher_message__builder.hpp
[1.696s] -- Up-to-date: /home/ash/ros2_ws/install/cipher_interfaces/include/cipher_interfaces/cipher_interfaces/msg/cipher_message.hpp
[1.696s] -- Up-to-date: /home/ash/ros2_ws/install/cipher_interfaces/include/cipher_interfaces/cipher_interfaces/srv
[1.696s] -- Up-to-date: /home/ash/ros2_ws/install/cipher_interfaces/include/cipher_interfaces/cipher_interfaces/srv/detail
[1.696s] -- Up-to-date: /home/ash/ros2_ws/install/cipher_interfaces/include/cipher_interfaces/cipher_interfaces/srv/detail/cipher_answer__builder.hpp
[1.696s] -- Up-to-date: /home/ash/ros2_ws/install/cipher_interfaces/include/cipher_interfaces/cipher_interfaces/srv/detail/cipher_answer__traits.hpp
[1.696s] -- Up-to-date: /home/ash/ros2_ws/install/cipher_interfaces/include/cipher_interfaces/cipher_interfaces/srv/detail/cipher_answer__struct.hpp
[1.696s] -- Up-to-date: /home/ash/ros2_ws/install/cipher_interfaces/include/cipher_interfaces/cipher_interfaces/srv/cipher_answer.hpp
[1.696s] -- Up-to-date: /home/ash/ros2_ws/install/cipher_interfaces/include/cipher_interfaces/cipher_interfaces
[1.696s] -- Up-to-date: /home/ash/ros2_ws/install/cipher_interfaces/include/cipher_interfaces/cipher_interfaces/msg
[1.696s] -- Up-to-date: /home/ash/ros2_ws/install/cipher_interfaces/include/cipher_interfaces/cipher_interfaces/msg/detail
[1.696s] -- Up-to-date: /home/ash/ros2_ws/install/cipher_interfaces/include/cipher_interfaces/cipher_interfaces/msg/detail/dds_fastrtps
[1.696s] -- Up-to-date: /home/ash/ros2_ws/install/cipher_interfaces/include/cipher_interfaces/cipher_interfaces/msg/detail/cipher_message__rosidl_typesupport_fastrtps_cpp.hpp
[1.697s] -- Up-to-date: /home/ash/ros2_ws/install/cipher_interfaces/include/cipher_interfaces/cipher_interfaces/msg/rosidl_typesupport_fastrtps_cpp__visibility_control.h
[1.697s] -- Up-to-date: /home/ash/ros2_ws/install/cipher_interfaces/include/cipher_interfaces/cipher_interfaces/srv
[1.697s] -- Up-to-date: /home/ash/ros2_ws/install/cipher_interfaces/include/cipher_interfaces/cipher_interfaces/srv/detail
[1.697s] -- Up-to-date: /home/ash/ros2_ws/install/cipher_interfaces/include/cipher_interfaces/cipher_interfaces/srv/detail/dds_fastrtps
[1.697s] -- Up-to-date: /home/ash/ros2_ws/install/cipher_interfaces/include/cipher_interfaces/cipher_interfaces/srv/detail/cipher_answer__rosidl_typesupport_fastrtps_cpp.hpp
[1.697s] -- Up-to-date: /home/ash/ros2_ws/install/cipher_interfaces/lib/libcipher_interfaces__rosidl_typesupport_fastrtps_cpp.so
[1.697s] -- Up-to-date: /home/ash/ros2_ws/install/cipher_interfaces/include/cipher_interfaces/cipher_interfaces
[1.697s] -- Up-to-date: /home/ash/ros2_ws/install/cipher_interfaces/include/cipher_interfaces/cipher_interfaces/msg
[1.697s] -- Up-to-date: /home/ash/ros2_ws/install/cipher_interfaces/include/cipher_interfaces/cipher_interfaces/msg/detail
[1.697s] -- Up-to-date: /home/ash/ros2_ws/install/cipher_interfaces/include/cipher_interfaces/cipher_interfaces/msg/detail/cipher_message__rosidl_typesupport_introspection_cpp.hpp
[1.697s] -- Up-to-date: /home/ash/ros2_ws/install/cipher_interfaces/include/cipher_interfaces/cipher_interfaces/msg/detail/cipher_message__type_support.cpp
[1.697s] -- Up-to-date: /home/ash/ros2_ws/install/cipher_interfaces/include/cipher_interfaces/cipher_interfaces/srv
[1.697s] -- Up-to-date: /home/ash/ros2_ws/install/cipher_interfaces/include/cipher_interfaces/cipher_interfaces/srv/detail
[1.697s] -- Up-to-date: /home/ash/ros2_ws/install/cipher_interfaces/include/cipher_interfaces/cipher_interfaces/srv/detail/cipher_answer__type_support.cpp
[1.697s] -- Up-to-date: /home/ash/ros2_ws/install/cipher_interfaces/include/cipher_interfaces/cipher_interfaces/srv/detail/cipher_answer__rosidl_typesupport_introspection_cpp.hpp
[1.697s] -- Up-to-date: /home/ash/ros2_ws/install/cipher_interfaces/lib/libcipher_interfaces__rosidl_typesupport_introspection_cpp.so
[1.697s] -- Up-to-date: /home/ash/ros2_ws/install/cipher_interfaces/lib/libcipher_interfaces__rosidl_typesupport_cpp.so
[1.697s] -- Up-to-date: /home/ash/ros2_ws/install/cipher_interfaces/share/cipher_interfaces/environment/pythonpath.sh
[1.697s] -- Up-to-date: /home/ash/ros2_ws/install/cipher_interfaces/share/cipher_interfaces/environment/pythonpath.dsv
[1.697s] -- Up-to-date: /home/ash/ros2_ws/install/cipher_interfaces/local/lib/python3.10/dist-packages/cipher_interfaces-0.0.0-py3.10.egg-info
[1.697s] -- Installing: /home/ash/ros2_ws/install/cipher_interfaces/local/lib/python3.10/dist-packages/cipher_interfaces-0.0.0-py3.10.egg-info/PKG-INFO
[1.697s] -- Installing: /home/ash/ros2_ws/install/cipher_interfaces/local/lib/python3.10/dist-packages/cipher_interfaces-0.0.0-py3.10.egg-info/dependency_links.txt
[1.697s] -- Installing: /home/ash/ros2_ws/install/cipher_interfaces/local/lib/python3.10/dist-packages/cipher_interfaces-0.0.0-py3.10.egg-info/top_level.txt
[1.697s] -- Installing: /home/ash/ros2_ws/install/cipher_interfaces/local/lib/python3.10/dist-packages/cipher_interfaces-0.0.0-py3.10.egg-info/SOURCES.txt
[1.697s] -- Up-to-date: /home/ash/ros2_ws/install/cipher_interfaces/local/lib/python3.10/dist-packages/cipher_interfaces
[1.697s] -- Up-to-date: /home/ash/ros2_ws/install/cipher_interfaces/local/lib/python3.10/dist-packages/cipher_interfaces/libcipher_interfaces__rosidl_generator_py.so
[1.697s] -- Up-to-date: /home/ash/ros2_ws/install/cipher_interfaces/local/lib/python3.10/dist-packages/cipher_interfaces/_cipher_interfaces_s.ep.rosidl_typesupport_fastrtps_c.c
[1.697s] -- Up-to-date: /home/ash/ros2_ws/install/cipher_interfaces/local/lib/python3.10/dist-packages/cipher_interfaces/cipher_interfaces_s__rosidl_typesupport_c.cpython-310-x86_64-linux-gnu.so
[1.697s] -- Up-to-date: /home/ash/ros2_ws/install/cipher_interfaces/local/lib/python3.10/dist-packages/cipher_interfaces/cipher_interfaces_s__rosidl_typesupport_introspection_c.cpython-310-x86_64-linux-gnu.so
[1.697s] -- Up-to-date: /home/ash/ros2_ws/install/cipher_interfaces/local/lib/python3.10/dist-packages/cipher_interfaces/msg
[1.697s] -- Up-to-date: /home/ash/ros2_ws/install/cipher_interfaces/local/lib/python3.10/dist-packages/cipher_interfaces/msg/_cipher_message_s.c
[1.697s] -- Up-to-date: /home/ash/ros2_ws/install/cipher_interfaces/local/lib/python3.10/dist-packages/cipher_interfaces/msg/_cipher_message.py
[1.697s] -- Up-to-date: /home/ash/ros2_ws/install/cipher_interfaces/local/lib/python3.10/dist-packages/cipher_interfaces/msg/__init__.py
[1.697s] -- Up-to-date: /home/ash/ros2_ws/install/cipher_interfaces/local/lib/python3.10/dist-packages/cipher_interfaces/_cipher_interfaces_s.ep.rosidl_typesupport_c.c
[1.697s] -- Up-to-date: /home/ash/ros2_ws/install/cipher_interfaces/local/lib/python3.10/dist-packages/cipher_interfaces/_cipher_interfaces_s.ep.rosidl_typesupport_introspection_c.c
[1.698s] -- Up-to-date: /home/ash/ros2_ws/install/cipher_interfaces/local/lib/python3.10/dist-packages/cipher_interfaces/cipher_interfaces_s__rosidl_typesupport_fastrtps_c.cpython-310-x86_64-linux-gnu.so
[1.698s] -- Up-to-date: /home/ash/ros2_ws/install/cipher_interfaces/local/lib/python3.10/dist-packages/cipher_interfaces/__init__.py
[1.698s] -- Up-to-date: /home/ash/ros2_ws/install/cipher_interfaces/local/lib/python3.10/dist-packages/cipher_interfaces/srv
[1.698s] -- Up-to-date: /home/ash/ros2_ws/install/cipher_interfaces/local/lib/python3.10/dist-packages/cipher_interfaces/srv/_cipher_answer.py
[1.698s] -- Up-to-date: /home/ash/ros2_ws/install/cipher_interfaces/local/lib/python3.10/dist-packages/cipher_interfaces/srv/_cipher_answer_s.c
[1.698s] -- Up-to-date: /home/ash/ros2_ws/install/cipher_interfaces/local/lib/python3.10/dist-packages/cipher_interfaces/srv/__init__.py
[1.736s] Listing '/home/ash/ros2_ws/install/cipher_interfaces/local/lib/python3.10/dist-packages/cipher_interfaces'...
[1.736s] Listing '/home/ash/ros2_ws/install/cipher_interfaces/local/lib/python3.10/dist-packages/cipher_interfaces/msg'...
[1.736s] Listing '/home/ash/ros2_ws/install/cipher_interfaces/local/lib/python3.10/dist-packages/cipher_interfaces/srv'...
[1.739s] -- Up-to-date: /home/ash/ros2_ws/install/cipher_interfaces/local/lib/python3.10/dist-packages/cipher_interfaces/cipher_interfaces_s__rosidl_typesupport_fastrtps_c.cpython-310-x86_64-linux-gnu.so
[1.740s] -- Up-to-date: /home/ash/ros2_ws/install/cipher_interfaces/local/lib/python3.10/dist-packages/cipher_interfaces/cipher_interfaces_s__rosidl_typesupport_introspection_c.cpython-310-x86_64-linux-gnu.so
[1.740s] -- Up-to-date: /home/ash/ros2_ws/install/cipher_interfaces/local/lib/python3.10/dist-packages/cipher_interfaces/cipher_interfaces_s__rosidl_typesupport_c.cpython-310-x86_64-linux-gnu.so
[1.740s] -- Up-to-date: /home/ash/ros2_ws/install/cipher_interfaces/lib/libcipher_interfaces__rosidl_generator_py.so
[1.740s] -- Up-to-date: /home/ash/ros2_ws/install/cipher_interfaces/share/cipher_interfaces/msg/CipherMessage.idl
[1.740s] -- Up-to-date: /home/ash/ros2_ws/install/cipher_interfaces/share/cipher_interfaces/srv/CipherAnswer.idl
[1.740s] -- Up-to-date: /home/ash/ros2_ws/install/cipher_interfaces/share/cipher_interfaces/msg/CipherMessage.msg
[1.740s] -- Up-to-date: /home/ash/ros2_ws/install/cipher_interfaces/share/cipher_interfaces/srv/CipherAnswer.srv
[1.740s] -- Up-to-date: /home/ash/ros2_ws/install/cipher_interfaces/share/cipher_interfaces/srv/CipherAnswer_Request.msg
[1.741s] -- Up-to-date: /home/ash/ros2_ws/install/cipher_interfaces/share/cipher_interfaces/srv/CipherAnswer_Response.msg
[1.741s] -- Up-to-date: /home/ash/ros2_ws/install/cipher_interfaces/share/ament_index/resource_index/package_run_dependencies/cipher_interfaces
[1.741s] -- Up-to-date: /home/ash/ros2_ws/install/cipher_interfaces/share/ament_index/resource_index/parent_prefix_path/cipher_interfaces
[1.741s] -- Up-to-date: /home/ash/ros2_ws/install/cipher_interfaces/share/cipher_interfaces/environment/ament_prefix_path.sh
[1.741s] -- Up-to-date: /home/ash/ros2_ws/install/cipher_interfaces/share/cipher_interfaces/environment/ament_prefix_path.dsv
[1.741s] -- Up-to-date: /home/ash/ros2_ws/install/cipher_interfaces/share/cipher_interfaces/environment/path.sh
[1.741s] -- Up-to-date: /home/ash/ros2_ws/install/cipher_interfaces/share/cipher_interfaces/environment/path.dsv
[1.741s] -- Up-to-date: /home/ash/ros2_ws/install/cipher_interfaces/share/cipher_interfaces/local_setup.bash
[1.741s] -- Up-to-date: /home/ash/ros2_ws/install/cipher_interfaces/share/cipher_interfaces/local_setup.sh
[1.741s] -- Up-to-date: /home/ash/ros2_ws/install/cipher_interfaces/share/cipher_interfaces/local_setup.zsh
[1.741s] -- Up-to-date: /home/ash/ros2_ws/install/cipher_interfaces/share/cipher_interfaces/local_setup.dsv
[1.742s] -- Installing: /home/ash/ros2_ws/install/cipher_interfaces/share/cipher_interfaces/package.dsv
[1.742s] -- Up-to-date: /home/ash/ros2_ws/install/cipher_interfaces/share/ament_index/resource_index/packages/cipher_interfaces
[1.742s] -- Up-to-date: /home/ash/ros2_ws/install/cipher_interfaces/share/cipher_interfaces/cmake/export_cipher_interfaces__rosidl_generator_cExport.cmake
[1.742s] -- Up-to-date: /home/ash/ros2_ws/install/cipher_interfaces/share/cipher_interfaces/cmake/export_cipher_interfaces__rosidl_generator_cExport-noconfig.cmake
[1.742s] -- Up-to-date: /home/ash/ros2_ws/install/cipher_interfaces/share/cipher_interfaces/cmake/export_cipher_interfaces__rosidl_typesupport_fastrtps_cExport.cmake
[1.742s] -- Up-to-date: /home/ash/ros2_ws/install/cipher_interfaces/share/cipher_interfaces/cmake/export_cipher_interfaces__rosidl_typesupport_fastrtps_cExport-noconfig.cmake
[1.742s] -- Up-to-date: /home/ash/ros2_ws/install/cipher_interfaces/share/cipher_interfaces/cmake/cipher_interfaces__rosidl_typesupport_introspection_cExport.cmake
[1.742s] -- Up-to-date: /home/ash/ros2_ws/install/cipher_interfaces/share/cipher_interfaces/cmake/cipher_interfaces__rosidl_typesupport_introspection_cExport-noconfig.cmake
[1.742s] -- Up-to-date: /home/ash/ros2_ws/install/cipher_interfaces/share/cipher_interfaces/cmake/cipher_interfaces__rosidl_typesupport_cExport.cmake
[1.742s] -- Up-to-date: /home/ash/ros2_ws/install/cipher_interfaces/share/cipher_interfaces/cmake/cipher_interfaces__rosidl_typesupport_cExport-noconfig.cmake
[1.742s] -- Up-to-date: /home/ash/ros2_ws/install/cipher_interfaces/share/cipher_interfaces/cmake/export_cipher_interfaces__rosidl_generator_cppExport.cmake
[1.742s] -- Up-to-date: /home/ash/ros2_ws/install/cipher_interfaces/share/cipher_interfaces/cmake/export_cipher_interfaces__rosidl_typesupport_fastrtps_cppExport.cmake
[1.742s] -- Up-to-date: /home/ash/ros2_ws/install/cipher_interfaces/share/cipher_interfaces/cmake/export_cipher_interfaces__rosidl_typesupport_fastrtps_cppExport-noconfig.cmake
[1.742s] -- Up-to-date: /home/ash/ros2_ws/install/cipher_interfaces/share/cipher_interfaces/cmake/cipher_interfaces__rosidl_typesupport_introspection_cppExport.cmake
[1.742s] -- Up-to-date: /home/ash/ros2_ws/install/cipher_interfaces/share/cipher_interfaces/cmake/cipher_interfaces__rosidl_typesupport_introspection_cppExport-noconfig.cmake
[1.742s] -- Up-to-date: /home/ash/ros2_ws/install/cipher_interfaces/share/cipher_interfaces/cmake/cipher_interfaces__rosidl_typesupport_cppExport.cmake
[1.742s] -- Up-to-date: /home/ash/ros2_ws/install/cipher_interfaces/share/cipher_interfaces/cmake/cipher_interfaces__rosidl_typesupport_cppExport-noconfig.cmake
[1.743s] -- Up-to-date: /home/ash/ros2_ws/install/cipher_interfaces/share/cipher_interfaces/cmake/export_cipher_interfaces__rosidl_generator_pyExport.cmake
[1.743s] -- Up-to-date: /home/ash/ros2_ws/install/cipher_interfaces/share/cipher_interfaces/cmake/export_cipher_interfaces__rosidl_generator_pyExport-noconfig.cmake
[1.743s] -- Up-to-date: /home/ash/ros2_ws/install/cipher_interfaces/share/cipher_interfaces/cmake/rosidl_cmake-extras.cmake
[1.743s] -- Up-to-date: /home/ash/ros2_ws/install/cipher_interfaces/share/cipher_interfaces/cmake/ament_cmake_export_dependencies-extras.cmake
[1.743s] -- Up-to-date: /home/ash/ros2_ws/install/cipher_interfaces/share/cipher_interfaces/cmake/ament_cmake_export_include_directories-extras.cmake
[1.743s] -- Up-to-date: /home/ash/ros2_ws/install/cipher_interfaces/share/cipher_interfaces/cmake/ament_cmake_export_libraries-extras.cmake
[1.743s] -- Up-to-date: /home/ash/ros2_ws/install/cipher_interfaces/share/cipher_interfaces/cmake/ament_cmake_export_targets-extras.cmake
[1.743s] -- Up-to-date: /home/ash/ros2_ws/install/cipher_interfaces/share/cipher_interfaces/cmake/rosidl_cmake_export_typesupport_targets-extras.cmake
[1.743s] -- Up-to-date: /home/ash/ros2_ws/install/cipher_interfaces/share/cipher_interfaces/cmake/rosidl_cmake_export_typesupport_libraries-extras.cmake
[1.743s] -- Up-to-date: /home/ash/ros2_ws/install/cipher_interfaces/share/cipher_interfaces/cmake/cipher_interfacesConfig.cmake
[1.743s] -- Up-to-date: /home/ash/ros2_ws/install/cipher_interfaces/share/cipher_interfaces/cmake/cipher_interfacesConfig-version.cmake
[1.743s] -- Up-to-date: /home/ash/ros2_ws/install/cipher_interfaces/share/cipher_interfaces/package.xml
[1.745s] Invoked command in '/home/ash/ros2_ws/build/cipher_interfaces' returned '0': CMAKE_PREFIX_PATH=/opt/ros/humble /usr/bin/cmake --install /home/ash/ros2_ws/build/cipher_interfaces
